#
# A fatal error has been detected by the Java Runtime Environment:
#
#  SIGSEGV (0xb) at pc=0xf6e233c8, pid=6112, tid=2742393664
#
# JRE version: Java(TM) SE Runtime Environment (8.0_45-b14) (build 1.8.0_45-b14)
# Java VM: Java HotSpot(TM) Server VM (25.45-b02 mixed mode linux-x86 )
# Problematic frame:
# V  [libjvm.so+0x6df3c8]  Method::checked_resolve_jmethod_id(_jmethodID*)+0x18
#
# Failed to write core dump. Core dumps have been disabled. To enable core dumping, try "ulimit -c unlimited" before starting Java again
#
# If you would like to submit a bug report, please visit:
#   http://bugreport.java.com/bugreport/crash.jsp
#

---------------  T H R E A D  ---------------

Current thread (0xa36aa000):  JavaThread "JDWP Transport Listener: dt_socket" daemon [_thread_in_vm, id=6136, stack(0xa3709000,0xa375a000)]

siginfo: si_signo: 11 (SIGSEGV), si_code: 1 (SEGV_MAPERR), si_addr: 0x00000005

Registers:
EAX=0x00000005, EBX=0xf71074b0, ECX=0x00000000, EDX=0xf6502cc8
ESP=0xa3758f60, EBP=0xa3758f68, ESI=0xa3758f8c, EDI=0x00000005
EIP=0xf6e233c8, EFLAGS=0x00010206, CR2=0x00000005

Top of Stack: (sp=0xa3758f60)
0xa3758f60:   a3758f8c f71074b0 a3758fa8 f6cddafc
0xa3758f70:   00000005 a36aa000 a36aa000 a36aa000
0xa3758f80:   a1236284 a36aa000 00000063 a36aa000
0xa3758f90:   00000000 00000000 00000000 f667e170
0xa3758fa0:   f667eac0 a375900b a3758fc8 f666f718
0xa3758fb0:   f6502cc8 00000005 a375900b f667e170
0xa3758fc0:   00000005 00000009 a3759018 f664d7ca
0xa3758fd0:   00000005 a375900b a3758ff8 a3758ff4 

Instructions: (pc=0xf6e233c8)
0xf6e233a8:   00 00 8d bf 00 00 00 00 55 89 e5 53 83 ec 04 8b
0xf6e233b8:   45 08 85 c0 75 0a 31 db 89 d8 8b 5d fc c9 c3 90
0xf6e233c8:   8b 18 85 db 74 f0 83 fb 37 74 eb 83 ec 0c 8b 03
0xf6e233d8:   53 ff 50 08 83 c4 10 84 c0 75 dd eb d9 90 8d 76 

Register to memory mapping:

EAX=0x00000005 is an unknown value
EBX=0xf71074b0: <offset 0x9c34b0> in /home/vk/Downloads/jdk1.8.0_45/jre/lib/i386/server/libjvm.so at 0xf6744000
ECX=0x00000000 is an unknown value
EDX=0xf6502cc8 is an unknown value
ESP=0xa3758f60 is pointing into the stack for thread: 0xa36aa000
EBP=0xa3758f68 is pointing into the stack for thread: 0xa36aa000
ESI=0xa3758f8c is pointing into the stack for thread: 0xa36aa000
EDI=0x00000005 is an unknown value


Stack: [0xa3709000,0xa375a000],  sp=0xa3758f60,  free space=319k
Native frames: (J=compiled Java code, j=interpreted, Vv=VM code, C=native code)
V  [libjvm.so+0x6df3c8]  Method::checked_resolve_jmethod_id(_jmethodID*)+0x18
V  [libjvm.so+0x599afc]  jvmti_IsMethodSynthetic+0x29c
C  [libjdwp.so+0x28718]  isMethodSynthetic+0x48
C  [libjdwp.so+0x67ca]  methods1+0x1ba
C  [libjdwp.so+0x128f3]  debugLoop_run+0x303
C  [libjdwp.so+0x274df]  connectionInitiated+0xbf
C  [libjdwp.so+0x27520]  attachThread+0x30
V  [libjvm.so+0x5fbb31]  JvmtiAgentThread::call_start_function()+0xc1
V  [libjvm.so+0x876229]  JavaThread::thread_main_inner()+0x109
V  [libjvm.so+0x8763ab]  JavaThread::run()+0x14b
V  [libjvm.so+0x749049]  java_start(Thread*)+0x119
C  [libpthread.so.0+0x6f70]  start_thread+0xd0
C  [libc.so.6+0xebbee]  clone+0x5e


---------------  P R O C E S S  ---------------

Java Threads: ( => current thread )
  0xa2ee8000 JavaThread "JavaFX-Launcher" [_thread_blocked, id=6150, stack(0xa13ab000,0xa13fc000)]
  0xa2edfc00 JavaThread "JavaFX Application Thread" [_thread_blocked, id=6149, stack(0xa1695000,0xa16e6000)]
  0xa2ebe000 JavaThread "Thread-1" daemon [_thread_blocked, id=6148, stack(0xa16e6000,0xa1737000)]
  0xa2e7e400 JavaThread "QuantumRenderer-0" daemon [_thread_blocked, id=6146, stack(0xa2f1a000,0xa2f6b000)]
  0xa36b6400 JavaThread "Service Thread" daemon [_thread_blocked, id=6143, stack(0xa318a000,0xa31db000)]
  0xa36b2800 JavaThread "C1 CompilerThread2" daemon [_thread_blocked, id=6142, stack(0xa31db000,0xa325c000)]
  0xa36b1000 JavaThread "C2 CompilerThread1" daemon [_thread_blocked, id=6141, stack(0xa325c000,0xa32dd000)]
  0xa36af400 JavaThread "C2 CompilerThread0" daemon [_thread_blocked, id=6140, stack(0xa32dd000,0xa335e000)]
  0xa3400800 JavaThread "JDWP Command Reader" daemon [_thread_in_native, id=6138, stack(0xa335e000,0xa33af000)]
  0xa36ad800 JavaThread "JDWP Event Helper Thread" daemon [_thread_blocked, id=6137, stack(0xa33af000,0xa3400000)]
=>0xa36aa000 JavaThread "JDWP Transport Listener: dt_socket" daemon [_thread_in_vm, id=6136, stack(0xa3709000,0xa375a000)]
  0xa36a1c00 JavaThread "Signal Dispatcher" daemon [_thread_blocked, id=6134, stack(0xa632e000,0xa637f000)]
  0xa3685400 JavaThread "Finalizer" daemon [_thread_blocked, id=6127, stack(0xa652e000,0xa657f000)]
  0xa3683c00 JavaThread "Reference Handler" daemon [_thread_blocked, id=6126, stack(0xa672e000,0xa677f000)]
  0xf6509c00 JavaThread "main" [_thread_blocked, id=6114, stack(0xf66ad000,0xf66fe000)]

Other Threads:
  0xa3680c00 VMThread [stack: 0xa375a000,0xa37db000] [id=6123]
  0xa36b9000 WatcherThread [stack: 0xa3109000,0xa318a000] [id=6144]

VM state:not at safepoint (normal execution)

VM Mutex/Monitor currently owned by a thread: None

Heap:
 PSYoungGen      total 19200K, used 13255K [0xd16c0000, 0xd2c00000, 0xe6c00000)
  eden space 16640K, 79% used [0xd16c0000,0xd23b1d20,0xd2700000)
  from space 2560K, 0% used [0xd2980000,0xd2980000,0xd2c00000)
  to   space 2560K, 0% used [0xd2700000,0xd2700000,0xd2980000)
 ParOldGen       total 43776K, used 0K [0xa6c00000, 0xa96c0000, 0xd16c0000)
  object space 43776K, 0% used [0xa6c00000,0xa6c00000,0xa96c0000)
 Metaspace       used 5258K, capacity 5576K, committed 5656K, reserved 6448K

Card table byte_map: [0xa69ff000,0xa6c00000] byte_map_base: 0xa64c9000

Marking Bits: (ParMarkBitMap*) 0xf7134960
 Begin Bits: [0xa4200000, 0xa5200000)
 End Bits:   [0xa5200000, 0xa6200000)

Polling page: 0xf7743000

CodeCache: size=245760Kb used=1896Kb max_used=1901Kb free=243863Kb
 bounds [0xe7183000, 0xe73c3000, 0xf6183000]
 total_blobs=899 nmethods=616 adapters=206
 compilation: enabled

Compilation events (10 events):
Event: 1,175 Thread 0xa36b2800  609       3       java.lang.Math::random (7 bytes)
Event: 1,175 Thread 0xa36b2800 nmethod 609 0xe735dd48 code [0xe735dea0, 0xe735e058]
Event: 1,175 Thread 0xa36b2800  610       3       java.util.Random::nextDouble (24 bytes)
Event: 1,175 Thread 0xa36b2800 nmethod 610 0xe735d9c8 code [0xe735db20, 0xe735dc98]
Event: 1,175 Thread 0xa36b2800  611       3       java.util.ArrayList$Itr::hasNext (20 bytes)
Event: 1,175 Thread 0xa36b2800 nmethod 611 0xe735d6c8 code [0xe735d7e0, 0xe735d920]
Event: 1,175 Thread 0xa36b2800  612       3       java.util.ArrayList$Itr::next (66 bytes)
Event: 1,176 Thread 0xa36b2800 nmethod 612 0xe735ce88 code [0xe735d000, 0xe735d3c4]
Event: 1,176 Thread 0xa36b2800  613       3       java.util.ArrayList$Itr::checkForComodification (23 bytes)
Event: 1,176 Thread 0xa36b2800 nmethod 613 0xe735cb08 code [0xe735cc40, 0xe735cdac]

GC Heap History (0 events):
No events

Deoptimization events (3 events):
Event: 1,059 Thread 0xa2edfc00 Uncommon trap: reason=unstable_if action=reinterpret pc=0xe72cb42c method=java.lang.String.indexOf([CII[CIII)I @ 134
Event: 1,059 Thread 0xa2edfc00 Uncommon trap: reason=unstable_if action=reinterpret pc=0xe72a8c3c method=java.lang.String.replace(CC)Ljava/lang/String; @ 2
Event: 1,132 Thread 0xa2edfc00 Uncommon trap: reason=unstable_if action=reinterpret pc=0xe733a8f8 method=java.util.HashMap.getNode(ILjava/lang/Object;)Ljava/util/HashMap$Node; @ 84

Internal exceptions (10 events):
Event: 0,050 Thread 0xf6509c00 Exception <a 'java/lang/NoSuchMethodError': Method sun.misc.Unsafe.prefetchRead(Ljava/lang/Object;J)V name or signature does not match> (0xd16d0678) thrown at [/HUDSON/workspace/8-2-build-linux-i586/jdk8u45/3457/hotspot/src/share/vm/prims/jni.cpp, line 39
Event: 0,438 Thread 0xf6509c00 Exception <a 'java/lang/NoSuchFieldError': method resolution failed> (0xd194bae8) thrown at [/HUDSON/workspace/8-2-build-linux-i586/jdk8u45/3457/hotspot/src/share/vm/prims/methodHandles.cpp, line 1125]
Event: 0,458 Thread 0xf6509c00 Exception <a 'java/lang/NoSuchFieldError': method resolution failed> (0xd1958c68) thrown at [/HUDSON/workspace/8-2-build-linux-i586/jdk8u45/3457/hotspot/src/share/vm/prims/methodHandles.cpp, line 1125]
Event: 0,497 Thread 0xf6509c00 Exception <a 'java/security/PrivilegedActionException'> (0xd19d4cb8) thrown at [/HUDSON/workspace/8-2-build-linux-i586/jdk8u45/3457/hotspot/src/share/vm/prims/jvm.cpp, line 1382]
Event: 0,497 Thread 0xf6509c00 Exception <a 'java/security/PrivilegedActionException'> (0xd19d4e68) thrown at [/HUDSON/workspace/8-2-build-linux-i586/jdk8u45/3457/hotspot/src/share/vm/prims/jvm.cpp, line 1382]
Event: 0,498 Thread 0xf6509c00 Exception <a 'java/security/PrivilegedActionException'> (0xd19d7138) thrown at [/HUDSON/workspace/8-2-build-linux-i586/jdk8u45/3457/hotspot/src/share/vm/prims/jvm.cpp, line 1382]
Event: 0,498 Thread 0xf6509c00 Exception <a 'java/security/PrivilegedActionException'> (0xd19d72e8) thrown at [/HUDSON/workspace/8-2-build-linux-i586/jdk8u45/3457/hotspot/src/share/vm/prims/jvm.cpp, line 1382]
Event: 0,499 Thread 0xf6509c00 Exception <a 'java/lang/NullPointerException'> (0xd19d7800) thrown at [/HUDSON/workspace/8-2-build-linux-i586/jdk8u45/3457/hotspot/src/share/vm/interpreter/linkResolver.cpp, line 1178]
Event: 1,020 Thread 0xa2edfc00 Exception <a 'java/lang/NullPointerException'> (0xd20f43c0) thrown at [/HUDSON/workspace/8-2-build-linux-i586/jdk8u45/3457/hotspot/src/share/vm/interpreter/linkResolver.cpp, line 1178]
Event: 1,020 Thread 0xa2edfc00 Exception <a 'java/lang/NullPointerException'> (0xd20f43c0) thrown at [/HUDSON/workspace/8-2-build-linux-i586/jdk8u45/3457/hotspot/src/share/vm/prims/jvm.cpp, line 1386]

Events (10 events):
Event: 3961,969 Executing VM operation: ChangeBreakpoints
Event: 3961,970 Executing VM operation: ChangeBreakpoints done
Event: 3965,726 Executing VM operation: ChangeBreakpoints
Event: 3965,726 Executing VM operation: ChangeBreakpoints done
Event: 3965,730 Executing VM operation: ChangeBreakpoints
Event: 3965,731 Executing VM operation: ChangeBreakpoints done
Event: 3982,281 Executing VM operation: ChangeBreakpoints
Event: 3982,281 Executing VM operation: ChangeBreakpoints done
Event: 3994,615 Executing VM operation: RedefineClasses
Event: 3994,620 Executing VM operation: RedefineClasses done


Dynamic libraries:
08048000-08049000 r-xp 00000000 08:05 2107442                            /home/vk/Downloads/jdk1.8.0_45/bin/java
08049000-0804a000 rw-p 00000000 08:05 2107442                            /home/vk/Downloads/jdk1.8.0_45/bin/java
098a9000-098ca000 rw-p 00000000 00:00 0                                  [heap]
9f3fb000-a0300000 rw-p 00000000 00:00 0 
a0300000-a0400000 rw-p 00000000 00:00 0 
a0700000-a0800000 rw-p 00000000 00:00 0 
a0cb0000-a0f00000 rw-p 00000000 00:00 0 
a0f00000-a0f21000 rw-p 00000000 00:00 0 
a0f21000-a1000000 ---p 00000000 00:00 0 
a1000000-a1040000 rw-p 00000000 00:00 0 
a1040000-a1100000 ---p 00000000 00:00 0 
a1100000-a1200000 rw-p 00000000 00:00 0 
a1200000-a1253000 rw-p 00000000 00:00 0 
a1253000-a1300000 ---p 00000000 00:00 0 
a13ab000-a13ae000 ---p 00000000 00:00 0 
a13ae000-a1695000 rw-p 00000000 00:00 0                                  [stack:6150]
a1695000-a1698000 ---p 00000000 00:00 0 
a1698000-a16e6000 rw-p 00000000 00:00 0                                  [stack:6149]
a16e6000-a16e9000 ---p 00000000 00:00 0 
a16e9000-a1737000 rw-p 00000000 00:00 0                                  [stack:6148]
a1737000-a176c000 r-xp 00000000 08:05 3540342                            /usr/lib/i386-linux-gnu/gtk-2.0/2.10.0/engines/libmurrine.so
a176c000-a176d000 r--p 00034000 08:05 3540342                            /usr/lib/i386-linux-gnu/gtk-2.0/2.10.0/engines/libmurrine.so
a176d000-a176e000 rw-p 00035000 08:05 3540342                            /usr/lib/i386-linux-gnu/gtk-2.0/2.10.0/engines/libmurrine.so
a176e000-a1796000 r-xp 00000000 08:05 3943464                            /home/vk/Downloads/jdk1.8.0_45/jre/lib/i386/libglass.so
a1796000-a1797000 r--p 00027000 08:05 3943464                            /home/vk/Downloads/jdk1.8.0_45/jre/lib/i386/libglass.so
a1797000-a1798000 rw-p 00028000 08:05 3943464                            /home/vk/Downloads/jdk1.8.0_45/jre/lib/i386/libglass.so
a1798000-a17a1000 r-xp 00000000 08:05 3413959                            /usr/lib/i386-linux-gnu/libpciaccess.so.0.11.1
a17a1000-a17a2000 r--p 00008000 08:05 3413959                            /usr/lib/i386-linux-gnu/libpciaccess.so.0.11.1
a17a2000-a17a3000 rw-p 00009000 08:05 3413959                            /usr/lib/i386-linux-gnu/libpciaccess.so.0.11.1
a17a3000-a17af000 r-xp 00000000 08:05 3411756                            /usr/lib/i386-linux-gnu/libdrm_radeon.so.1.0.1
a17af000-a17b0000 r--p 0000b000 08:05 3411756                            /usr/lib/i386-linux-gnu/libdrm_radeon.so.1.0.1
a17b0000-a17b1000 rw-p 0000c000 08:05 3411756                            /usr/lib/i386-linux-gnu/libdrm_radeon.so.1.0.1
a17b1000-a17b7000 r-xp 00000000 08:05 3411752                            /usr/lib/i386-linux-gnu/libdrm_nouveau.so.2.0.0
a17b7000-a17b8000 r--p 00005000 08:05 3411752                            /usr/lib/i386-linux-gnu/libdrm_nouveau.so.2.0.0
a17b8000-a17b9000 rw-p 00006000 08:05 3411752                            /usr/lib/i386-linux-gnu/libdrm_nouveau.so.2.0.0
a17b9000-a17da000 r-xp 00000000 08:05 3410982                            /usr/lib/i386-linux-gnu/libdrm_intel.so.1.0.0
a17da000-a17db000 r--p 00020000 08:05 3410982                            /usr/lib/i386-linux-gnu/libdrm_intel.so.1.0.0
a17db000-a17dc000 rw-p 00021000 08:05 3410982                            /usr/lib/i386-linux-gnu/libdrm_intel.so.1.0.0
a17dc000-a1d01000 r-xp 00000000 08:05 3539264                            /usr/lib/i386-linux-gnu/dri/i965_dri.so
a1d01000-a1d0e000 r--p 00524000 08:05 3539264                            /usr/lib/i386-linux-gnu/dri/i965_dri.so
a1d0e000-a1d16000 rw-p 00531000 08:05 3539264                            /usr/lib/i386-linux-gnu/dri/i965_dri.so
a1d16000-a1d4f000 rw-p 00000000 00:00 0 
a1d4f000-a1d98000 r-xp 00000000 08:05 394286                             /lib/i386-linux-gnu/libdbus-1.so.3.7.6
a1d98000-a1d99000 r--p 00048000 08:05 394286                             /lib/i386-linux-gnu/libdbus-1.so.3.7.6
a1d99000-a1d9a000 rw-p 00049000 08:05 394286                             /lib/i386-linux-gnu/libdbus-1.so.3.7.6
a1d9a000-a1da2000 r-xp 00000000 08:05 394264                             /lib/i386-linux-gnu/libnih-dbus.so.1.0.0
a1da2000-a1da3000 r--p 00007000 08:05 394264                             /lib/i386-linux-gnu/libnih-dbus.so.1.0.0
a1da3000-a1da4000 rw-p 00008000 08:05 394264                             /lib/i386-linux-gnu/libnih-dbus.so.1.0.0
a1da4000-a1dbb000 r-xp 00000000 08:05 394266                             /lib/i386-linux-gnu/libnih.so.1.0.0
a1dbb000-a1dbc000 r--p 00016000 08:05 394266                             /lib/i386-linux-gnu/libnih.so.1.0.0
a1dbc000-a1dbd000 rw-p 00017000 08:05 394266                             /lib/i386-linux-gnu/libnih.so.1.0.0
a1dbd000-a1dd9000 r-xp 00000000 08:05 393498                             /lib/i386-linux-gnu/libcgmanager.so.0.0.0
a1dd9000-a1dda000 r--p 0001b000 08:05 393498                             /lib/i386-linux-gnu/libcgmanager.so.0.0.0
a1dda000-a1ddb000 rw-p 0001c000 08:05 393498                             /lib/i386-linux-gnu/libcgmanager.so.0.0.0
a1ddb000-a1dec000 r-xp 00000000 08:05 393554                             /lib/i386-linux-gnu/libudev.so.1.3.5
a1dec000-a1ded000 r--p 00010000 08:05 393554                             /lib/i386-linux-gnu/libudev.so.1.3.5
a1ded000-a1dee000 rw-p 00011000 08:05 393554                             /lib/i386-linux-gnu/libudev.so.1.3.5
a1dee000-a1df5000 r-xp 00000000 08:05 3413711                            /usr/lib/i386-linux-gnu/libdatrie.so.1.3.1
a1df5000-a1df6000 r--p 00006000 08:05 3413711                            /usr/lib/i386-linux-gnu/libdatrie.so.1.3.1
a1df6000-a1df7000 rw-p 00007000 08:05 3413711                            /usr/lib/i386-linux-gnu/libdatrie.so.1.3.1
a1df7000-a1dfc000 r-xp 00000000 08:05 3413625                            /usr/lib/i386-linux-gnu/libXdmcp.so.6.0.0
a1dfc000-a1dfd000 r--p 00004000 08:05 3413625                            /usr/lib/i386-linux-gnu/libXdmcp.so.6.0.0
a1dfd000-a1dfe000 rw-p 00005000 08:05 3413625                            /usr/lib/i386-linux-gnu/libXdmcp.so.6.0.0
a1dfe000-a1e00000 r-xp 00000000 08:05 3413612                            /usr/lib/i386-linux-gnu/libXau.so.6.0.0
a1e00000-a1e01000 r--p 00001000 08:05 3413612                            /usr/lib/i386-linux-gnu/libXau.so.6.0.0
a1e01000-a1e02000 rw-p 00002000 08:05 3413612                            /usr/lib/i386-linux-gnu/libXau.so.6.0.0
a1e02000-a1e1c000 r-xp 00000000 08:05 3413786                            /usr/lib/i386-linux-gnu/libgraphite2.so.3.0.1
a1e1c000-a1e1d000 r--p 00019000 08:05 3413786                            /usr/lib/i386-linux-gnu/libgraphite2.so.3.0.1
a1e1d000-a1e1e000 rw-p 0001a000 08:05 3413786                            /usr/lib/i386-linux-gnu/libgraphite2.so.3.0.1
a1e1e000-a1e2a000 r-xp 00000000 08:05 3411740                            /usr/lib/i386-linux-gnu/libdrm.so.2.4.0
a1e2a000-a1e2b000 r--p 0000b000 08:05 3411740                            /usr/lib/i386-linux-gnu/libdrm.so.2.4.0
a1e2b000-a1e2c000 rw-p 0000c000 08:05 3411740                            /usr/lib/i386-linux-gnu/libdrm.so.2.4.0
a1e2c000-a1e31000 r-xp 00000000 08:05 3414070                            /usr/lib/i386-linux-gnu/libxcb-sync.so.1.0.0
a1e31000-a1e32000 r--p 00004000 08:05 3414070                            /usr/lib/i386-linux-gnu/libxcb-sync.so.1.0.0
a1e32000-a1e33000 rw-p 00005000 08:05 3414070                            /usr/lib/i386-linux-gnu/libxcb-sync.so.1.0.0
a1e33000-a1e35000 r-xp 00000000 08:05 3414064                            /usr/lib/i386-linux-gnu/libxcb-present.so.0.0.0
a1e35000-a1e36000 r--p 00001000 08:05 3414064                            /usr/lib/i386-linux-gnu/libxcb-present.so.0.0.0
a1e36000-a1e37000 rw-p 00002000 08:05 3414064                            /usr/lib/i386-linux-gnu/libxcb-present.so.0.0.0
a1e37000-a1e39000 r-xp 00000000 08:05 3414060                            /usr/lib/i386-linux-gnu/libxcb-dri3.so.0.0.0
a1e39000-a1e3a000 r--p 00001000 08:05 3414060                            /usr/lib/i386-linux-gnu/libxcb-dri3.so.0.0.0
a1e3a000-a1e3b000 rw-p 00002000 08:05 3414060                            /usr/lib/i386-linux-gnu/libxcb-dri3.so.0.0.0
a1e3b000-a1e3f000 r-xp 00000000 08:05 3414058                            /usr/lib/i386-linux-gnu/libxcb-dri2.so.0.0.0
a1e3f000-a1e40000 r--p 00003000 08:05 3414058                            /usr/lib/i386-linux-gnu/libxcb-dri2.so.0.0.0
a1e40000-a1e41000 rw-p 00004000 08:05 3414058                            /usr/lib/i386-linux-gnu/libxcb-dri2.so.0.0.0
a1e41000-a1e57000 r-xp 00000000 08:05 3414062                            /usr/lib/i386-linux-gnu/libxcb-glx.so.0.0.0
a1e57000-a1e58000 r--p 00016000 08:05 3414062                            /usr/lib/i386-linux-gnu/libxcb-glx.so.0.0.0
a1e58000-a1e59000 rw-p 00017000 08:05 3414062                            /usr/lib/i386-linux-gnu/libxcb-glx.so.0.0.0
a1e59000-a1e69000 r-xp 00000000 08:05 3413750                            /usr/lib/i386-linux-gnu/libglapi.so.0.0.0
a1e69000-a1e6b000 r--p 0000f000 08:05 3413750                            /usr/lib/i386-linux-gnu/libglapi.so.0.0.0
a1e6b000-a1e70000 rwxp 00011000 08:05 3413750                            /usr/lib/i386-linux-gnu/libglapi.so.0.0.0
a1e70000-a1e71000 rwxp 00000000 00:00 0 
a1e71000-a1ead000 r-xp 00000000 08:05 394283                             /lib/i386-linux-gnu/libpcre.so.3.13.1
a1ead000-a1eae000 r--p 0003b000 08:05 394283                             /lib/i386-linux-gnu/libpcre.so.3.13.1
a1eae000-a1eaf000 rw-p 0003c000 08:05 394283                             /lib/i386-linux-gnu/libpcre.so.3.13.1
a1eaf000-a1eb4000 r-xp 00000000 08:05 3413736                            /usr/lib/i386-linux-gnu/libffi.so.6.0.1
a1eb4000-a1eb5000 r--p 00005000 08:05 3413736                            /usr/lib/i386-linux-gnu/libffi.so.6.0.1
a1eb5000-a1eb6000 rw-p 00006000 08:05 3413736                            /usr/lib/i386-linux-gnu/libffi.so.6.0.1
a1eb6000-a1edb000 r-xp 00000000 08:05 394240                             /lib/i386-linux-gnu/libexpat.so.1.6.0
a1edb000-a1edc000 ---p 00025000 08:05 394240                             /lib/i386-linux-gnu/libexpat.so.1.6.0
a1edc000-a1ede000 r--p 00025000 08:05 394240                             /lib/i386-linux-gnu/libexpat.so.1.6.0
a1ede000-a1edf000 rw-p 00027000 08:05 394240                             /lib/i386-linux-gnu/libexpat.so.1.6.0
a1edf000-a1ee7000 r-xp 00000000 08:05 3414021                            /usr/lib/i386-linux-gnu/libthai.so.0.2.0
a1ee7000-a1ee8000 r--p 00007000 08:05 3414021                            /usr/lib/i386-linux-gnu/libthai.so.0.2.0
a1ee8000-a1ee9000 rw-p 00008000 08:05 3414021                            /usr/lib/i386-linux-gnu/libthai.so.0.2.0
a1ee9000-a1f09000 r-xp 00000000 08:05 3414072                            /usr/lib/i386-linux-gnu/libxcb.so.1.1.0
a1f09000-a1f0a000 r--p 0001f000 08:05 3414072                            /usr/lib/i386-linux-gnu/libxcb.so.1.1.0
a1f0a000-a1f0b000 rw-p 00020000 08:05 3414072                            /usr/lib/i386-linux-gnu/libxcb.so.1.1.0
a1f0b000-a1f13000 r-xp 00000000 08:05 3414066                            /usr/lib/i386-linux-gnu/libxcb-render.so.0.0.0
a1f13000-a1f14000 r--p 00008000 08:05 3414066                            /usr/lib/i386-linux-gnu/libxcb-render.so.0.0.0
a1f14000-a1f15000 rw-p 00009000 08:05 3414066                            /usr/lib/i386-linux-gnu/libxcb-render.so.0.0.0
a1f15000-a1f17000 r-xp 00000000 08:05 3414068                            /usr/lib/i386-linux-gnu/libxcb-shm.so.0.0.0
a1f17000-a1f18000 r--p 00001000 08:05 3414068                            /usr/lib/i386-linux-gnu/libxcb-shm.so.0.0.0
a1f18000-a1f19000 rw-p 00002000 08:05 3414068                            /usr/lib/i386-linux-gnu/libxcb-shm.so.0.0.0
a1f19000-a1f3f000 r-xp 00000000 08:05 394285                             /lib/i386-linux-gnu/libpng12.so.0.50.0
a1f3f000-a1f40000 r--p 00025000 08:05 394285                             /lib/i386-linux-gnu/libpng12.so.0.50.0
a1f40000-a1f41000 rw-p 00026000 08:05 394285                             /lib/i386-linux-gnu/libpng12.so.0.50.0
a1f41000-a1fe5000 r-xp 00000000 08:05 3413963                            /usr/lib/i386-linux-gnu/libpixman-1.so.0.30.2
a1fe5000-a1fea000 r--p 000a4000 08:05 3413963                            /usr/lib/i386-linux-gnu/libpixman-1.so.0.30.2
a1fea000-a1feb000 rw-p 000a9000 08:05 3413963                            /usr/lib/i386-linux-gnu/libpixman-1.so.0.30.2
a1feb000-a203f000 r-xp 00000000 08:05 3413874                            /usr/lib/i386-linux-gnu/libharfbuzz.so.0.927.0
a203f000-a2040000 r--p 00054000 08:05 3413874                            /usr/lib/i386-linux-gnu/libharfbuzz.so.0.927.0
a2040000-a2041000 rw-p 00055000 08:05 3413874                            /usr/lib/i386-linux-gnu/libharfbuzz.so.0.927.0
a2041000-a2054000 r-xp 00000000 08:05 393404                             /lib/i386-linux-gnu/libresolv-2.19.so
a2054000-a2055000 ---p 00013000 08:05 393404                             /lib/i386-linux-gnu/libresolv-2.19.so
a2055000-a2056000 r--p 00013000 08:05 393404                             /lib/i386-linux-gnu/libresolv-2.19.so
a2056000-a2057000 rw-p 00014000 08:05 393404                             /lib/i386-linux-gnu/libresolv-2.19.so
a2057000-a2059000 rw-p 00000000 00:00 0 
a2059000-a2079000 r-xp 00000000 08:05 394294                             /lib/i386-linux-gnu/libselinux.so.1
a2079000-a207a000 r--p 0001f000 08:05 394294                             /lib/i386-linux-gnu/libselinux.so.1
a207a000-a207b000 rw-p 00020000 08:05 394294                             /lib/i386-linux-gnu/libselinux.so.1
a207b000-a207c000 rw-p 00000000 00:00 0 
a207c000-a2094000 r-xp 00000000 08:05 394314                             /lib/i386-linux-gnu/libz.so.1.2.8
a2094000-a2095000 r--p 00017000 08:05 394314                             /lib/i386-linux-gnu/libz.so.1.2.8
a2095000-a2096000 rw-p 00018000 08:05 394314                             /lib/i386-linux-gnu/libz.so.1.2.8
a2096000-a20a7000 r-xp 00000000 08:05 3412307                            /usr/lib/i386-linux-gnu/libXext.so.6.4.0
a20a7000-a20a8000 r--p 00010000 08:05 3412307                            /usr/lib/i386-linux-gnu/libXext.so.6.4.0
a20a8000-a20a9000 rw-p 00011000 08:05 3412307                            /usr/lib/i386-linux-gnu/libXext.so.6.4.0
a20a9000-a20ab000 r-xp 00000000 08:05 3413623                            /usr/lib/i386-linux-gnu/libXdamage.so.1.1.0
a20ab000-a20ac000 r--p 00001000 08:05 3413623                            /usr/lib/i386-linux-gnu/libXdamage.so.1.1.0
a20ac000-a20ad000 rw-p 00002000 08:05 3413623                            /usr/lib/i386-linux-gnu/libXdamage.so.1.1.0
a20ad000-a20af000 r-xp 00000000 08:05 3413619                            /usr/lib/i386-linux-gnu/libXcomposite.so.1.0.0
a20af000-a20b0000 r--p 00001000 08:05 3413619                            /usr/lib/i386-linux-gnu/libXcomposite.so.1.0.0
a20b0000-a20b1000 rw-p 00002000 08:05 3413619                            /usr/lib/i386-linux-gnu/libXcomposite.so.1.0.0
a20b1000-a20ba000 r-xp 00000000 08:05 3413621                            /usr/lib/i386-linux-gnu/libXcursor.so.1.0.2
a20ba000-a20bb000 r--p 00008000 08:05 3413621                            /usr/lib/i386-linux-gnu/libXcursor.so.1.0.2
a20bb000-a20bc000 rw-p 00009000 08:05 3413621                            /usr/lib/i386-linux-gnu/libXcursor.so.1.0.2
a20bc000-a20c5000 r-xp 00000000 08:05 3413643                            /usr/lib/i386-linux-gnu/libXrandr.so.2.2.0
a20c5000-a20c6000 r--p 00008000 08:05 3413643                            /usr/lib/i386-linux-gnu/libXrandr.so.2.2.0
a20c6000-a20c7000 rw-p 00009000 08:05 3413643                            /usr/lib/i386-linux-gnu/libXrandr.so.2.2.0
a20c7000-a20d5000 r-xp 00000000 08:05 3413703                            /usr/lib/i386-linux-gnu/libXi.so.6.1.0
a20d5000-a20d6000 r--p 0000e000 08:05 3413703                            /usr/lib/i386-linux-gnu/libXi.so.6.1.0
a20d6000-a20d7000 rw-p 0000f000 08:05 3413703                            /usr/lib/i386-linux-gnu/libXi.so.6.1.0
a20d7000-a20d9000 r-xp 00000000 08:05 3413635                            /usr/lib/i386-linux-gnu/libXinerama.so.1.0.0
a20d9000-a20da000 r--p 00001000 08:05 3413635                            /usr/lib/i386-linux-gnu/libXinerama.so.1.0.0
a20da000-a20db000 rw-p 00002000 08:05 3413635                            /usr/lib/i386-linux-gnu/libXinerama.so.1.0.0
a20db000-a20f7000 r-xp 00000000 08:05 394241                             /lib/i386-linux-gnu/libgcc_s.so.1
a20f7000-a20f8000 rw-p 0001b000 08:05 394241                             /lib/i386-linux-gnu/libgcc_s.so.1
a20f8000-a21d4000 r-xp 00000000 08:05 3413209                            /usr/lib/i386-linux-gnu/libstdc++.so.6.0.19
a21d4000-a21d8000 r--p 000dc000 08:05 3413209                            /usr/lib/i386-linux-gnu/libstdc++.so.6.0.19
a21d8000-a21d9000 rw-p 000e0000 08:05 3413209                            /usr/lib/i386-linux-gnu/libstdc++.so.6.0.19
a21d9000-a21e0000 rw-p 00000000 00:00 0 
a21e0000-a2239000 r-xp 00000000 08:05 3540014                            /usr/lib/i386-linux-gnu/mesa/libGL.so.1.2.0
a2239000-a223b000 r--p 00058000 08:05 3540014                            /usr/lib/i386-linux-gnu/mesa/libGL.so.1.2.0
a223b000-a2240000 rwxp 0005a000 08:05 3540014                            /usr/lib/i386-linux-gnu/mesa/libGL.so.1.2.0
a2240000-a2370000 r-xp 00000000 08:05 3413610                            /usr/lib/i386-linux-gnu/libX11.so.6.3.0
a2370000-a2371000 r--p 00130000 08:05 3413610                            /usr/lib/i386-linux-gnu/libX11.so.6.3.0
a2371000-a2373000 rw-p 00131000 08:05 3413610                            /usr/lib/i386-linux-gnu/libX11.so.6.3.0
a2373000-a2374000 rw-p 00000000 00:00 0 
a2374000-a247e000 r-xp 00000000 08:05 394245                             /lib/i386-linux-gnu/libglib-2.0.so.0.4002.0
a247e000-a247f000 r--p 00109000 08:05 394245                             /lib/i386-linux-gnu/libglib-2.0.so.0.4002.0
a247f000-a2480000 rw-p 0010a000 08:05 394245                             /lib/i386-linux-gnu/libglib-2.0.so.0.4002.0
a2480000-a24d0000 r-xp 00000000 08:05 3413778                            /usr/lib/i386-linux-gnu/libgobject-2.0.so.0.4002.0
a24d0000-a24d1000 r--p 0004f000 08:05 3413778                            /usr/lib/i386-linux-gnu/libgobject-2.0.so.0.4002.0
a24d1000-a24d2000 rw-p 00050000 08:05 3413778                            /usr/lib/i386-linux-gnu/libgobject-2.0.so.0.4002.0
a24d2000-a250b000 r-xp 00000000 08:05 3413740                            /usr/lib/i386-linux-gnu/libfontconfig.so.1.8.0
a250b000-a250c000 r--p 00039000 08:05 3413740                            /usr/lib/i386-linux-gnu/libfontconfig.so.1.8.0
a250c000-a250d000 rw-p 0003a000 08:05 3413740                            /usr/lib/i386-linux-gnu/libfontconfig.so.1.8.0
a250d000-a25a8000 r-xp 00000000 08:05 3411686                            /usr/lib/i386-linux-gnu/libfreetype.so.6.11.1
a25a8000-a25ac000 r--p 0009a000 08:05 3411686                            /usr/lib/i386-linux-gnu/libfreetype.so.6.11.1
a25ac000-a25ad000 rw-p 0009e000 08:05 3411686                            /usr/lib/i386-linux-gnu/libfreetype.so.6.11.1
a25ad000-a25f7000 r-xp 00000000 08:05 3413949                            /usr/lib/i386-linux-gnu/libpango-1.0.so.0.3600.3
a25f7000-a25f8000 ---p 0004a000 08:05 3413949                            /usr/lib/i386-linux-gnu/libpango-1.0.so.0.3600.3
a25f8000-a25f9000 r--p 0004a000 08:05 3413949                            /usr/lib/i386-linux-gnu/libpango-1.0.so.0.3600.3
a25f9000-a25fa000 rw-p 0004b000 08:05 3413949                            /usr/lib/i386-linux-gnu/libpango-1.0.so.0.3600.3
a25fa000-a2719000 r-xp 00000000 08:05 3411931                            /usr/lib/i386-linux-gnu/libcairo.so.2.11301.0
a2719000-a271b000 r--p 0011e000 08:05 3411931                            /usr/lib/i386-linux-gnu/libcairo.so.2.11301.0
a271b000-a271c000 rw-p 00120000 08:05 3411931                            /usr/lib/i386-linux-gnu/libcairo.so.2.11301.0
a271c000-a271d000 rw-p 00000000 00:00 0 
a271d000-a273e000 r-xp 00000000 08:05 3413762                            /usr/lib/i386-linux-gnu/libgdk_pixbuf-2.0.so.0.3000.7
a273e000-a273f000 r--p 00020000 08:05 3413762                            /usr/lib/i386-linux-gnu/libgdk_pixbuf-2.0.so.0.3000.7
a273f000-a2740000 rw-p 00021000 08:05 3413762                            /usr/lib/i386-linux-gnu/libgdk_pixbuf-2.0.so.0.3000.7
a2740000-a28bd000 r-xp 00000000 08:05 3413768                            /usr/lib/i386-linux-gnu/libgio-2.0.so.0.4002.0
a28bd000-a28bf000 r--p 0017d000 08:05 3413768                            /usr/lib/i386-linux-gnu/libgio-2.0.so.0.4002.0
a28bf000-a28c0000 rw-p 0017f000 08:05 3413768                            /usr/lib/i386-linux-gnu/libgio-2.0.so.0.4002.0
a28c0000-a28c1000 rw-p 00000000 00:00 0 
a28c1000-a28df000 r-xp 00000000 08:05 3413667                            /usr/lib/i386-linux-gnu/libatk-1.0.so.0.21009.1
a28df000-a28e1000 r--p 0001d000 08:05 3413667                            /usr/lib/i386-linux-gnu/libatk-1.0.so.0.21009.1
a28e1000-a28e2000 rw-p 0001f000 08:05 3413667                            /usr/lib/i386-linux-gnu/libatk-1.0.so.0.21009.1
a28e2000-a298d000 r-xp 00000000 08:05 3412350                            /usr/lib/i386-linux-gnu/libgdk-x11-2.0.so.0.2400.23
a298d000-a298e000 ---p 000ab000 08:05 3412350                            /usr/lib/i386-linux-gnu/libgdk-x11-2.0.so.0.2400.23
a298e000-a2990000 r--p 000ab000 08:05 3412350                            /usr/lib/i386-linux-gnu/libgdk-x11-2.0.so.0.2400.23
a2990000-a2991000 rw-p 000ad000 08:05 3412350                            /usr/lib/i386-linux-gnu/libgdk-x11-2.0.so.0.2400.23
a2991000-a2df8000 r-xp 00000000 08:05 3412348                            /usr/lib/i386-linux-gnu/libgtk-x11-2.0.so.0.2400.23
a2df8000-a2dfc000 r--p 00466000 08:05 3412348                            /usr/lib/i386-linux-gnu/libgtk-x11-2.0.so.0.2400.23
a2dfc000-a2dfe000 rw-p 0046a000 08:05 3412348                            /usr/lib/i386-linux-gnu/libgtk-x11-2.0.so.0.2400.23
a2dfe000-a2e00000 rw-p 00000000 00:00 0 
a2e00000-a2f00000 rw-p 00000000 00:00 0 
a2f02000-a2f0b000 r-xp 00000000 08:05 3412278                            /usr/lib/i386-linux-gnu/libXrender.so.1.3.0
a2f0b000-a2f0c000 r--p 00008000 08:05 3412278                            /usr/lib/i386-linux-gnu/libXrender.so.1.3.0
a2f0c000-a2f0d000 rw-p 00009000 08:05 3412278                            /usr/lib/i386-linux-gnu/libXrender.so.1.3.0
a2f0d000-a2f18000 r-xp 00000000 08:05 3413951                            /usr/lib/i386-linux-gnu/libpangocairo-1.0.so.0.3600.3
a2f18000-a2f19000 r--p 0000a000 08:05 3413951                            /usr/lib/i386-linux-gnu/libpangocairo-1.0.so.0.3600.3
a2f19000-a2f1a000 rw-p 0000b000 08:05 3413951                            /usr/lib/i386-linux-gnu/libpangocairo-1.0.so.0.3600.3
a2f1a000-a2f1d000 ---p 00000000 00:00 0 
a2f1d000-a2f6b000 rw-p 00000000 00:00 0                                  [stack:6146]
a2f6b000-a3000000 r--s 010fa000 08:05 4075790                            /home/vk/Downloads/jdk1.8.0_45/jre/lib/ext/jfxrt.jar
a3000000-a30fc000 rw-p 00000000 00:00 0 
a30fc000-a3100000 ---p 00000000 00:00 0 
a3100000-a3101000 r-xp 00000000 08:05 3414076                            /usr/lib/i386-linux-gnu/libxshmfence.so.1.0.0
a3101000-a3102000 r--p 00000000 08:05 3414076                            /usr/lib/i386-linux-gnu/libxshmfence.so.1.0.0
a3102000-a3103000 rw-p 00001000 08:05 3414076                            /usr/lib/i386-linux-gnu/libxshmfence.so.1.0.0
a3103000-a3107000 r-xp 00000000 08:05 3413746                            /usr/lib/i386-linux-gnu/libXfixes.so.3.1.0
a3107000-a3108000 r--p 00003000 08:05 3413746                            /usr/lib/i386-linux-gnu/libXfixes.so.3.1.0
a3108000-a3109000 rw-p 00004000 08:05 3413746                            /usr/lib/i386-linux-gnu/libXfixes.so.3.1.0
a3109000-a310a000 ---p 00000000 00:00 0 
a310a000-a318a000 rw-p 00000000 00:00 0                                  [stack:6144]
a318a000-a318d000 ---p 00000000 00:00 0 
a318d000-a31db000 rw-p 00000000 00:00 0                                  [stack:6143]
a31db000-a31de000 ---p 00000000 00:00 0 
a31de000-a325c000 rw-p 00000000 00:00 0                                  [stack:6142]
a325c000-a325f000 ---p 00000000 00:00 0 
a325f000-a32dd000 rw-p 00000000 00:00 0                                  [stack:6141]
a32dd000-a32e0000 ---p 00000000 00:00 0 
a32e0000-a335e000 rw-p 00000000 00:00 0                                  [stack:6140]
a335e000-a3361000 ---p 00000000 00:00 0 
a3361000-a33af000 rw-p 00000000 00:00 0                                  [stack:6138]
a33af000-a33b2000 ---p 00000000 00:00 0 
a33b2000-a3400000 rw-p 00000000 00:00 0                                  [stack:6137]
a3400000-a34f8000 rw-p 00000000 00:00 0 
a34f8000-a3500000 ---p 00000000 00:00 0 
a3500000-a3521000 rw-p 00000000 00:00 0 
a3521000-a3600000 ---p 00000000 00:00 0 
a3600000-a36fe000 rw-p 00000000 00:00 0 
a36fe000-a3700000 ---p 00000000 00:00 0 
a3700000-a3701000 r-xp 00000000 08:05 3413608                            /usr/lib/i386-linux-gnu/libX11-xcb.so.1.0.0
a3701000-a3702000 r--p 00000000 08:05 3413608                            /usr/lib/i386-linux-gnu/libX11-xcb.so.1.0.0
a3702000-a3703000 rw-p 00001000 08:05 3413608                            /usr/lib/i386-linux-gnu/libX11-xcb.so.1.0.0
a3703000-a3707000 r-xp 00000000 08:05 3413655                            /usr/lib/i386-linux-gnu/libXxf86vm.so.1.0.0
a3707000-a3708000 r--p 00004000 08:05 3413655                            /usr/lib/i386-linux-gnu/libXxf86vm.so.1.0.0
a3708000-a3709000 rw-p 00005000 08:05 3413655                            /usr/lib/i386-linux-gnu/libXxf86vm.so.1.0.0
a3709000-a370c000 ---p 00000000 00:00 0 
a370c000-a375a000 rw-p 00000000 00:00 0                                  [stack:6136]
a375a000-a375b000 ---p 00000000 00:00 0 
a375b000-a37db000 rw-p 00000000 00:00 0                                  [stack:6123]
a37db000-a39b4000 r--s 03d09000 08:05 3290510                            /home/vk/Downloads/jdk1.8.0_45/jre/lib/rt.jar
a39b4000-a3dfa000 rw-p 00000000 00:00 0 
a3dfa000-a3e00000 ---p 00000000 00:00 0 
a3e00000-a6200000 rw-p 00000000 00:00 0 
a6200000-a6221000 rw-p 00000000 00:00 0 
a6221000-a6300000 ---p 00000000 00:00 0 
a6300000-a6305000 r-xp 00000000 08:05 3413651                            /usr/lib/i386-linux-gnu/libXtst.so.6.1.0
a6305000-a6306000 r--p 00004000 08:05 3413651                            /usr/lib/i386-linux-gnu/libXtst.so.6.1.0
a6306000-a6307000 rw-p 00005000 08:05 3413651                            /usr/lib/i386-linux-gnu/libXtst.so.6.1.0
a6307000-a630a000 r-xp 00000000 08:05 3413772                            /usr/lib/i386-linux-gnu/libgmodule-2.0.so.0.4002.0
a630a000-a630b000 r--p 00002000 08:05 3413772                            /usr/lib/i386-linux-gnu/libgmodule-2.0.so.0.4002.0
a630b000-a630c000 rw-p 00003000 08:05 3413772                            /usr/lib/i386-linux-gnu/libgmodule-2.0.so.0.4002.0
a6323000-a632c000 r-xp 00000000 08:05 3539939                            /usr/lib/i386-linux-gnu/gtk-2.0/2.10.0/engines/libpixmap.so
a632c000-a632d000 r--p 00008000 08:05 3539939                            /usr/lib/i386-linux-gnu/gtk-2.0/2.10.0/engines/libpixmap.so
a632d000-a632e000 rw-p 00009000 08:05 3539939                            /usr/lib/i386-linux-gnu/gtk-2.0/2.10.0/engines/libpixmap.so
a632e000-a6331000 ---p 00000000 00:00 0 
a6331000-a637f000 rw-p 00000000 00:00 0                                  [stack:6134]
a637f000-a6380000 ---p 00000000 00:00 0 
a6380000-a6400000 rw-p 00000000 00:00 0                                  [stack:6121]
a6400000-a64a6000 rw-p 00000000 00:00 0 
a64a6000-a6500000 ---p 00000000 00:00 0 
a6500000-a6501000 rw-p 00000000 00:00 0 
a6501000-a6515000 r-xp 00000000 08:05 3413953                            /usr/lib/i386-linux-gnu/libpangoft2-1.0.so.0.3600.3
a6515000-a6516000 r--p 00013000 08:05 3413953                            /usr/lib/i386-linux-gnu/libpangoft2-1.0.so.0.3600.3
a6516000-a6517000 rw-p 00014000 08:05 3413953                            /usr/lib/i386-linux-gnu/libpangoft2-1.0.so.0.3600.3
a6517000-a6522000 r-xp 00000000 08:05 3943428                            /home/vk/Downloads/jdk1.8.0_45/jre/lib/i386/libprism_es2.so
a6522000-a6523000 r--p 0000a000 08:05 3943428                            /home/vk/Downloads/jdk1.8.0_45/jre/lib/i386/libprism_es2.so
a6523000-a6524000 rw-p 0000b000 08:05 3943428                            /home/vk/Downloads/jdk1.8.0_45/jre/lib/i386/libprism_es2.so
a6524000-a6529000 r--s 00094000 08:05 3290514                            /home/vk/Downloads/jdk1.8.0_45/jre/lib/jsse.jar
a6529000-a652e000 r--s 00083000 08:05 3290460                            /home/vk/Downloads/jdk1.8.0_45/jre/lib/jfr.jar
a652e000-a6531000 ---p 00000000 00:00 0 
a6531000-a657f000 rw-p 00000000 00:00 0                                  [stack:6127]
a657f000-a6580000 ---p 00000000 00:00 0 
a6580000-a6600000 rw-p 00000000 00:00 0                                  [stack:6120]
a6600000-a66bd000 rw-p 00000000 00:00 0 
a66bd000-a6700000 ---p 00000000 00:00 0 
a6700000-a6701000 rw-p 00000000 00:00 0 
a6701000-a6714000 r--s 000d6000 08:05 3290445                            /home/vk/Downloads/jdk1.8.0_45/jre/lib/plugin.jar
a6714000-a672e000 r--s 001f3000 08:05 3290450                            /home/vk/Downloads/jdk1.8.0_45/jre/lib/deploy.jar
a672e000-a6731000 ---p 00000000 00:00 0 
a6731000-a677f000 rw-p 00000000 00:00 0                                  [stack:6126]
a677f000-a6780000 ---p 00000000 00:00 0 
a6780000-a6800000 rw-p 00000000 00:00 0                                  [stack:6119]
a6800000-a687a000 rw-p 00000000 00:00 0 
a687a000-a6900000 ---p 00000000 00:00 0 
a6900000-a6901000 r-xp 00000000 08:05 3413866                            /usr/lib/i386-linux-gnu/libgthread-2.0.so.0.4002.0
a6901000-a6902000 r--p 00000000 08:05 3413866                            /usr/lib/i386-linux-gnu/libgthread-2.0.so.0.4002.0
a6902000-a6903000 rw-p 00001000 08:05 3413866                            /usr/lib/i386-linux-gnu/libgthread-2.0.so.0.4002.0
a6903000-a690d000 r--s 00069000 08:05 3290478                            /home/vk/Downloads/jdk1.8.0_45/jre/lib/javaws.jar
a690d000-a6910000 r--s 0001a000 08:05 3290475                            /home/vk/Downloads/jdk1.8.0_45/jre/lib/jce.jar
a6910000-a6923000 r--s 00344000 08:05 3290497                            /home/vk/Downloads/jdk1.8.0_45/jre/lib/resources.jar
a6923000-a697e000 rw-p 00000000 00:00 0 
a697e000-a697f000 ---p 00000000 00:00 0 
a697f000-a6a15000 rw-p 00000000 00:00 0                                  [stack:6118]
a6a15000-a6b54000 ---p 00000000 00:00 0 
a6b54000-a6b5f000 rw-p 00000000 00:00 0 
a6b5f000-a6bff000 ---p 00000000 00:00 0 
a6bff000-a96c0000 rw-p 00000000 00:00 0 
a96c0000-d16c0000 ---p 00000000 00:00 0 
d16c0000-d2c00000 rw-p 00000000 00:00 0 
d2c00000-e6c00000 ---p 00000000 00:00 0 
e6c00000-e6c01000 rw-p 00000000 00:00 0 
e6c01000-e6c06000 r--s 002f8000 08:05 3290481                            /home/vk/Downloads/jdk1.8.0_45/jre/lib/charsets.jar
e6c06000-e6c83000 rw-p 00000000 00:00 0 
e6c83000-e6dc3000 ---p 00000000 00:00 0 
e6dc3000-e6dcc000 rw-p 00000000 00:00 0 
e6dcc000-e7183000 ---p 00000000 00:00 0 
e7183000-e73c3000 rwxp 00000000 00:00 0 
e73c3000-f6183000 ---p 00000000 00:00 0 
f6183000-f618e000 r-xp 00000000 08:05 393406                             /lib/i386-linux-gnu/libnss_files-2.19.so
f618e000-f618f000 r--p 0000a000 08:05 393406                             /lib/i386-linux-gnu/libnss_files-2.19.so
f618f000-f6190000 rw-p 0000b000 08:05 393406                             /lib/i386-linux-gnu/libnss_files-2.19.so
f6190000-f6300000 r--p 002c8000 08:05 3414305                            /usr/lib/locale/locale-archive
f6300000-f6500000 r--p 00000000 08:05 3414305                            /usr/lib/locale/locale-archive
f6500000-f65fe000 rw-p 00000000 00:00 0 
f65fe000-f6600000 ---p 00000000 00:00 0 
f6600000-f660a000 r-xp 00000000 08:05 393392                             /lib/i386-linux-gnu/libnss_nis-2.19.so
f660a000-f660b000 r--p 00009000 08:05 393392                             /lib/i386-linux-gnu/libnss_nis-2.19.so
f660b000-f660c000 rw-p 0000a000 08:05 393392                             /lib/i386-linux-gnu/libnss_nis-2.19.so
f660c000-f6621000 r-xp 00000000 08:05 393393                             /lib/i386-linux-gnu/libnsl-2.19.so
f6621000-f6622000 r--p 00015000 08:05 393393                             /lib/i386-linux-gnu/libnsl-2.19.so
f6622000-f6623000 rw-p 00016000 08:05 393393                             /lib/i386-linux-gnu/libnsl-2.19.so
f6623000-f6625000 rw-p 00000000 00:00 0 
f6625000-f663e000 r-xp 00000000 08:05 3943470                            /home/vk/Downloads/jdk1.8.0_45/jre/lib/i386/libzip.so
f663e000-f663f000 rw-p 00018000 08:05 3943470                            /home/vk/Downloads/jdk1.8.0_45/jre/lib/i386/libzip.so
f663f000-f6647000 rw-s 00000000 08:05 3290760                            /tmp/hsperfdata_vk/6112
f6647000-f667e000 r-xp 00000000 08:05 3943460                            /home/vk/Downloads/jdk1.8.0_45/jre/lib/i386/libjdwp.so
f667e000-f667f000 rw-p 00037000 08:05 3943460                            /home/vk/Downloads/jdk1.8.0_45/jre/lib/i386/libjdwp.so
f667f000-f66a3000 r-xp 00000000 08:05 3943465                            /home/vk/Downloads/jdk1.8.0_45/jre/lib/i386/libjava.so
f66a3000-f66a4000 rw-p 00023000 08:05 3943465                            /home/vk/Downloads/jdk1.8.0_45/jre/lib/i386/libjava.so
f66a4000-f66ab000 r-xp 00000000 08:05 393407                             /lib/i386-linux-gnu/librt-2.19.so
f66ab000-f66ac000 r--p 00006000 08:05 393407                             /lib/i386-linux-gnu/librt-2.19.so
f66ac000-f66ad000 rw-p 00007000 08:05 393407                             /lib/i386-linux-gnu/librt-2.19.so
f66ad000-f66b0000 ---p 00000000 00:00 0 
f66b0000-f66fe000 rw-p 00000000 00:00 0                                  [stack:6114]
f66fe000-f6742000 r-xp 00000000 08:05 393397                             /lib/i386-linux-gnu/libm-2.19.so
f6742000-f6743000 r--p 00043000 08:05 393397                             /lib/i386-linux-gnu/libm-2.19.so
f6743000-f6744000 rw-p 00044000 08:05 393397                             /lib/i386-linux-gnu/libm-2.19.so
f6744000-f70b7000 r-xp 00000000 08:05 3943452                            /home/vk/Downloads/jdk1.8.0_45/jre/lib/i386/server/libjvm.so
f70b7000-f7123000 rw-p 00972000 08:05 3943452                            /home/vk/Downloads/jdk1.8.0_45/jre/lib/i386/server/libjvm.so
f7123000-f7549000 rw-p 00000000 00:00 0 
f7549000-f76f1000 r-xp 00000000 08:05 393389                             /lib/i386-linux-gnu/libc-2.19.so
f76f1000-f76f3000 r--p 001a8000 08:05 393389                             /lib/i386-linux-gnu/libc-2.19.so
f76f3000-f76f4000 rw-p 001aa000 08:05 393389                             /lib/i386-linux-gnu/libc-2.19.so
f76f4000-f76f7000 rw-p 00000000 00:00 0 
f76f7000-f76fa000 r-xp 00000000 08:05 393390                             /lib/i386-linux-gnu/libdl-2.19.so
f76fa000-f76fb000 r--p 00002000 08:05 393390                             /lib/i386-linux-gnu/libdl-2.19.so
f76fb000-f76fc000 rw-p 00003000 08:05 393390                             /lib/i386-linux-gnu/libdl-2.19.so
f76fc000-f7710000 r-xp 00000000 08:05 1718170                            /home/vk/Downloads/jdk1.8.0_45/lib/i386/jli/libjli.so
f7710000-f7711000 rw-p 00014000 08:05 1718170                            /home/vk/Downloads/jdk1.8.0_45/lib/i386/jli/libjli.so
f7711000-f7712000 rw-p 00000000 00:00 0 
f7712000-f772a000 r-xp 00000000 08:05 393402                             /lib/i386-linux-gnu/libpthread-2.19.so
f772a000-f772b000 r--p 00018000 08:05 393402                             /lib/i386-linux-gnu/libpthread-2.19.so
f772b000-f772c000 rw-p 00019000 08:05 393402                             /lib/i386-linux-gnu/libpthread-2.19.so
f772c000-f772e000 rw-p 00000000 00:00 0 
f772e000-f772f000 r--s 00000000 08:05 3290476                            /home/vk/Downloads/jdk1.8.0_45/jre/lib/management-agent.jar
f772f000-f7731000 r--s 00007000 08:05 3290473                            /home/vk/Downloads/jdk1.8.0_45/jre/lib/jfxswt.jar
f7731000-f7734000 r-xp 00000000 08:05 3943431                            /home/vk/Downloads/jdk1.8.0_45/jre/lib/i386/libdt_socket.so
f7734000-f7735000 rw-p 00003000 08:05 3943431                            /home/vk/Downloads/jdk1.8.0_45/jre/lib/i386/libdt_socket.so
f7735000-f773c000 r-xp 00000000 08:05 393398                             /lib/i386-linux-gnu/libnss_compat-2.19.so
f773c000-f773d000 r--p 00006000 08:05 393398                             /lib/i386-linux-gnu/libnss_compat-2.19.so
f773d000-f773e000 rw-p 00007000 08:05 393398                             /lib/i386-linux-gnu/libnss_compat-2.19.so
f773e000-f773f000 r--p 002c5000 08:05 3414305                            /usr/lib/locale/locale-archive
f773f000-f7741000 r-xp 00000000 08:05 3943445                            /home/vk/Downloads/jdk1.8.0_45/jre/lib/i386/libnpt.so
f7741000-f7742000 rw-p 00001000 08:05 3943445                            /home/vk/Downloads/jdk1.8.0_45/jre/lib/i386/libnpt.so
f7742000-f7743000 rw-p 00000000 00:00 0 
f7743000-f7744000 r--p 00000000 00:00 0 
f7744000-f774f000 r-xp 00000000 08:05 3943418                            /home/vk/Downloads/jdk1.8.0_45/jre/lib/i386/libverify.so
f774f000-f7750000 rw-p 0000b000 08:05 3943418                            /home/vk/Downloads/jdk1.8.0_45/jre/lib/i386/libverify.so
f7750000-f7752000 rw-p 00000000 00:00 0 
f7752000-f7753000 r-xp 00000000 00:00 0                                  [vdso]
f7753000-f7773000 r-xp 00000000 08:05 393391                             /lib/i386-linux-gnu/ld-2.19.so
f7773000-f7774000 r--p 0001f000 08:05 393391                             /lib/i386-linux-gnu/ld-2.19.so
f7774000-f7775000 rw-p 00020000 08:05 393391                             /lib/i386-linux-gnu/ld-2.19.so
ffd93000-ffd94000 rwxp 00000000 00:00 0 
ffdc6000-ffde7000 rw-p 00000000 00:00 0                                  [stack]

VM Arguments:
jvm_args: -agentlib:jdwp=transport=dt_socket,address=127.0.0.1:45274,suspend=y,server=n -Dfile.encoding=UTF-8 
java_command: sample.Main
java_class_path (initial): /home/vk/Downloads/jdk1.8.0_45/jre/lib/resources.jar:/home/vk/Downloads/jdk1.8.0_45/jre/lib/charsets.jar:/home/vk/Downloads/jdk1.8.0_45/jre/lib/jfxswt.jar:/home/vk/Downloads/jdk1.8.0_45/jre/lib/management-agent.jar:/home/vk/Downloads/jdk1.8.0_45/jre/lib/jce.jar:/home/vk/Downloads/jdk1.8.0_45/jre/lib/deploy.jar:/home/vk/Downloads/jdk1.8.0_45/jre/lib/rt.jar:/home/vk/Downloads/jdk1.8.0_45/jre/lib/plugin.jar:/home/vk/Downloads/jdk1.8.0_45/jre/lib/javaws.jar:/home/vk/Downloads/jdk1.8.0_45/jre/lib/jfr.jar:/home/vk/Downloads/jdk1.8.0_45/jre/lib/jsse.jar:/home/vk/Downloads/jdk1.8.0_45/jre/lib/ext/nashorn.jar:/home/vk/Downloads/jdk1.8.0_45/jre/lib/ext/localedata.jar:/home/vk/Downloads/jdk1.8.0_45/jre/lib/ext/dnsns.jar:/home/vk/Downloads/jdk1.8.0_45/jre/lib/ext/sunec.jar:/home/vk/Downloads/jdk1.8.0_45/jre/lib/ext/jfxrt.jar:/home/vk/Downloads/jdk1.8.0_45/jre/lib/ext/zipfs.jar:/home/vk/Downloads/jdk1.8.0_45/jre/lib/ext/sunjce_provider.jar:/home/vk/Downloads/jdk1.8.0_45/jre/lib/ext/cldrdata.jar:/home/vk/Downloads/jdk1.8.0_45/jre/lib/ext/sunpkcs11.jar:/home/vk/Dropbox/NAAI/out/production/NAAI:/home/vk/IDEs/idea-IU-139.1117.1/lib/idea_rt.jar
Launcher Type: SUN_STANDARD

Environment Variables:
CLASSPATH=/home/vk/IDEs/idea-IU-139.1117.1/bin/../lib/bootstrap.jar:/home/vk/IDEs/idea-IU-139.1117.1/bin/../lib/extensions.jar:/home/vk/IDEs/idea-IU-139.1117.1/bin/../lib/util.jar:/home/vk/IDEs/idea-IU-139.1117.1/bin/../lib/jdom.jar:/home/vk/IDEs/idea-IU-139.1117.1/bin/../lib/log4j.jar:/home/vk/IDEs/idea-IU-139.1117.1/bin/../lib/trove4j.jar:/home/vk/IDEs/idea-IU-139.1117.1/bin/../lib/jna.jar:/usr/lib/jvm/java-7-openjdk-amd64/lib/tools.jar
PATH=/usr/local/sbin:/usr/local/bin:/usr/sbin:/usr/bin:/sbin:/bin:/usr/games:/usr/local/games
USERNAME=vk
LD_LIBRARY_PATH=/home/vk/IDEs/idea-IU-139.1117.1/bin:
SHELL=/bin/bash
DISPLAY=:0.0

Signal Handlers:
SIGSEGV: [libjvm.so+0x8c29a0], sa_mask[0]=11111111011111111101111111111110, sa_flags=SA_RESTART|SA_SIGINFO
SIGBUS: [libjvm.so+0x8c29a0], sa_mask[0]=11111111011111111101111111111110, sa_flags=SA_RESTART|SA_SIGINFO
SIGFPE: [libjvm.so+0x7432d0], sa_mask[0]=11111111011111111101111111111110, sa_flags=SA_RESTART|SA_SIGINFO
SIGPIPE: SIG_IGN, sa_mask[0]=00000000000010000000000000000000, sa_flags=SA_RESTART
SIGXFSZ: [libjvm.so+0x7432d0], sa_mask[0]=11111111011111111101111111111110, sa_flags=SA_RESTART|SA_SIGINFO
SIGILL: [libjvm.so+0x7432d0], sa_mask[0]=11111111011111111101111111111110, sa_flags=SA_RESTART|SA_SIGINFO
SIGUSR1: SIG_DFL, sa_mask[0]=00000000000000000000000000000000, sa_flags=none
SIGUSR2: [libjvm.so+0x744860], sa_mask[0]=00100000000000000000000000000000, sa_flags=SA_RESTART|SA_SIGINFO
SIGHUP: [libjvm.so+0x745d10], sa_mask[0]=11111111011111111101111111111110, sa_flags=SA_RESTART|SA_SIGINFO
SIGINT: [libjvm.so+0x745d10], sa_mask[0]=11111111011111111101111111111110, sa_flags=SA_RESTART|SA_SIGINFO
SIGTERM: [libjvm.so+0x745d10], sa_mask[0]=11111111011111111101111111111110, sa_flags=SA_RESTART|SA_SIGINFO
SIGQUIT: [libjvm.so+0x745d10], sa_mask[0]=11111111011111111101111111111110, sa_flags=SA_RESTART|SA_SIGINFO


---------------  S Y S T E M  ---------------

OS:DISTRIB_ID=LinuxMint
DISTRIB_RELEASE=17.1
DISTRIB_CODENAME=rebecca
DISTRIB_DESCRIPTION="Linux Mint 17.1 Rebecca"

uname:Linux 3.13.0-37-generic #64-Ubuntu SMP Mon Sep 22 21:28:38 UTC 2014 x86_64
libc:glibc 2.19 NPTL 2.19 
rlimit: STACK 8192k, CORE 0k, NPROC 62006, NOFILE 4096, AS infinity
load average:1,00 0,62 0,47

/proc/meminfo:
MemTotal:        7967976 kB
MemFree:         2814232 kB
Buffers:          241724 kB
Cached:          1865720 kB
SwapCached:            0 kB
Active:          3339956 kB
Inactive:        1509628 kB
Active(anon):    2743960 kB
Inactive(anon):   457868 kB
Active(file):     595996 kB
Inactive(file):  1051760 kB
Unevictable:          68 kB
Mlocked:              68 kB
SwapTotal:       8177660 kB
SwapFree:        8177660 kB
Dirty:             21188 kB
Writeback:             0 kB
AnonPages:       2742160 kB
Mapped:           496516 kB
Shmem:            459692 kB
Slab:             178672 kB
SReclaimable:     145228 kB
SUnreclaim:        33444 kB
KernelStack:        6192 kB
PageTables:        43072 kB
NFS_Unstable:          0 kB
Bounce:                0 kB
WritebackTmp:          0 kB
CommitLimit:    12161648 kB
Committed_AS:    8486200 kB
VmallocTotal:   34359738367 kB
VmallocUsed:      553352 kB
VmallocChunk:   34359179292 kB
HardwareCorrupted:     0 kB
AnonHugePages:   1288192 kB
HugePages_Total:       0
HugePages_Free:        0
HugePages_Rsvd:        0
HugePages_Surp:        0
Hugepagesize:       2048 kB
DirectMap4k:       84024 kB
DirectMap2M:     8095744 kB


CPU:total 4 (2 cores per cpu, 2 threads per core) family 6 model 37 stepping 5, cmov, cx8, fxsr, mmx, sse, sse2, sse3, ssse3, sse4.1, sse4.2, popcnt, aes, clmul, ht, tsc, tscinvbit

/proc/cpuinfo:
processor	: 0
vendor_id	: GenuineIntel
cpu family	: 6
model		: 37
model name	: Intel(R) Core(TM) i5 CPU       M 560  @ 2.67GHz
stepping	: 5
microcode	: 0x2
cpu MHz		: 2667.000
cache size	: 3072 KB
physical id	: 0
siblings	: 4
core id		: 0
cpu cores	: 2
apicid		: 0
initial apicid	: 0
fpu		: yes
fpu_exception	: yes
cpuid level	: 11
wp		: yes
flags		: fpu vme de pse tsc msr pae mce cx8 apic sep mtrr pge mca cmov pat pse36 clflush dts acpi mmx fxsr sse sse2 ss ht tm pbe syscall nx rdtscp lm constant_tsc arch_perfmon pebs bts rep_good nopl xtopology nonstop_tsc aperfmperf pni pclmulqdq dtes64 monitor ds_cpl vmx smx est tm2 ssse3 cx16 xtpr pdcm pcid sse4_1 sse4_2 popcnt aes lahf_lm ida arat dtherm tpr_shadow vnmi flexpriority ept vpid
bogomips	: 5319.85
clflush size	: 64
cache_alignment	: 64
address sizes	: 36 bits physical, 48 bits virtual
power management:

processor	: 1
vendor_id	: GenuineIntel
cpu family	: 6
model		: 37
model name	: Intel(R) Core(TM) i5 CPU       M 560  @ 2.67GHz
stepping	: 5
microcode	: 0x2
cpu MHz		: 2667.000
cache size	: 3072 KB
physical id	: 0
siblings	: 4
core id		: 0
cpu cores	: 2
apicid		: 1
initial apicid	: 1
fpu		: yes
fpu_exception	: yes
cpuid level	: 11
wp		: yes
flags		: fpu vme de pse tsc msr pae mce cx8 apic sep mtrr pge mca cmov pat pse36 clflush dts acpi mmx fxsr sse sse2 ss ht tm pbe syscall nx rdtscp lm constant_tsc arch_perfmon pebs bts rep_good nopl xtopology nonstop_tsc aperfmperf pni pclmulqdq dtes64 monitor ds_cpl vmx smx est tm2 ssse3 cx16 xtpr pdcm pcid sse4_1 sse4_2 popcnt aes lahf_lm ida arat dtherm tpr_shadow vnmi flexpriority ept vpid
bogomips	: 5319.85
clflush size	: 64
cache_alignment	: 64
address sizes	: 36 bits physical, 48 bits virtual
power management:

processor	: 2
vendor_id	: GenuineIntel
cpu family	: 6
model		: 37
model name	: Intel(R) Core(TM) i5 CPU       M 560  @ 2.67GHz
stepping	: 5
microcode	: 0x2
cpu MHz		: 1333.000
cache size	: 3072 KB
physical id	: 0
siblings	: 4
core id		: 2
cpu cores	: 2
apicid		: 4
initial apicid	: 4
fpu		: yes
fpu_exception	: yes
cpuid level	: 11
wp		: yes
flags		: fpu vme de pse tsc msr pae mce cx8 apic sep mtrr pge mca cmov pat pse36 clflush dts acpi mmx fxsr sse sse2 ss ht tm pbe syscall nx rdtscp lm constant_tsc arch_perfmon pebs bts rep_good nopl xtopology nonstop_tsc aperfmperf pni pclmulqdq dtes64 monitor ds_cpl vmx smx est tm2 ssse3 cx16 xtpr pdcm pcid sse4_1 sse4_2 popcnt aes lahf_lm ida arat dtherm tpr_shadow vnmi flexpriority ept vpid
bogomips	: 5319.85
clflush size	: 64
cache_alignment	: 64
address sizes	: 36 bits physical, 48 bits virtual
power management:

processor	: 3
vendor_id	: GenuineIntel
cpu family	: 6
model		: 37
model name	: Intel(R) Core(TM) i5 CPU       M 560  @ 2.67GHz
stepping	: 5
microcode	: 0x2
cpu MHz		: 1199.000
cache size	: 3072 KB
physical id	: 0
siblings	: 4
core id		: 2
cpu cores	: 2
apicid		: 5
initial apicid	: 5
fpu		: yes
fpu_exception	: yes
cpuid level	: 11
wp		: yes
flags		: fpu vme de pse tsc msr pae mce cx8 apic sep mtrr pge mca cmov pat pse36 clflush dts acpi mmx fxsr sse sse2 ss ht tm pbe syscall nx rdtscp lm constant_tsc arch_perfmon pebs bts rep_good nopl xtopology nonstop_tsc aperfmperf pni pclmulqdq dtes64 monitor ds_cpl vmx smx est tm2 ssse3 cx16 xtpr pdcm pcid sse4_1 sse4_2 popcnt aes lahf_lm ida arat dtherm tpr_shadow vnmi flexpriority ept vpid
bogomips	: 5319.85
clflush size	: 64
cache_alignment	: 64
address sizes	: 36 bits physical, 48 bits virtual
power management:



Memory: 4k page, physical 7967976k(2814232k free), swap 8177660k(8177660k free)

vm_info: Java HotSpot(TM) Server VM (25.45-b02) for linux-x86 JRE (1.8.0_45-b14), built on Apr 10 2015 10:38:30 by "java_re" with gcc 4.3.0 20080428 (Red Hat 4.3.0-8)

time: Mon Aug  3 13:03:36 2015
elapsed time: 3994 seconds (0d 1h 6m 34s)

