#
# A fatal error has been detected by the Java Runtime Environment:
#
#  SIGSEGV (0xb) at pc=0xf6e823c8, pid=7612, tid=2739596096
#
# JRE version: Java(TM) SE Runtime Environment (8.0_45-b14) (build 1.8.0_45-b14)
# Java VM: Java HotSpot(TM) Server VM (25.45-b02 mixed mode linux-x86 )
# Problematic frame:
# V  [libjvm.so+0x6df3c8]  Method::checked_resolve_jmethod_id(_jmethodID*)+0x18
#
# Failed to write core dump. Core dumps have been disabled. To enable core dumping, try "ulimit -c unlimited" before starting Java again
#
# If you would like to submit a bug report, please visit:
#   http://bugreport.java.com/bugreport/crash.jsp
#

---------------  T H R E A D  ---------------

Current thread (0xa37aa000):  JavaThread "JDWP Transport Listener: dt_socket" daemon [_thread_in_vm, id=7622, stack(0xa345e000,0xa34af000)]

siginfo: si_signo: 11 (SIGSEGV), si_code: 1 (SEGV_MAPERR), si_addr: 0x00000005

Registers:
EAX=0x00000005, EBX=0xf71664b0, ECX=0x00000000, EDX=0xf6602cc8
ESP=0xa34add60, EBP=0xa34add68, ESI=0xa34add8c, EDI=0x00000005
EIP=0xf6e823c8, EFLAGS=0x00010206, CR2=0x00000005

Top of Stack: (sp=0xa34add60)
0xa34add60:   a34add8c f71664b0 a34adda8 f6d3cafc
0xa34add70:   00000005 a37aa000 a37aa000 a37aa000
0xa34add80:   a133786c a37aa000 00000063 a37aa000
0xa34add90:   00000000 00000000 00000000 f65da170
0xa34adda0:   f65daac0 a34ade0b a34addc8 f65cb718
0xa34addb0:   f6602cc8 00000005 a34ade0b f65da170
0xa34addc0:   00000005 00000009 a34ade18 f65a97ca
0xa34addd0:   00000005 a34ade0b a34addf8 a34addf4 

Instructions: (pc=0xf6e823c8)
0xf6e823a8:   00 00 8d bf 00 00 00 00 55 89 e5 53 83 ec 04 8b
0xf6e823b8:   45 08 85 c0 75 0a 31 db 89 d8 8b 5d fc c9 c3 90
0xf6e823c8:   8b 18 85 db 74 f0 83 fb 37 74 eb 83 ec 0c 8b 03
0xf6e823d8:   53 ff 50 08 83 c4 10 84 c0 75 dd eb d9 90 8d 76 

Register to memory mapping:

EAX=0x00000005 is an unknown value
EBX=0xf71664b0: <offset 0x9c34b0> in /home/vk/Downloads/jdk1.8.0_45/jre/lib/i386/server/libjvm.so at 0xf67a3000
ECX=0x00000000 is an unknown value
EDX=0xf6602cc8 is an unknown value
ESP=0xa34add60 is pointing into the stack for thread: 0xa37aa000
EBP=0xa34add68 is pointing into the stack for thread: 0xa37aa000
ESI=0xa34add8c is pointing into the stack for thread: 0xa37aa000
EDI=0x00000005 is an unknown value


Stack: [0xa345e000,0xa34af000],  sp=0xa34add60,  free space=319k
Native frames: (J=compiled Java code, j=interpreted, Vv=VM code, C=native code)
V  [libjvm.so+0x6df3c8]  Method::checked_resolve_jmethod_id(_jmethodID*)+0x18
V  [libjvm.so+0x599afc]  jvmti_IsMethodSynthetic+0x29c
C  [libjdwp.so+0x28718]  isMethodSynthetic+0x48
C  [libjdwp.so+0x67ca]  methods1+0x1ba
C  [libjdwp.so+0x128f3]  debugLoop_run+0x303
C  [libjdwp.so+0x274df]  connectionInitiated+0xbf
C  [libjdwp.so+0x27520]  attachThread+0x30
V  [libjvm.so+0x5fbb31]  JvmtiAgentThread::call_start_function()+0xc1
V  [libjvm.so+0x876229]  JavaThread::thread_main_inner()+0x109
V  [libjvm.so+0x8763ab]  JavaThread::run()+0x14b
V  [libjvm.so+0x749049]  java_start(Thread*)+0x119
C  [libpthread.so.0+0x6f70]  start_thread+0xd0
C  [libc.so.6+0xebbee]  clone+0x5e


---------------  P R O C E S S  ---------------

Java Threads: ( => current thread )
  0xa2efd000 JavaThread "JavaFX-Launcher" [_thread_blocked, id=7638, stack(0xa1409000,0xa145a000)]
  0xa2ef6c00 JavaThread "JavaFX Application Thread" [_thread_blocked, id=7637, stack(0xa16f3000,0xa1744000)]
  0xa2ef0400 JavaThread "Thread-1" daemon [_thread_blocked, id=7636, stack(0xa1744000,0xa1795000)]
  0xa2e96400 JavaThread "QuantumRenderer-0" daemon [_thread_blocked, id=7633, stack(0xa3116000,0xa3167000)]
  0xa37b6400 JavaThread "Service Thread" daemon [_thread_blocked, id=7630, stack(0xa31e8000,0xa3239000)]
  0xa37b2800 JavaThread "C1 CompilerThread2" daemon [_thread_blocked, id=7629, stack(0xa3239000,0xa32ba000)]
  0xa37b1000 JavaThread "C2 CompilerThread1" daemon [_thread_blocked, id=7628, stack(0xa32ba000,0xa333b000)]
  0xa37af400 JavaThread "C2 CompilerThread0" daemon [_thread_blocked, id=7627, stack(0xa333b000,0xa33bc000)]
  0xa3500800 JavaThread "JDWP Command Reader" daemon [_thread_in_native, id=7626, stack(0xa33bc000,0xa340d000)]
  0xa37ad800 JavaThread "JDWP Event Helper Thread" daemon [_thread_blocked, id=7624, stack(0xa340d000,0xa345e000)]
=>0xa37aa000 JavaThread "JDWP Transport Listener: dt_socket" daemon [_thread_in_vm, id=7622, stack(0xa345e000,0xa34af000)]
  0xa37a1c00 JavaThread "Signal Dispatcher" daemon [_thread_blocked, id=7621, stack(0xa34af000,0xa3500000)]
  0xa3785400 JavaThread "Finalizer" daemon [_thread_blocked, id=7620, stack(0xa3809000,0xa385a000)]
  0xa3783c00 JavaThread "Reference Handler" daemon [_thread_blocked, id=7619, stack(0xa642e000,0xa647f000)]
  0xf6609c00 JavaThread "main" [_thread_blocked, id=7613, stack(0xf670c000,0xf675d000)]

Other Threads:
  0xa3780c00 VMThread [stack: 0xa385a000,0xa38db000] [id=7618]
  0xa37b8c00 WatcherThread [stack: 0xa3167000,0xa31e8000] [id=7631]

VM state:not at safepoint (normal execution)

VM Mutex/Monitor currently owned by a thread: None

Heap:
 PSYoungGen      total 19200K, used 12922K [0xd18c0000, 0xd2e00000, 0xe6e00000)
  eden space 16640K, 77% used [0xd18c0000,0xd255e9c0,0xd2900000)
  from space 2560K, 0% used [0xd2b80000,0xd2b80000,0xd2e00000)
  to   space 2560K, 0% used [0xd2900000,0xd2900000,0xd2b80000)
 ParOldGen       total 43776K, used 0K [0xa6e00000, 0xa98c0000, 0xd18c0000)
  object space 43776K, 0% used [0xa6e00000,0xa6e00000,0xa98c0000)
 Metaspace       used 5232K, capacity 5544K, committed 5656K, reserved 6448K

Card table byte_map: [0xa6bff000,0xa6e00000] byte_map_base: 0xa66c8000

Marking Bits: (ParMarkBitMap*) 0xf7193960
 Begin Bits: [0xa4300000, 0xa5300000)
 End Bits:   [0xa5300000, 0xa6300000)

Polling page: 0xf77a2000

CodeCache: size=245760Kb used=1884Kb max_used=1895Kb free=243876Kb
 bounds [0xe71df000, 0xe741f000, 0xf61df000]
 total_blobs=903 nmethods=620 adapters=206
 compilation: enabled

Compilation events (10 events):
Event: 85,332 Thread 0xa37b2800  616       3       java.lang.Math::random (7 bytes)
Event: 85,333 Thread 0xa37b2800 nmethod 616 0xe73b4d88 code [0xe73b4ee0, 0xe73b50b8]
Event: 85,333 Thread 0xa37b2800  617       3       java.util.Random::nextDouble (24 bytes)
Event: 85,333 Thread 0xa37b2800 nmethod 617 0xe73b5188 code [0xe73b52e0, 0xe73b5478]
Event: 220,327 Thread 0xa37b2800  618       3       java.lang.Integer::stringSize (21 bytes)
Event: 220,327 Thread 0xa37b2800 nmethod 618 0xe73b5508 code [0xe73b5620, 0xe73b5780]
Event: 220,328 Thread 0xa37b2800  619       3       java.lang.Integer::getChars (131 bytes)
Event: 220,328 Thread 0xa37b2800 nmethod 619 0xe73b5888 code [0xe73b59e0, 0xe73b5d60]
Event: 1415,718 Thread 0xa37af400  620       4       java.lang.Integer::equals (29 bytes)
Event: 1415,720 Thread 0xa37af400 nmethod 620 0xe73b8e08 code [0xe73b8f00, 0xe73b8f90]

GC Heap History (0 events):
No events

Deoptimization events (3 events):
Event: 1,082 Thread 0xa2ef6c00 Uncommon trap: reason=unstable_if action=reinterpret pc=0xe7330d6c method=java.lang.String.indexOf([CII[CIII)I @ 134
Event: 1,082 Thread 0xa2ef6c00 Uncommon trap: reason=unstable_if action=reinterpret pc=0xe731e1bc method=java.lang.String.replace(CC)Ljava/lang/String; @ 2
Event: 1,130 Thread 0xa2ef6c00 Uncommon trap: reason=unstable_if action=reinterpret pc=0xe739a138 method=java.util.HashMap.getNode(ILjava/lang/Object;)Ljava/util/HashMap$Node; @ 84

Internal exceptions (10 events):
Event: 0,063 Thread 0xf6609c00 Exception <a 'java/lang/NoSuchMethodError': Method sun.misc.Unsafe.prefetchRead(Ljava/lang/Object;J)V name or signature does not match> (0xd18d0678) thrown at [/HUDSON/workspace/8-2-build-linux-i586/jdk8u45/3457/hotspot/src/share/vm/prims/jni.cpp, line 39
Event: 0,506 Thread 0xf6609c00 Exception <a 'java/lang/NoSuchFieldError': method resolution failed> (0xd1af8928) thrown at [/HUDSON/workspace/8-2-build-linux-i586/jdk8u45/3457/hotspot/src/share/vm/prims/methodHandles.cpp, line 1125]
Event: 0,521 Thread 0xf6609c00 Exception <a 'java/lang/NoSuchFieldError': method resolution failed> (0xd1b05aa8) thrown at [/HUDSON/workspace/8-2-build-linux-i586/jdk8u45/3457/hotspot/src/share/vm/prims/methodHandles.cpp, line 1125]
Event: 0,560 Thread 0xf6609c00 Exception <a 'java/security/PrivilegedActionException'> (0xd1b81978) thrown at [/HUDSON/workspace/8-2-build-linux-i586/jdk8u45/3457/hotspot/src/share/vm/prims/jvm.cpp, line 1382]
Event: 0,560 Thread 0xf6609c00 Exception <a 'java/security/PrivilegedActionException'> (0xd1b81b28) thrown at [/HUDSON/workspace/8-2-build-linux-i586/jdk8u45/3457/hotspot/src/share/vm/prims/jvm.cpp, line 1382]
Event: 0,561 Thread 0xf6609c00 Exception <a 'java/security/PrivilegedActionException'> (0xd1b83df8) thrown at [/HUDSON/workspace/8-2-build-linux-i586/jdk8u45/3457/hotspot/src/share/vm/prims/jvm.cpp, line 1382]
Event: 0,561 Thread 0xf6609c00 Exception <a 'java/security/PrivilegedActionException'> (0xd1b83fa8) thrown at [/HUDSON/workspace/8-2-build-linux-i586/jdk8u45/3457/hotspot/src/share/vm/prims/jvm.cpp, line 1382]
Event: 0,561 Thread 0xf6609c00 Exception <a 'java/lang/NullPointerException'> (0xd1b844c0) thrown at [/HUDSON/workspace/8-2-build-linux-i586/jdk8u45/3457/hotspot/src/share/vm/interpreter/linkResolver.cpp, line 1178]
Event: 1,045 Thread 0xa2ef6c00 Exception <a 'java/lang/NullPointerException'> (0xd22a1060) thrown at [/HUDSON/workspace/8-2-build-linux-i586/jdk8u45/3457/hotspot/src/share/vm/interpreter/linkResolver.cpp, line 1178]
Event: 1,045 Thread 0xa2ef6c00 Exception <a 'java/lang/NullPointerException'> (0xd22a1060) thrown at [/HUDSON/workspace/8-2-build-linux-i586/jdk8u45/3457/hotspot/src/share/vm/prims/jvm.cpp, line 1386]

Events (10 events):
Event: 1669,124 Executing VM operation: ChangeBreakpoints
Event: 1669,125 Executing VM operation: ChangeBreakpoints done
Event: 1672,881 Executing VM operation: ChangeBreakpoints
Event: 1672,882 Executing VM operation: ChangeBreakpoints done
Event: 1672,886 Executing VM operation: ChangeBreakpoints
Event: 1672,886 Executing VM operation: ChangeBreakpoints done
Event: 1689,436 Executing VM operation: ChangeBreakpoints
Event: 1689,437 Executing VM operation: ChangeBreakpoints done
Event: 1701,809 Executing VM operation: RedefineClasses
Event: 1701,815 Executing VM operation: RedefineClasses done


Dynamic libraries:
08048000-08049000 r-xp 00000000 08:05 2107442                            /home/vk/Downloads/jdk1.8.0_45/bin/java
08049000-0804a000 rw-p 00000000 08:05 2107442                            /home/vk/Downloads/jdk1.8.0_45/bin/java
09ac9000-09aea000 rw-p 00000000 00:00 0                                  [heap]
9f3fb000-a0300000 rw-p 00000000 00:00 0 
a0300000-a0400000 rw-p 00000000 00:00 0 
a0700000-a07ff000 rw-p 00000000 00:00 0 
a07ff000-a0800000 ---p 00000000 00:00 0 
a0cb0000-a0f00000 rw-p 00000000 00:00 0 
a0f00000-a0f25000 rw-p 00000000 00:00 0 
a0f25000-a1000000 ---p 00000000 00:00 0 
a1000000-a1021000 rw-p 00000000 00:00 0 
a1021000-a1100000 ---p 00000000 00:00 0 
a1100000-a1140000 rw-p 00000000 00:00 0 
a1140000-a1200000 ---p 00000000 00:00 0 
a1200000-a1300000 rw-p 00000000 00:00 0 
a1300000-a136b000 rw-p 00000000 00:00 0 
a136b000-a1400000 ---p 00000000 00:00 0 
a1409000-a140c000 ---p 00000000 00:00 0 
a140c000-a16f3000 rw-p 00000000 00:00 0                                  [stack:7638]
a16f3000-a16f6000 ---p 00000000 00:00 0 
a16f6000-a1744000 rw-p 00000000 00:00 0                                  [stack:7637]
a1744000-a1747000 ---p 00000000 00:00 0 
a1747000-a1795000 rw-p 00000000 00:00 0                                  [stack:7636]
a1795000-a17ca000 r-xp 00000000 08:05 3540342                            /usr/lib/i386-linux-gnu/gtk-2.0/2.10.0/engines/libmurrine.so
a17ca000-a17cb000 r--p 00034000 08:05 3540342                            /usr/lib/i386-linux-gnu/gtk-2.0/2.10.0/engines/libmurrine.so
a17cb000-a17cc000 rw-p 00035000 08:05 3540342                            /usr/lib/i386-linux-gnu/gtk-2.0/2.10.0/engines/libmurrine.so
a17cc000-a17f4000 r-xp 00000000 08:05 3943464                            /home/vk/Downloads/jdk1.8.0_45/jre/lib/i386/libglass.so
a17f4000-a17f5000 r--p 00027000 08:05 3943464                            /home/vk/Downloads/jdk1.8.0_45/jre/lib/i386/libglass.so
a17f5000-a17f6000 rw-p 00028000 08:05 3943464                            /home/vk/Downloads/jdk1.8.0_45/jre/lib/i386/libglass.so
a17f6000-a17ff000 r-xp 00000000 08:05 3413959                            /usr/lib/i386-linux-gnu/libpciaccess.so.0.11.1
a17ff000-a1800000 r--p 00008000 08:05 3413959                            /usr/lib/i386-linux-gnu/libpciaccess.so.0.11.1
a1800000-a1801000 rw-p 00009000 08:05 3413959                            /usr/lib/i386-linux-gnu/libpciaccess.so.0.11.1
a1801000-a180d000 r-xp 00000000 08:05 3411756                            /usr/lib/i386-linux-gnu/libdrm_radeon.so.1.0.1
a180d000-a180e000 r--p 0000b000 08:05 3411756                            /usr/lib/i386-linux-gnu/libdrm_radeon.so.1.0.1
a180e000-a180f000 rw-p 0000c000 08:05 3411756                            /usr/lib/i386-linux-gnu/libdrm_radeon.so.1.0.1
a180f000-a1815000 r-xp 00000000 08:05 3411752                            /usr/lib/i386-linux-gnu/libdrm_nouveau.so.2.0.0
a1815000-a1816000 r--p 00005000 08:05 3411752                            /usr/lib/i386-linux-gnu/libdrm_nouveau.so.2.0.0
a1816000-a1817000 rw-p 00006000 08:05 3411752                            /usr/lib/i386-linux-gnu/libdrm_nouveau.so.2.0.0
a1817000-a1838000 r-xp 00000000 08:05 3410982                            /usr/lib/i386-linux-gnu/libdrm_intel.so.1.0.0
a1838000-a1839000 r--p 00020000 08:05 3410982                            /usr/lib/i386-linux-gnu/libdrm_intel.so.1.0.0
a1839000-a183a000 rw-p 00021000 08:05 3410982                            /usr/lib/i386-linux-gnu/libdrm_intel.so.1.0.0
a183a000-a1d5f000 r-xp 00000000 08:05 3539264                            /usr/lib/i386-linux-gnu/dri/i965_dri.so
a1d5f000-a1d6c000 r--p 00524000 08:05 3539264                            /usr/lib/i386-linux-gnu/dri/i965_dri.so
a1d6c000-a1d74000 rw-p 00531000 08:05 3539264                            /usr/lib/i386-linux-gnu/dri/i965_dri.so
a1d74000-a1dad000 rw-p 00000000 00:00 0 
a1dad000-a1df6000 r-xp 00000000 08:05 394286                             /lib/i386-linux-gnu/libdbus-1.so.3.7.6
a1df6000-a1df7000 r--p 00048000 08:05 394286                             /lib/i386-linux-gnu/libdbus-1.so.3.7.6
a1df7000-a1df8000 rw-p 00049000 08:05 394286                             /lib/i386-linux-gnu/libdbus-1.so.3.7.6
a1df8000-a1e00000 r-xp 00000000 08:05 394264                             /lib/i386-linux-gnu/libnih-dbus.so.1.0.0
a1e00000-a1e01000 r--p 00007000 08:05 394264                             /lib/i386-linux-gnu/libnih-dbus.so.1.0.0
a1e01000-a1e02000 rw-p 00008000 08:05 394264                             /lib/i386-linux-gnu/libnih-dbus.so.1.0.0
a1e02000-a1e19000 r-xp 00000000 08:05 394266                             /lib/i386-linux-gnu/libnih.so.1.0.0
a1e19000-a1e1a000 r--p 00016000 08:05 394266                             /lib/i386-linux-gnu/libnih.so.1.0.0
a1e1a000-a1e1b000 rw-p 00017000 08:05 394266                             /lib/i386-linux-gnu/libnih.so.1.0.0
a1e1b000-a1e37000 r-xp 00000000 08:05 393498                             /lib/i386-linux-gnu/libcgmanager.so.0.0.0
a1e37000-a1e38000 r--p 0001b000 08:05 393498                             /lib/i386-linux-gnu/libcgmanager.so.0.0.0
a1e38000-a1e39000 rw-p 0001c000 08:05 393498                             /lib/i386-linux-gnu/libcgmanager.so.0.0.0
a1e39000-a1e4a000 r-xp 00000000 08:05 393554                             /lib/i386-linux-gnu/libudev.so.1.3.5
a1e4a000-a1e4b000 r--p 00010000 08:05 393554                             /lib/i386-linux-gnu/libudev.so.1.3.5
a1e4b000-a1e4c000 rw-p 00011000 08:05 393554                             /lib/i386-linux-gnu/libudev.so.1.3.5
a1e4c000-a1e53000 r-xp 00000000 08:05 3413711                            /usr/lib/i386-linux-gnu/libdatrie.so.1.3.1
a1e53000-a1e54000 r--p 00006000 08:05 3413711                            /usr/lib/i386-linux-gnu/libdatrie.so.1.3.1
a1e54000-a1e55000 rw-p 00007000 08:05 3413711                            /usr/lib/i386-linux-gnu/libdatrie.so.1.3.1
a1e55000-a1e5a000 r-xp 00000000 08:05 3413625                            /usr/lib/i386-linux-gnu/libXdmcp.so.6.0.0
a1e5a000-a1e5b000 r--p 00004000 08:05 3413625                            /usr/lib/i386-linux-gnu/libXdmcp.so.6.0.0
a1e5b000-a1e5c000 rw-p 00005000 08:05 3413625                            /usr/lib/i386-linux-gnu/libXdmcp.so.6.0.0
a1e5c000-a1e5e000 r-xp 00000000 08:05 3413612                            /usr/lib/i386-linux-gnu/libXau.so.6.0.0
a1e5e000-a1e5f000 r--p 00001000 08:05 3413612                            /usr/lib/i386-linux-gnu/libXau.so.6.0.0
a1e5f000-a1e60000 rw-p 00002000 08:05 3413612                            /usr/lib/i386-linux-gnu/libXau.so.6.0.0
a1e60000-a1e7a000 r-xp 00000000 08:05 3413786                            /usr/lib/i386-linux-gnu/libgraphite2.so.3.0.1
a1e7a000-a1e7b000 r--p 00019000 08:05 3413786                            /usr/lib/i386-linux-gnu/libgraphite2.so.3.0.1
a1e7b000-a1e7c000 rw-p 0001a000 08:05 3413786                            /usr/lib/i386-linux-gnu/libgraphite2.so.3.0.1
a1e7c000-a1e88000 r-xp 00000000 08:05 3411740                            /usr/lib/i386-linux-gnu/libdrm.so.2.4.0
a1e88000-a1e89000 r--p 0000b000 08:05 3411740                            /usr/lib/i386-linux-gnu/libdrm.so.2.4.0
a1e89000-a1e8a000 rw-p 0000c000 08:05 3411740                            /usr/lib/i386-linux-gnu/libdrm.so.2.4.0
a1e8a000-a1e8f000 r-xp 00000000 08:05 3414070                            /usr/lib/i386-linux-gnu/libxcb-sync.so.1.0.0
a1e8f000-a1e90000 r--p 00004000 08:05 3414070                            /usr/lib/i386-linux-gnu/libxcb-sync.so.1.0.0
a1e90000-a1e91000 rw-p 00005000 08:05 3414070                            /usr/lib/i386-linux-gnu/libxcb-sync.so.1.0.0
a1e91000-a1e93000 r-xp 00000000 08:05 3414064                            /usr/lib/i386-linux-gnu/libxcb-present.so.0.0.0
a1e93000-a1e94000 r--p 00001000 08:05 3414064                            /usr/lib/i386-linux-gnu/libxcb-present.so.0.0.0
a1e94000-a1e95000 rw-p 00002000 08:05 3414064                            /usr/lib/i386-linux-gnu/libxcb-present.so.0.0.0
a1e95000-a1e97000 r-xp 00000000 08:05 3414060                            /usr/lib/i386-linux-gnu/libxcb-dri3.so.0.0.0
a1e97000-a1e98000 r--p 00001000 08:05 3414060                            /usr/lib/i386-linux-gnu/libxcb-dri3.so.0.0.0
a1e98000-a1e99000 rw-p 00002000 08:05 3414060                            /usr/lib/i386-linux-gnu/libxcb-dri3.so.0.0.0
a1e99000-a1e9d000 r-xp 00000000 08:05 3414058                            /usr/lib/i386-linux-gnu/libxcb-dri2.so.0.0.0
a1e9d000-a1e9e000 r--p 00003000 08:05 3414058                            /usr/lib/i386-linux-gnu/libxcb-dri2.so.0.0.0
a1e9e000-a1e9f000 rw-p 00004000 08:05 3414058                            /usr/lib/i386-linux-gnu/libxcb-dri2.so.0.0.0
a1e9f000-a1eb5000 r-xp 00000000 08:05 3414062                            /usr/lib/i386-linux-gnu/libxcb-glx.so.0.0.0
a1eb5000-a1eb6000 r--p 00016000 08:05 3414062                            /usr/lib/i386-linux-gnu/libxcb-glx.so.0.0.0
a1eb6000-a1eb7000 rw-p 00017000 08:05 3414062                            /usr/lib/i386-linux-gnu/libxcb-glx.so.0.0.0
a1eb7000-a1ec7000 r-xp 00000000 08:05 3413750                            /usr/lib/i386-linux-gnu/libglapi.so.0.0.0
a1ec7000-a1ec9000 r--p 0000f000 08:05 3413750                            /usr/lib/i386-linux-gnu/libglapi.so.0.0.0
a1ec9000-a1ece000 rwxp 00011000 08:05 3413750                            /usr/lib/i386-linux-gnu/libglapi.so.0.0.0
a1ece000-a1ecf000 rwxp 00000000 00:00 0 
a1ecf000-a1f0b000 r-xp 00000000 08:05 394283                             /lib/i386-linux-gnu/libpcre.so.3.13.1
a1f0b000-a1f0c000 r--p 0003b000 08:05 394283                             /lib/i386-linux-gnu/libpcre.so.3.13.1
a1f0c000-a1f0d000 rw-p 0003c000 08:05 394283                             /lib/i386-linux-gnu/libpcre.so.3.13.1
a1f0d000-a1f12000 r-xp 00000000 08:05 3413736                            /usr/lib/i386-linux-gnu/libffi.so.6.0.1
a1f12000-a1f13000 r--p 00005000 08:05 3413736                            /usr/lib/i386-linux-gnu/libffi.so.6.0.1
a1f13000-a1f14000 rw-p 00006000 08:05 3413736                            /usr/lib/i386-linux-gnu/libffi.so.6.0.1
a1f14000-a1f39000 r-xp 00000000 08:05 394240                             /lib/i386-linux-gnu/libexpat.so.1.6.0
a1f39000-a1f3a000 ---p 00025000 08:05 394240                             /lib/i386-linux-gnu/libexpat.so.1.6.0
a1f3a000-a1f3c000 r--p 00025000 08:05 394240                             /lib/i386-linux-gnu/libexpat.so.1.6.0
a1f3c000-a1f3d000 rw-p 00027000 08:05 394240                             /lib/i386-linux-gnu/libexpat.so.1.6.0
a1f3d000-a1f45000 r-xp 00000000 08:05 3414021                            /usr/lib/i386-linux-gnu/libthai.so.0.2.0
a1f45000-a1f46000 r--p 00007000 08:05 3414021                            /usr/lib/i386-linux-gnu/libthai.so.0.2.0
a1f46000-a1f47000 rw-p 00008000 08:05 3414021                            /usr/lib/i386-linux-gnu/libthai.so.0.2.0
a1f47000-a1f67000 r-xp 00000000 08:05 3414072                            /usr/lib/i386-linux-gnu/libxcb.so.1.1.0
a1f67000-a1f68000 r--p 0001f000 08:05 3414072                            /usr/lib/i386-linux-gnu/libxcb.so.1.1.0
a1f68000-a1f69000 rw-p 00020000 08:05 3414072                            /usr/lib/i386-linux-gnu/libxcb.so.1.1.0
a1f69000-a1f71000 r-xp 00000000 08:05 3414066                            /usr/lib/i386-linux-gnu/libxcb-render.so.0.0.0
a1f71000-a1f72000 r--p 00008000 08:05 3414066                            /usr/lib/i386-linux-gnu/libxcb-render.so.0.0.0
a1f72000-a1f73000 rw-p 00009000 08:05 3414066                            /usr/lib/i386-linux-gnu/libxcb-render.so.0.0.0
a1f73000-a1f75000 r-xp 00000000 08:05 3414068                            /usr/lib/i386-linux-gnu/libxcb-shm.so.0.0.0
a1f75000-a1f76000 r--p 00001000 08:05 3414068                            /usr/lib/i386-linux-gnu/libxcb-shm.so.0.0.0
a1f76000-a1f77000 rw-p 00002000 08:05 3414068                            /usr/lib/i386-linux-gnu/libxcb-shm.so.0.0.0
a1f77000-a1f9d000 r-xp 00000000 08:05 394285                             /lib/i386-linux-gnu/libpng12.so.0.50.0
a1f9d000-a1f9e000 r--p 00025000 08:05 394285                             /lib/i386-linux-gnu/libpng12.so.0.50.0
a1f9e000-a1f9f000 rw-p 00026000 08:05 394285                             /lib/i386-linux-gnu/libpng12.so.0.50.0
a1f9f000-a2043000 r-xp 00000000 08:05 3413963                            /usr/lib/i386-linux-gnu/libpixman-1.so.0.30.2
a2043000-a2048000 r--p 000a4000 08:05 3413963                            /usr/lib/i386-linux-gnu/libpixman-1.so.0.30.2
a2048000-a2049000 rw-p 000a9000 08:05 3413963                            /usr/lib/i386-linux-gnu/libpixman-1.so.0.30.2
a2049000-a209d000 r-xp 00000000 08:05 3413874                            /usr/lib/i386-linux-gnu/libharfbuzz.so.0.927.0
a209d000-a209e000 r--p 00054000 08:05 3413874                            /usr/lib/i386-linux-gnu/libharfbuzz.so.0.927.0
a209e000-a209f000 rw-p 00055000 08:05 3413874                            /usr/lib/i386-linux-gnu/libharfbuzz.so.0.927.0
a209f000-a20b2000 r-xp 00000000 08:05 393404                             /lib/i386-linux-gnu/libresolv-2.19.so
a20b2000-a20b3000 ---p 00013000 08:05 393404                             /lib/i386-linux-gnu/libresolv-2.19.so
a20b3000-a20b4000 r--p 00013000 08:05 393404                             /lib/i386-linux-gnu/libresolv-2.19.so
a20b4000-a20b5000 rw-p 00014000 08:05 393404                             /lib/i386-linux-gnu/libresolv-2.19.so
a20b5000-a20b7000 rw-p 00000000 00:00 0 
a20b7000-a20d7000 r-xp 00000000 08:05 394294                             /lib/i386-linux-gnu/libselinux.so.1
a20d7000-a20d8000 r--p 0001f000 08:05 394294                             /lib/i386-linux-gnu/libselinux.so.1
a20d8000-a20d9000 rw-p 00020000 08:05 394294                             /lib/i386-linux-gnu/libselinux.so.1
a20d9000-a20da000 rw-p 00000000 00:00 0 
a20da000-a20f2000 r-xp 00000000 08:05 394314                             /lib/i386-linux-gnu/libz.so.1.2.8
a20f2000-a20f3000 r--p 00017000 08:05 394314                             /lib/i386-linux-gnu/libz.so.1.2.8
a20f3000-a20f4000 rw-p 00018000 08:05 394314                             /lib/i386-linux-gnu/libz.so.1.2.8
a20f4000-a2105000 r-xp 00000000 08:05 3412307                            /usr/lib/i386-linux-gnu/libXext.so.6.4.0
a2105000-a2106000 r--p 00010000 08:05 3412307                            /usr/lib/i386-linux-gnu/libXext.so.6.4.0
a2106000-a2107000 rw-p 00011000 08:05 3412307                            /usr/lib/i386-linux-gnu/libXext.so.6.4.0
a2107000-a2109000 r-xp 00000000 08:05 3413623                            /usr/lib/i386-linux-gnu/libXdamage.so.1.1.0
a2109000-a210a000 r--p 00001000 08:05 3413623                            /usr/lib/i386-linux-gnu/libXdamage.so.1.1.0
a210a000-a210b000 rw-p 00002000 08:05 3413623                            /usr/lib/i386-linux-gnu/libXdamage.so.1.1.0
a210b000-a2114000 r-xp 00000000 08:05 3413621                            /usr/lib/i386-linux-gnu/libXcursor.so.1.0.2
a2114000-a2115000 r--p 00008000 08:05 3413621                            /usr/lib/i386-linux-gnu/libXcursor.so.1.0.2
a2115000-a2116000 rw-p 00009000 08:05 3413621                            /usr/lib/i386-linux-gnu/libXcursor.so.1.0.2
a2116000-a211f000 r-xp 00000000 08:05 3413643                            /usr/lib/i386-linux-gnu/libXrandr.so.2.2.0
a211f000-a2120000 r--p 00008000 08:05 3413643                            /usr/lib/i386-linux-gnu/libXrandr.so.2.2.0
a2120000-a2121000 rw-p 00009000 08:05 3413643                            /usr/lib/i386-linux-gnu/libXrandr.so.2.2.0
a2121000-a212f000 r-xp 00000000 08:05 3413703                            /usr/lib/i386-linux-gnu/libXi.so.6.1.0
a212f000-a2130000 r--p 0000e000 08:05 3413703                            /usr/lib/i386-linux-gnu/libXi.so.6.1.0
a2130000-a2131000 rw-p 0000f000 08:05 3413703                            /usr/lib/i386-linux-gnu/libXi.so.6.1.0
a2131000-a213a000 r-xp 00000000 08:05 3412278                            /usr/lib/i386-linux-gnu/libXrender.so.1.3.0
a213a000-a213b000 r--p 00008000 08:05 3412278                            /usr/lib/i386-linux-gnu/libXrender.so.1.3.0
a213b000-a213c000 rw-p 00009000 08:05 3412278                            /usr/lib/i386-linux-gnu/libXrender.so.1.3.0
a213c000-a2218000 r-xp 00000000 08:05 3413209                            /usr/lib/i386-linux-gnu/libstdc++.so.6.0.19
a2218000-a221c000 r--p 000dc000 08:05 3413209                            /usr/lib/i386-linux-gnu/libstdc++.so.6.0.19
a221c000-a221d000 rw-p 000e0000 08:05 3413209                            /usr/lib/i386-linux-gnu/libstdc++.so.6.0.19
a221d000-a2224000 rw-p 00000000 00:00 0 
a2224000-a227d000 r-xp 00000000 08:05 3540014                            /usr/lib/i386-linux-gnu/mesa/libGL.so.1.2.0
a227d000-a227f000 r--p 00058000 08:05 3540014                            /usr/lib/i386-linux-gnu/mesa/libGL.so.1.2.0
a227f000-a2284000 rwxp 0005a000 08:05 3540014                            /usr/lib/i386-linux-gnu/mesa/libGL.so.1.2.0
a2284000-a23b4000 r-xp 00000000 08:05 3413610                            /usr/lib/i386-linux-gnu/libX11.so.6.3.0
a23b4000-a23b5000 r--p 00130000 08:05 3413610                            /usr/lib/i386-linux-gnu/libX11.so.6.3.0
a23b5000-a23b7000 rw-p 00131000 08:05 3413610                            /usr/lib/i386-linux-gnu/libX11.so.6.3.0
a23b7000-a23b8000 rw-p 00000000 00:00 0 
a23b8000-a24c2000 r-xp 00000000 08:05 394245                             /lib/i386-linux-gnu/libglib-2.0.so.0.4002.0
a24c2000-a24c3000 r--p 00109000 08:05 394245                             /lib/i386-linux-gnu/libglib-2.0.so.0.4002.0
a24c3000-a24c4000 rw-p 0010a000 08:05 394245                             /lib/i386-linux-gnu/libglib-2.0.so.0.4002.0
a24c4000-a2514000 r-xp 00000000 08:05 3413778                            /usr/lib/i386-linux-gnu/libgobject-2.0.so.0.4002.0
a2514000-a2515000 r--p 0004f000 08:05 3413778                            /usr/lib/i386-linux-gnu/libgobject-2.0.so.0.4002.0
a2515000-a2516000 rw-p 00050000 08:05 3413778                            /usr/lib/i386-linux-gnu/libgobject-2.0.so.0.4002.0
a2516000-a254f000 r-xp 00000000 08:05 3413740                            /usr/lib/i386-linux-gnu/libfontconfig.so.1.8.0
a254f000-a2550000 r--p 00039000 08:05 3413740                            /usr/lib/i386-linux-gnu/libfontconfig.so.1.8.0
a2550000-a2551000 rw-p 0003a000 08:05 3413740                            /usr/lib/i386-linux-gnu/libfontconfig.so.1.8.0
a2551000-a25ec000 r-xp 00000000 08:05 3411686                            /usr/lib/i386-linux-gnu/libfreetype.so.6.11.1
a25ec000-a25f0000 r--p 0009a000 08:05 3411686                            /usr/lib/i386-linux-gnu/libfreetype.so.6.11.1
a25f0000-a25f1000 rw-p 0009e000 08:05 3411686                            /usr/lib/i386-linux-gnu/libfreetype.so.6.11.1
a25f1000-a263b000 r-xp 00000000 08:05 3413949                            /usr/lib/i386-linux-gnu/libpango-1.0.so.0.3600.3
a263b000-a263c000 ---p 0004a000 08:05 3413949                            /usr/lib/i386-linux-gnu/libpango-1.0.so.0.3600.3
a263c000-a263d000 r--p 0004a000 08:05 3413949                            /usr/lib/i386-linux-gnu/libpango-1.0.so.0.3600.3
a263d000-a263e000 rw-p 0004b000 08:05 3413949                            /usr/lib/i386-linux-gnu/libpango-1.0.so.0.3600.3
a263e000-a275d000 r-xp 00000000 08:05 3411931                            /usr/lib/i386-linux-gnu/libcairo.so.2.11301.0
a275d000-a275f000 r--p 0011e000 08:05 3411931                            /usr/lib/i386-linux-gnu/libcairo.so.2.11301.0
a275f000-a2760000 rw-p 00120000 08:05 3411931                            /usr/lib/i386-linux-gnu/libcairo.so.2.11301.0
a2760000-a2761000 rw-p 00000000 00:00 0 
a2761000-a28de000 r-xp 00000000 08:05 3413768                            /usr/lib/i386-linux-gnu/libgio-2.0.so.0.4002.0
a28de000-a28e0000 r--p 0017d000 08:05 3413768                            /usr/lib/i386-linux-gnu/libgio-2.0.so.0.4002.0
a28e0000-a28e1000 rw-p 0017f000 08:05 3413768                            /usr/lib/i386-linux-gnu/libgio-2.0.so.0.4002.0
a28e1000-a28e2000 rw-p 00000000 00:00 0 
a28e2000-a298d000 r-xp 00000000 08:05 3412350                            /usr/lib/i386-linux-gnu/libgdk-x11-2.0.so.0.2400.23
a298d000-a298e000 ---p 000ab000 08:05 3412350                            /usr/lib/i386-linux-gnu/libgdk-x11-2.0.so.0.2400.23
a298e000-a2990000 r--p 000ab000 08:05 3412350                            /usr/lib/i386-linux-gnu/libgdk-x11-2.0.so.0.2400.23
a2990000-a2991000 rw-p 000ad000 08:05 3412350                            /usr/lib/i386-linux-gnu/libgdk-x11-2.0.so.0.2400.23
a2991000-a2df8000 r-xp 00000000 08:05 3412348                            /usr/lib/i386-linux-gnu/libgtk-x11-2.0.so.0.2400.23
a2df8000-a2dfc000 r--p 00466000 08:05 3412348                            /usr/lib/i386-linux-gnu/libgtk-x11-2.0.so.0.2400.23
a2dfc000-a2dfe000 rw-p 0046a000 08:05 3412348                            /usr/lib/i386-linux-gnu/libgtk-x11-2.0.so.0.2400.23
a2dfe000-a2e00000 rw-p 00000000 00:00 0 
a2e00000-a2f00000 rw-p 00000000 00:00 0 
a2f02000-a2f04000 r-xp 00000000 08:05 3413619                            /usr/lib/i386-linux-gnu/libXcomposite.so.1.0.0
a2f04000-a2f05000 r--p 00001000 08:05 3413619                            /usr/lib/i386-linux-gnu/libXcomposite.so.1.0.0
a2f05000-a2f06000 rw-p 00002000 08:05 3413619                            /usr/lib/i386-linux-gnu/libXcomposite.so.1.0.0
a2f06000-a2f08000 r-xp 00000000 08:05 3413635                            /usr/lib/i386-linux-gnu/libXinerama.so.1.0.0
a2f08000-a2f09000 r--p 00001000 08:05 3413635                            /usr/lib/i386-linux-gnu/libXinerama.so.1.0.0
a2f09000-a2f0a000 rw-p 00002000 08:05 3413635                            /usr/lib/i386-linux-gnu/libXinerama.so.1.0.0
a2f0a000-a2f26000 r-xp 00000000 08:05 394241                             /lib/i386-linux-gnu/libgcc_s.so.1
a2f26000-a2f27000 rw-p 0001b000 08:05 394241                             /lib/i386-linux-gnu/libgcc_s.so.1
a2f27000-a2f48000 r-xp 00000000 08:05 3413762                            /usr/lib/i386-linux-gnu/libgdk_pixbuf-2.0.so.0.3000.7
a2f48000-a2f49000 r--p 00020000 08:05 3413762                            /usr/lib/i386-linux-gnu/libgdk_pixbuf-2.0.so.0.3000.7
a2f49000-a2f4a000 rw-p 00021000 08:05 3413762                            /usr/lib/i386-linux-gnu/libgdk_pixbuf-2.0.so.0.3000.7
a2f4a000-a2f68000 r-xp 00000000 08:05 3413667                            /usr/lib/i386-linux-gnu/libatk-1.0.so.0.21009.1
a2f68000-a2f6a000 r--p 0001d000 08:05 3413667                            /usr/lib/i386-linux-gnu/libatk-1.0.so.0.21009.1
a2f6a000-a2f6b000 rw-p 0001f000 08:05 3413667                            /usr/lib/i386-linux-gnu/libatk-1.0.so.0.21009.1
a2f6b000-a3000000 r--s 010fa000 08:05 4075790                            /home/vk/Downloads/jdk1.8.0_45/jre/lib/ext/jfxrt.jar
a3000000-a30ff000 rw-p 00000000 00:00 0 
a30ff000-a3100000 ---p 00000000 00:00 0 
a3100000-a3101000 r-xp 00000000 08:05 3414076                            /usr/lib/i386-linux-gnu/libxshmfence.so.1.0.0
a3101000-a3102000 r--p 00000000 08:05 3414076                            /usr/lib/i386-linux-gnu/libxshmfence.so.1.0.0
a3102000-a3103000 rw-p 00001000 08:05 3414076                            /usr/lib/i386-linux-gnu/libxshmfence.so.1.0.0
a3103000-a3107000 r-xp 00000000 08:05 3413746                            /usr/lib/i386-linux-gnu/libXfixes.so.3.1.0
a3107000-a3108000 r--p 00003000 08:05 3413746                            /usr/lib/i386-linux-gnu/libXfixes.so.3.1.0
a3108000-a3109000 rw-p 00004000 08:05 3413746                            /usr/lib/i386-linux-gnu/libXfixes.so.3.1.0
a3109000-a3114000 r-xp 00000000 08:05 3413951                            /usr/lib/i386-linux-gnu/libpangocairo-1.0.so.0.3600.3
a3114000-a3115000 r--p 0000a000 08:05 3413951                            /usr/lib/i386-linux-gnu/libpangocairo-1.0.so.0.3600.3
a3115000-a3116000 rw-p 0000b000 08:05 3413951                            /usr/lib/i386-linux-gnu/libpangocairo-1.0.so.0.3600.3
a3116000-a3119000 ---p 00000000 00:00 0 
a3119000-a3167000 rw-p 00000000 00:00 0                                  [stack:7633]
a3167000-a3168000 ---p 00000000 00:00 0 
a3168000-a31e8000 rw-p 00000000 00:00 0                                  [stack:7631]
a31e8000-a31eb000 ---p 00000000 00:00 0 
a31eb000-a3239000 rw-p 00000000 00:00 0                                  [stack:7630]
a3239000-a323c000 ---p 00000000 00:00 0 
a323c000-a32ba000 rw-p 00000000 00:00 0                                  [stack:7629]
a32ba000-a32bd000 ---p 00000000 00:00 0 
a32bd000-a333b000 rw-p 00000000 00:00 0                                  [stack:7628]
a333b000-a333e000 ---p 00000000 00:00 0 
a333e000-a33bc000 rw-p 00000000 00:00 0                                  [stack:7627]
a33bc000-a33bf000 ---p 00000000 00:00 0 
a33bf000-a340d000 rw-p 00000000 00:00 0                                  [stack:7626]
a340d000-a3410000 ---p 00000000 00:00 0 
a3410000-a345e000 rw-p 00000000 00:00 0                                  [stack:7624]
a345e000-a3461000 ---p 00000000 00:00 0 
a3461000-a34af000 rw-p 00000000 00:00 0                                  [stack:7622]
a34af000-a34b2000 ---p 00000000 00:00 0 
a34b2000-a3500000 rw-p 00000000 00:00 0                                  [stack:7621]
a3500000-a35f8000 rw-p 00000000 00:00 0 
a35f8000-a3600000 ---p 00000000 00:00 0 
a3600000-a3621000 rw-p 00000000 00:00 0 
a3621000-a3700000 ---p 00000000 00:00 0 
a3700000-a37fe000 rw-p 00000000 00:00 0 
a37fe000-a3800000 ---p 00000000 00:00 0 
a3800000-a3801000 r-xp 00000000 08:05 3413608                            /usr/lib/i386-linux-gnu/libX11-xcb.so.1.0.0
a3801000-a3802000 r--p 00000000 08:05 3413608                            /usr/lib/i386-linux-gnu/libX11-xcb.so.1.0.0
a3802000-a3803000 rw-p 00001000 08:05 3413608                            /usr/lib/i386-linux-gnu/libX11-xcb.so.1.0.0
a3803000-a3807000 r-xp 00000000 08:05 3413655                            /usr/lib/i386-linux-gnu/libXxf86vm.so.1.0.0
a3807000-a3808000 r--p 00004000 08:05 3413655                            /usr/lib/i386-linux-gnu/libXxf86vm.so.1.0.0
a3808000-a3809000 rw-p 00005000 08:05 3413655                            /usr/lib/i386-linux-gnu/libXxf86vm.so.1.0.0
a3809000-a380c000 ---p 00000000 00:00 0 
a380c000-a385a000 rw-p 00000000 00:00 0                                  [stack:7620]
a385a000-a385b000 ---p 00000000 00:00 0 
a385b000-a38db000 rw-p 00000000 00:00 0                                  [stack:7618]
a38db000-a3ab4000 r--s 03d09000 08:05 3290510                            /home/vk/Downloads/jdk1.8.0_45/jre/lib/rt.jar
a3ab4000-a3efa000 rw-p 00000000 00:00 0 
a3efa000-a3f00000 ---p 00000000 00:00 0 
a3f00000-a6300000 rw-p 00000000 00:00 0 
a6300000-a6400000 rw-p 00000000 00:00 0 
a6400000-a6405000 r-xp 00000000 08:05 3413651                            /usr/lib/i386-linux-gnu/libXtst.so.6.1.0
a6405000-a6406000 r--p 00004000 08:05 3413651                            /usr/lib/i386-linux-gnu/libXtst.so.6.1.0
a6406000-a6407000 rw-p 00005000 08:05 3413651                            /usr/lib/i386-linux-gnu/libXtst.so.6.1.0
a6407000-a640a000 r-xp 00000000 08:05 3413772                            /usr/lib/i386-linux-gnu/libgmodule-2.0.so.0.4002.0
a640a000-a640b000 r--p 00002000 08:05 3413772                            /usr/lib/i386-linux-gnu/libgmodule-2.0.so.0.4002.0
a640b000-a640c000 rw-p 00003000 08:05 3413772                            /usr/lib/i386-linux-gnu/libgmodule-2.0.so.0.4002.0
a6423000-a642c000 r-xp 00000000 08:05 3539939                            /usr/lib/i386-linux-gnu/gtk-2.0/2.10.0/engines/libpixmap.so
a642c000-a642d000 r--p 00008000 08:05 3539939                            /usr/lib/i386-linux-gnu/gtk-2.0/2.10.0/engines/libpixmap.so
a642d000-a642e000 rw-p 00009000 08:05 3539939                            /usr/lib/i386-linux-gnu/gtk-2.0/2.10.0/engines/libpixmap.so
a642e000-a6431000 ---p 00000000 00:00 0 
a6431000-a647f000 rw-p 00000000 00:00 0                                  [stack:7619]
a647f000-a6480000 ---p 00000000 00:00 0 
a6480000-a6500000 rw-p 00000000 00:00 0                                  [stack:7617]
a6500000-a6579000 rw-p 00000000 00:00 0 
a6579000-a6600000 ---p 00000000 00:00 0 
a6600000-a6601000 r-xp 00000000 08:05 3413866                            /usr/lib/i386-linux-gnu/libgthread-2.0.so.0.4002.0
a6601000-a6602000 r--p 00000000 08:05 3413866                            /usr/lib/i386-linux-gnu/libgthread-2.0.so.0.4002.0
a6602000-a6603000 rw-p 00001000 08:05 3413866                            /usr/lib/i386-linux-gnu/libgthread-2.0.so.0.4002.0
a6603000-a6617000 r-xp 00000000 08:05 3413953                            /usr/lib/i386-linux-gnu/libpangoft2-1.0.so.0.3600.3
a6617000-a6618000 r--p 00013000 08:05 3413953                            /usr/lib/i386-linux-gnu/libpangoft2-1.0.so.0.3600.3
a6618000-a6619000 rw-p 00014000 08:05 3413953                            /usr/lib/i386-linux-gnu/libpangoft2-1.0.so.0.3600.3
a6619000-a6624000 r-xp 00000000 08:05 3943428                            /home/vk/Downloads/jdk1.8.0_45/jre/lib/i386/libprism_es2.so
a6624000-a6625000 r--p 0000a000 08:05 3943428                            /home/vk/Downloads/jdk1.8.0_45/jre/lib/i386/libprism_es2.so
a6625000-a6626000 rw-p 0000b000 08:05 3943428                            /home/vk/Downloads/jdk1.8.0_45/jre/lib/i386/libprism_es2.so
a6626000-a662b000 r--s 00094000 08:05 3290514                            /home/vk/Downloads/jdk1.8.0_45/jre/lib/jsse.jar
a662b000-a6630000 r--s 00083000 08:05 3290460                            /home/vk/Downloads/jdk1.8.0_45/jre/lib/jfr.jar
a6630000-a667f000 rw-p 00000000 00:00 0 
a667f000-a6680000 ---p 00000000 00:00 0 
a6680000-a6700000 rw-p 00000000 00:00 0                                  [stack:7616]
a6700000-a67a3000 rw-p 00000000 00:00 0 
a67a3000-a6800000 ---p 00000000 00:00 0 
a6800000-a680a000 r--s 00069000 08:05 3290478                            /home/vk/Downloads/jdk1.8.0_45/jre/lib/javaws.jar
a680a000-a6824000 r--s 001f3000 08:05 3290450                            /home/vk/Downloads/jdk1.8.0_45/jre/lib/deploy.jar
a6824000-a687f000 rw-p 00000000 00:00 0 
a687f000-a6880000 ---p 00000000 00:00 0 
a6880000-a6900000 rw-p 00000000 00:00 0                                  [stack:7615]
a6900000-a6964000 rw-p 00000000 00:00 0 
a6964000-a6a00000 ---p 00000000 00:00 0 
a6a01000-a6a02000 rw-p 00000000 00:00 0 
a6a02000-a6a15000 r--s 000d6000 08:05 3290445                            /home/vk/Downloads/jdk1.8.0_45/jre/lib/plugin.jar
a6a15000-a6a28000 r--s 00344000 08:05 3290497                            /home/vk/Downloads/jdk1.8.0_45/jre/lib/resources.jar
a6a28000-a6a29000 ---p 00000000 00:00 0 
a6a29000-a6abf000 rw-p 00000000 00:00 0                                  [stack:7614]
a6abf000-a6bff000 ---p 00000000 00:00 0 
a6bff000-a6c15000 rw-p 00000000 00:00 0 
a6c15000-a6d54000 ---p 00000000 00:00 0 
a6d54000-a6d5f000 rw-p 00000000 00:00 0 
a6d5f000-a6dff000 ---p 00000000 00:00 0 
a6dff000-a98c0000 rw-p 00000000 00:00 0 
a98c0000-d18c0000 ---p 00000000 00:00 0 
d18c0000-d2e00000 rw-p 00000000 00:00 0 
d2e00000-e6e00000 ---p 00000000 00:00 0 
e6e00000-e6e02000 rw-p 00000000 00:00 0 
e6e02000-e6e07000 r--s 002f8000 08:05 3290481                            /home/vk/Downloads/jdk1.8.0_45/jre/lib/charsets.jar
e6e07000-e6e28000 rw-p 00000000 00:00 0 
e6e28000-e71df000 ---p 00000000 00:00 0 
e71df000-e741f000 rwxp 00000000 00:00 0 
e741f000-f61df000 ---p 00000000 00:00 0 
f61df000-f61ea000 r-xp 00000000 08:05 393406                             /lib/i386-linux-gnu/libnss_files-2.19.so
f61ea000-f61eb000 r--p 0000a000 08:05 393406                             /lib/i386-linux-gnu/libnss_files-2.19.so
f61eb000-f61ec000 rw-p 0000b000 08:05 393406                             /lib/i386-linux-gnu/libnss_files-2.19.so
f61ec000-f61f6000 r-xp 00000000 08:05 393392                             /lib/i386-linux-gnu/libnss_nis-2.19.so
f61f6000-f61f7000 r--p 00009000 08:05 393392                             /lib/i386-linux-gnu/libnss_nis-2.19.so
f61f7000-f61f8000 rw-p 0000a000 08:05 393392                             /lib/i386-linux-gnu/libnss_nis-2.19.so
f61f8000-f620d000 r-xp 00000000 08:05 393393                             /lib/i386-linux-gnu/libnsl-2.19.so
f620d000-f620e000 r--p 00015000 08:05 393393                             /lib/i386-linux-gnu/libnsl-2.19.so
f620e000-f620f000 rw-p 00016000 08:05 393393                             /lib/i386-linux-gnu/libnsl-2.19.so
f620f000-f6211000 rw-p 00000000 00:00 0 
f6211000-f622a000 r-xp 00000000 08:05 3943470                            /home/vk/Downloads/jdk1.8.0_45/jre/lib/i386/libzip.so
f622a000-f622b000 rw-p 00018000 08:05 3943470                            /home/vk/Downloads/jdk1.8.0_45/jre/lib/i386/libzip.so
f622b000-f6233000 rw-s 00000000 08:05 3290761                            /tmp/hsperfdata_vk/7612
f6233000-f63a3000 r--p 002c8000 08:05 3414305                            /usr/lib/locale/locale-archive
f63a3000-f65a3000 r--p 00000000 08:05 3414305                            /usr/lib/locale/locale-archive
f65a3000-f65da000 r-xp 00000000 08:05 3943460                            /home/vk/Downloads/jdk1.8.0_45/jre/lib/i386/libjdwp.so
f65da000-f65db000 rw-p 00037000 08:05 3943460                            /home/vk/Downloads/jdk1.8.0_45/jre/lib/i386/libjdwp.so
f65db000-f65ff000 r-xp 00000000 08:05 3943465                            /home/vk/Downloads/jdk1.8.0_45/jre/lib/i386/libjava.so
f65ff000-f6600000 rw-p 00023000 08:05 3943465                            /home/vk/Downloads/jdk1.8.0_45/jre/lib/i386/libjava.so
f6600000-f66fe000 rw-p 00000000 00:00 0 
f66fe000-f6700000 ---p 00000000 00:00 0 
f6700000-f6703000 r--s 0001a000 08:05 3290475                            /home/vk/Downloads/jdk1.8.0_45/jre/lib/jce.jar
f6703000-f670a000 r-xp 00000000 08:05 393407                             /lib/i386-linux-gnu/librt-2.19.so
f670a000-f670b000 r--p 00006000 08:05 393407                             /lib/i386-linux-gnu/librt-2.19.so
f670b000-f670c000 rw-p 00007000 08:05 393407                             /lib/i386-linux-gnu/librt-2.19.so
f670c000-f670f000 ---p 00000000 00:00 0 
f670f000-f675d000 rw-p 00000000 00:00 0                                  [stack:7613]
f675d000-f67a1000 r-xp 00000000 08:05 393397                             /lib/i386-linux-gnu/libm-2.19.so
f67a1000-f67a2000 r--p 00043000 08:05 393397                             /lib/i386-linux-gnu/libm-2.19.so
f67a2000-f67a3000 rw-p 00044000 08:05 393397                             /lib/i386-linux-gnu/libm-2.19.so
f67a3000-f7116000 r-xp 00000000 08:05 3943452                            /home/vk/Downloads/jdk1.8.0_45/jre/lib/i386/server/libjvm.so
f7116000-f7182000 rw-p 00972000 08:05 3943452                            /home/vk/Downloads/jdk1.8.0_45/jre/lib/i386/server/libjvm.so
f7182000-f75a8000 rw-p 00000000 00:00 0 
f75a8000-f7750000 r-xp 00000000 08:05 393389                             /lib/i386-linux-gnu/libc-2.19.so
f7750000-f7752000 r--p 001a8000 08:05 393389                             /lib/i386-linux-gnu/libc-2.19.so
f7752000-f7753000 rw-p 001aa000 08:05 393389                             /lib/i386-linux-gnu/libc-2.19.so
f7753000-f7756000 rw-p 00000000 00:00 0 
f7756000-f7759000 r-xp 00000000 08:05 393390                             /lib/i386-linux-gnu/libdl-2.19.so
f7759000-f775a000 r--p 00002000 08:05 393390                             /lib/i386-linux-gnu/libdl-2.19.so
f775a000-f775b000 rw-p 00003000 08:05 393390                             /lib/i386-linux-gnu/libdl-2.19.so
f775b000-f776f000 r-xp 00000000 08:05 1718170                            /home/vk/Downloads/jdk1.8.0_45/lib/i386/jli/libjli.so
f776f000-f7770000 rw-p 00014000 08:05 1718170                            /home/vk/Downloads/jdk1.8.0_45/lib/i386/jli/libjli.so
f7770000-f7771000 rw-p 00000000 00:00 0 
f7771000-f7789000 r-xp 00000000 08:05 393402                             /lib/i386-linux-gnu/libpthread-2.19.so
f7789000-f778a000 r--p 00018000 08:05 393402                             /lib/i386-linux-gnu/libpthread-2.19.so
f778a000-f778b000 rw-p 00019000 08:05 393402                             /lib/i386-linux-gnu/libpthread-2.19.so
f778b000-f778d000 rw-p 00000000 00:00 0 
f778d000-f778e000 r--s 00000000 08:05 3290476                            /home/vk/Downloads/jdk1.8.0_45/jre/lib/management-agent.jar
f778e000-f7790000 r--s 00007000 08:05 3290473                            /home/vk/Downloads/jdk1.8.0_45/jre/lib/jfxswt.jar
f7790000-f7793000 r-xp 00000000 08:05 3943431                            /home/vk/Downloads/jdk1.8.0_45/jre/lib/i386/libdt_socket.so
f7793000-f7794000 rw-p 00003000 08:05 3943431                            /home/vk/Downloads/jdk1.8.0_45/jre/lib/i386/libdt_socket.so
f7794000-f779b000 r-xp 00000000 08:05 393398                             /lib/i386-linux-gnu/libnss_compat-2.19.so
f779b000-f779c000 r--p 00006000 08:05 393398                             /lib/i386-linux-gnu/libnss_compat-2.19.so
f779c000-f779d000 rw-p 00007000 08:05 393398                             /lib/i386-linux-gnu/libnss_compat-2.19.so
f779d000-f779e000 r--p 002c5000 08:05 3414305                            /usr/lib/locale/locale-archive
f779e000-f77a0000 r-xp 00000000 08:05 3943445                            /home/vk/Downloads/jdk1.8.0_45/jre/lib/i386/libnpt.so
f77a0000-f77a1000 rw-p 00001000 08:05 3943445                            /home/vk/Downloads/jdk1.8.0_45/jre/lib/i386/libnpt.so
f77a1000-f77a2000 rw-p 00000000 00:00 0 
f77a2000-f77a3000 r--p 00000000 00:00 0 
f77a3000-f77ae000 r-xp 00000000 08:05 3943418                            /home/vk/Downloads/jdk1.8.0_45/jre/lib/i386/libverify.so
f77ae000-f77af000 rw-p 0000b000 08:05 3943418                            /home/vk/Downloads/jdk1.8.0_45/jre/lib/i386/libverify.so
f77af000-f77b1000 rw-p 00000000 00:00 0 
f77b1000-f77b2000 r-xp 00000000 00:00 0                                  [vdso]
f77b2000-f77d2000 r-xp 00000000 08:05 393391                             /lib/i386-linux-gnu/ld-2.19.so
f77d2000-f77d3000 r--p 0001f000 08:05 393391                             /lib/i386-linux-gnu/ld-2.19.so
f77d3000-f77d4000 rw-p 00020000 08:05 393391                             /lib/i386-linux-gnu/ld-2.19.so
ff9aa000-ff9ab000 rwxp 00000000 00:00 0 
ff9dd000-ff9fe000 rw-p 00000000 00:00 0                                  [stack]

VM Arguments:
jvm_args: -agentlib:jdwp=transport=dt_socket,address=127.0.0.1:49103,suspend=y,server=n -Dfile.encoding=UTF-8 
java_command: sample.Main
java_class_path (initial): /home/vk/Downloads/jdk1.8.0_45/jre/lib/resources.jar:/home/vk/Downloads/jdk1.8.0_45/jre/lib/charsets.jar:/home/vk/Downloads/jdk1.8.0_45/jre/lib/jfxswt.jar:/home/vk/Downloads/jdk1.8.0_45/jre/lib/management-agent.jar:/home/vk/Downloads/jdk1.8.0_45/jre/lib/jce.jar:/home/vk/Downloads/jdk1.8.0_45/jre/lib/deploy.jar:/home/vk/Downloads/jdk1.8.0_45/jre/lib/rt.jar:/home/vk/Downloads/jdk1.8.0_45/jre/lib/plugin.jar:/home/vk/Downloads/jdk1.8.0_45/jre/lib/javaws.jar:/home/vk/Downloads/jdk1.8.0_45/jre/lib/jfr.jar:/home/vk/Downloads/jdk1.8.0_45/jre/lib/jsse.jar:/home/vk/Downloads/jdk1.8.0_45/jre/lib/ext/nashorn.jar:/home/vk/Downloads/jdk1.8.0_45/jre/lib/ext/localedata.jar:/home/vk/Downloads/jdk1.8.0_45/jre/lib/ext/dnsns.jar:/home/vk/Downloads/jdk1.8.0_45/jre/lib/ext/sunec.jar:/home/vk/Downloads/jdk1.8.0_45/jre/lib/ext/jfxrt.jar:/home/vk/Downloads/jdk1.8.0_45/jre/lib/ext/zipfs.jar:/home/vk/Downloads/jdk1.8.0_45/jre/lib/ext/sunjce_provider.jar:/home/vk/Downloads/jdk1.8.0_45/jre/lib/ext/cldrdata.jar:/home/vk/Downloads/jdk1.8.0_45/jre/lib/ext/sunpkcs11.jar:/home/vk/Dropbox/NAAI/out/production/NAAI:/home/vk/IDEs/idea-IU-139.1117.1/lib/idea_rt.jar
Launcher Type: SUN_STANDARD

Environment Variables:
CLASSPATH=/home/vk/IDEs/idea-IU-139.1117.1/bin/../lib/bootstrap.jar:/home/vk/IDEs/idea-IU-139.1117.1/bin/../lib/extensions.jar:/home/vk/IDEs/idea-IU-139.1117.1/bin/../lib/util.jar:/home/vk/IDEs/idea-IU-139.1117.1/bin/../lib/jdom.jar:/home/vk/IDEs/idea-IU-139.1117.1/bin/../lib/log4j.jar:/home/vk/IDEs/idea-IU-139.1117.1/bin/../lib/trove4j.jar:/home/vk/IDEs/idea-IU-139.1117.1/bin/../lib/jna.jar:/usr/lib/jvm/java-7-openjdk-amd64/lib/tools.jar
PATH=/usr/local/sbin:/usr/local/bin:/usr/sbin:/usr/bin:/sbin:/bin:/usr/games:/usr/local/games
USERNAME=vk
LD_LIBRARY_PATH=/home/vk/IDEs/idea-IU-139.1117.1/bin:
SHELL=/bin/bash
DISPLAY=:0.0

Signal Handlers:
SIGSEGV: [libjvm.so+0x8c29a0], sa_mask[0]=11111111011111111101111111111110, sa_flags=SA_RESTART|SA_SIGINFO
SIGBUS: [libjvm.so+0x8c29a0], sa_mask[0]=11111111011111111101111111111110, sa_flags=SA_RESTART|SA_SIGINFO
SIGFPE: [libjvm.so+0x7432d0], sa_mask[0]=11111111011111111101111111111110, sa_flags=SA_RESTART|SA_SIGINFO
SIGPIPE: SIG_IGN, sa_mask[0]=00000000000010000000000000000000, sa_flags=SA_RESTART
SIGXFSZ: [libjvm.so+0x7432d0], sa_mask[0]=11111111011111111101111111111110, sa_flags=SA_RESTART|SA_SIGINFO
SIGILL: [libjvm.so+0x7432d0], sa_mask[0]=11111111011111111101111111111110, sa_flags=SA_RESTART|SA_SIGINFO
SIGUSR1: SIG_DFL, sa_mask[0]=00000000000000000000000000000000, sa_flags=none
SIGUSR2: [libjvm.so+0x744860], sa_mask[0]=00100000000000000000000000000000, sa_flags=SA_RESTART|SA_SIGINFO
SIGHUP: [libjvm.so+0x745d10], sa_mask[0]=11111111011111111101111111111110, sa_flags=SA_RESTART|SA_SIGINFO
SIGINT: [libjvm.so+0x745d10], sa_mask[0]=11111111011111111101111111111110, sa_flags=SA_RESTART|SA_SIGINFO
SIGTERM: [libjvm.so+0x745d10], sa_mask[0]=11111111011111111101111111111110, sa_flags=SA_RESTART|SA_SIGINFO
SIGQUIT: [libjvm.so+0x745d10], sa_mask[0]=11111111011111111101111111111110, sa_flags=SA_RESTART|SA_SIGINFO


---------------  S Y S T E M  ---------------

OS:DISTRIB_ID=LinuxMint
DISTRIB_RELEASE=17.1
DISTRIB_CODENAME=rebecca
DISTRIB_DESCRIPTION="Linux Mint 17.1 Rebecca"

uname:Linux 3.13.0-37-generic #64-Ubuntu SMP Mon Sep 22 21:28:38 UTC 2014 x86_64
libc:glibc 2.19 NPTL 2.19 
rlimit: STACK 8192k, CORE 0k, NPROC 62006, NOFILE 4096, AS infinity
load average:1,00 0,62 0,47

/proc/meminfo:
MemTotal:        7967976 kB
MemFree:         2852656 kB
Buffers:          241732 kB
Cached:          1865712 kB
SwapCached:            0 kB
Active:          3301664 kB
Inactive:        1509628 kB
Active(anon):    2705668 kB
Inactive(anon):   457868 kB
Active(file):     595996 kB
Inactive(file):  1051760 kB
Unevictable:          68 kB
Mlocked:              68 kB
SwapTotal:       8177660 kB
SwapFree:        8177660 kB
Dirty:             21188 kB
Writeback:             0 kB
AnonPages:       2703868 kB
Mapped:           496516 kB
Shmem:            459692 kB
Slab:             178672 kB
SReclaimable:     145228 kB
SUnreclaim:        33444 kB
KernelStack:        6192 kB
PageTables:        43072 kB
NFS_Unstable:          0 kB
Bounce:                0 kB
WritebackTmp:          0 kB
CommitLimit:    12161648 kB
Committed_AS:    8330028 kB
VmallocTotal:   34359738367 kB
VmallocUsed:      553352 kB
VmallocChunk:   34359179292 kB
HardwareCorrupted:     0 kB
AnonHugePages:   1288192 kB
HugePages_Total:       0
HugePages_Free:        0
HugePages_Rsvd:        0
HugePages_Surp:        0
Hugepagesize:       2048 kB
DirectMap4k:       84024 kB
DirectMap2M:     8095744 kB


CPU:total 4 (2 cores per cpu, 2 threads per core) family 6 model 37 stepping 5, cmov, cx8, fxsr, mmx, sse, sse2, sse3, ssse3, sse4.1, sse4.2, popcnt, aes, clmul, ht, tsc, tscinvbit

/proc/cpuinfo:
processor	: 0
vendor_id	: GenuineIntel
cpu family	: 6
model		: 37
model name	: Intel(R) Core(TM) i5 CPU       M 560  @ 2.67GHz
stepping	: 5
microcode	: 0x2
cpu MHz		: 2667.000
cache size	: 3072 KB
physical id	: 0
siblings	: 4
core id		: 0
cpu cores	: 2
apicid		: 0
initial apicid	: 0
fpu		: yes
fpu_exception	: yes
cpuid level	: 11
wp		: yes
flags		: fpu vme de pse tsc msr pae mce cx8 apic sep mtrr pge mca cmov pat pse36 clflush dts acpi mmx fxsr sse sse2 ss ht tm pbe syscall nx rdtscp lm constant_tsc arch_perfmon pebs bts rep_good nopl xtopology nonstop_tsc aperfmperf pni pclmulqdq dtes64 monitor ds_cpl vmx smx est tm2 ssse3 cx16 xtpr pdcm pcid sse4_1 sse4_2 popcnt aes lahf_lm ida arat dtherm tpr_shadow vnmi flexpriority ept vpid
bogomips	: 5319.85
clflush size	: 64
cache_alignment	: 64
address sizes	: 36 bits physical, 48 bits virtual
power management:

processor	: 1
vendor_id	: GenuineIntel
cpu family	: 6
model		: 37
model name	: Intel(R) Core(TM) i5 CPU       M 560  @ 2.67GHz
stepping	: 5
microcode	: 0x2
cpu MHz		: 2667.000
cache size	: 3072 KB
physical id	: 0
siblings	: 4
core id		: 0
cpu cores	: 2
apicid		: 1
initial apicid	: 1
fpu		: yes
fpu_exception	: yes
cpuid level	: 11
wp		: yes
flags		: fpu vme de pse tsc msr pae mce cx8 apic sep mtrr pge mca cmov pat pse36 clflush dts acpi mmx fxsr sse sse2 ss ht tm pbe syscall nx rdtscp lm constant_tsc arch_perfmon pebs bts rep_good nopl xtopology nonstop_tsc aperfmperf pni pclmulqdq dtes64 monitor ds_cpl vmx smx est tm2 ssse3 cx16 xtpr pdcm pcid sse4_1 sse4_2 popcnt aes lahf_lm ida arat dtherm tpr_shadow vnmi flexpriority ept vpid
bogomips	: 5319.85
clflush size	: 64
cache_alignment	: 64
address sizes	: 36 bits physical, 48 bits virtual
power management:

processor	: 2
vendor_id	: GenuineIntel
cpu family	: 6
model		: 37
model name	: Intel(R) Core(TM) i5 CPU       M 560  @ 2.67GHz
stepping	: 5
microcode	: 0x2
cpu MHz		: 1199.000
cache size	: 3072 KB
physical id	: 0
siblings	: 4
core id		: 2
cpu cores	: 2
apicid		: 4
initial apicid	: 4
fpu		: yes
fpu_exception	: yes
cpuid level	: 11
wp		: yes
flags		: fpu vme de pse tsc msr pae mce cx8 apic sep mtrr pge mca cmov pat pse36 clflush dts acpi mmx fxsr sse sse2 ss ht tm pbe syscall nx rdtscp lm constant_tsc arch_perfmon pebs bts rep_good nopl xtopology nonstop_tsc aperfmperf pni pclmulqdq dtes64 monitor ds_cpl vmx smx est tm2 ssse3 cx16 xtpr pdcm pcid sse4_1 sse4_2 popcnt aes lahf_lm ida arat dtherm tpr_shadow vnmi flexpriority ept vpid
bogomips	: 5319.85
clflush size	: 64
cache_alignment	: 64
address sizes	: 36 bits physical, 48 bits virtual
power management:

processor	: 3
vendor_id	: GenuineIntel
cpu family	: 6
model		: 37
model name	: Intel(R) Core(TM) i5 CPU       M 560  @ 2.67GHz
stepping	: 5
microcode	: 0x2
cpu MHz		: 2667.000
cache size	: 3072 KB
physical id	: 0
siblings	: 4
core id		: 2
cpu cores	: 2
apicid		: 5
initial apicid	: 5
fpu		: yes
fpu_exception	: yes
cpuid level	: 11
wp		: yes
flags		: fpu vme de pse tsc msr pae mce cx8 apic sep mtrr pge mca cmov pat pse36 clflush dts acpi mmx fxsr sse sse2 ss ht tm pbe syscall nx rdtscp lm constant_tsc arch_perfmon pebs bts rep_good nopl xtopology nonstop_tsc aperfmperf pni pclmulqdq dtes64 monitor ds_cpl vmx smx est tm2 ssse3 cx16 xtpr pdcm pcid sse4_1 sse4_2 popcnt aes lahf_lm ida arat dtherm tpr_shadow vnmi flexpriority ept vpid
bogomips	: 5319.85
clflush size	: 64
cache_alignment	: 64
address sizes	: 36 bits physical, 48 bits virtual
power management:



Memory: 4k page, physical 7967976k(2852656k free), swap 8177660k(8177660k free)

vm_info: Java HotSpot(TM) Server VM (25.45-b02) for linux-x86 JRE (1.8.0_45-b14), built on Apr 10 2015 10:38:30 by "java_re" with gcc 4.3.0 20080428 (Red Hat 4.3.0-8)

time: Mon Aug  3 13:03:36 2015
elapsed time: 1701 seconds (0d 0h 28m 21s)

