#
# A fatal error has been detected by the Java Runtime Environment:
#
#  SIGSEGV (0xb) at pc=0xf6e3d3c8, pid=3071, tid=2742393664
#
# JRE version: Java(TM) SE Runtime Environment (8.0_45-b14) (build 1.8.0_45-b14)
# Java VM: Java HotSpot(TM) Server VM (25.45-b02 mixed mode linux-x86 )
# Problematic frame:
# V  [libjvm.so+0x6df3c8]  Method::checked_resolve_jmethod_id(_jmethodID*)+0x18
#
# Failed to write core dump. Core dumps have been disabled. To enable core dumping, try "ulimit -c unlimited" before starting Java again
#
# If you would like to submit a bug report, please visit:
#   http://bugreport.java.com/bugreport/crash.jsp
#

---------------  T H R E A D  ---------------

Current thread (0xa36a9000):  JavaThread "JDWP Transport Listener: dt_socket" daemon [_thread_in_vm, id=3090, stack(0xa3709000,0xa375a000)]

siginfo: si_signo: 11 (SIGSEGV), si_code: 1 (SEGV_MAPERR), si_addr: 0x00000028

Registers:
EAX=0x00000028, EBX=0xf71214b0, ECX=0x00000000, EDX=0xf6502cc8
ESP=0xa3758be0, EBP=0xa3758be8, ESI=0xa3758c0c, EDI=0x00000028
EIP=0xf6e3d3c8, EFLAGS=0x00010206, CR2=0x00000028

Top of Stack: (sp=0xa3758be0)
0xa3758be0:   a3758c0c f71214b0 a3758c28 f6cf7afc
0xa3758bf0:   00000028 a36a9000 a36a9000 a36a9000
0xa3758c00:   a1336298 a36a9000 00000063 a36a9000
0xa3758c10:   00000000 00000000 00000000 f6698170
0xa3758c20:   f6698ac0 a3758c8b a3758c48 f6689718
0xa3758c30:   f6502cc8 00000028 a3758c8b f6698170
0xa3758c40:   00000028 00000008 a3758c98 f66677ca
0xa3758c50:   00000028 a3758c8b a3758c78 a3758c74 

Instructions: (pc=0xf6e3d3c8)
0xf6e3d3a8:   00 00 8d bf 00 00 00 00 55 89 e5 53 83 ec 04 8b
0xf6e3d3b8:   45 08 85 c0 75 0a 31 db 89 d8 8b 5d fc c9 c3 90
0xf6e3d3c8:   8b 18 85 db 74 f0 83 fb 37 74 eb 83 ec 0c 8b 03
0xf6e3d3d8:   53 ff 50 08 83 c4 10 84 c0 75 dd eb d9 90 8d 76 

Register to memory mapping:

EAX=0x00000028 is an unknown value
EBX=0xf71214b0: <offset 0x9c34b0> in /home/vk/Downloads/jdk1.8.0_45/jre/lib/i386/server/libjvm.so at 0xf675e000
ECX=0x00000000 is an unknown value
EDX=0xf6502cc8 is an unknown value
ESP=0xa3758be0 is pointing into the stack for thread: 0xa36a9000
EBP=0xa3758be8 is pointing into the stack for thread: 0xa36a9000
ESI=0xa3758c0c is pointing into the stack for thread: 0xa36a9000
EDI=0x00000028 is an unknown value


Stack: [0xa3709000,0xa375a000],  sp=0xa3758be0,  free space=318k
Native frames: (J=compiled Java code, j=interpreted, Vv=VM code, C=native code)
V  [libjvm.so+0x6df3c8]  Method::checked_resolve_jmethod_id(_jmethodID*)+0x18
V  [libjvm.so+0x599afc]  jvmti_IsMethodSynthetic+0x29c
C  [libjdwp.so+0x28718]  isMethodSynthetic+0x48
C  [libjdwp.so+0x67ca]  methods1+0x1ba
C  [libjdwp.so+0x128f3]  debugLoop_run+0x303
C  [libjdwp.so+0x274df]  connectionInitiated+0xbf
C  [libjdwp.so+0x27520]  attachThread+0x30
V  [libjvm.so+0x5fbb31]  JvmtiAgentThread::call_start_function()+0xc1
V  [libjvm.so+0x876229]  JavaThread::thread_main_inner()+0x109
V  [libjvm.so+0x8763ab]  JavaThread::run()+0x14b
V  [libjvm.so+0x749049]  java_start(Thread*)+0x119
C  [libpthread.so.0+0x6f70]  start_thread+0xd0
C  [libc.so.6+0xebbee]  clone+0x5e


---------------  P R O C E S S  ---------------

Java Threads: ( => current thread )
  0xa2eb1400 JavaThread "JavaFX-Launcher" [_thread_blocked, id=3105, stack(0xa11af000,0xa1200000)]
  0xa2ea9800 JavaThread "JavaFX Application Thread" [_thread_blocked, id=3103, stack(0xa16af000,0xa1700000)]
  0xa2ea3400 JavaThread "Thread-1" daemon [_thread_blocked, id=3102, stack(0xa1700000,0xa1751000)]
  0xa2e48800 JavaThread "QuantumRenderer-0" daemon [_thread_blocked, id=3101, stack(0xa2f1a000,0xa2f6b000)]
  0xa36c6400 JavaThread "Service Thread" daemon [_thread_blocked, id=3098, stack(0xa318a000,0xa31db000)]
  0xa36b1400 JavaThread "C1 CompilerThread2" daemon [_thread_blocked, id=3097, stack(0xa31db000,0xa325c000)]
  0xa36b0000 JavaThread "C2 CompilerThread1" daemon [_thread_blocked, id=3096, stack(0xa325c000,0xa32dd000)]
  0xa36ae000 JavaThread "C2 CompilerThread0" daemon [_thread_blocked, id=3095, stack(0xa32dd000,0xa335e000)]
  0xa3400800 JavaThread "JDWP Command Reader" daemon [_thread_in_native, id=3092, stack(0xa335e000,0xa33af000)]
  0xa36ac800 JavaThread "JDWP Event Helper Thread" daemon [_thread_blocked, id=3091, stack(0xa33af000,0xa3400000)]
=>0xa36a9000 JavaThread "JDWP Transport Listener: dt_socket" daemon [_thread_in_vm, id=3090, stack(0xa3709000,0xa375a000)]
  0xa36a0800 JavaThread "Signal Dispatcher" daemon [_thread_blocked, id=3089, stack(0xa632e000,0xa637f000)]
  0xa3685400 JavaThread "Finalizer" daemon [_thread_blocked, id=3082, stack(0xa652e000,0xa657f000)]
  0xa3683c00 JavaThread "Reference Handler" daemon [_thread_blocked, id=3081, stack(0xa672e000,0xa677f000)]
  0xf6509c00 JavaThread "main" [_thread_blocked, id=3072, stack(0xf66c7000,0xf6718000)]

Other Threads:
  0xa3680c00 VMThread [stack: 0xa375a000,0xa37db000] [id=3080]
  0xa36c7c00 WatcherThread [stack: 0xa3109000,0xa318a000] [id=3099]

VM state:not at safepoint (normal execution)

VM Mutex/Monitor currently owned by a thread: None

Heap:
 PSYoungGen      total 19200K, used 13255K [0xd16c0000, 0xd2c00000, 0xe6c00000)
  eden space 16640K, 79% used [0xd16c0000,0xd23b1db8,0xd2700000)
  from space 2560K, 0% used [0xd2980000,0xd2980000,0xd2c00000)
  to   space 2560K, 0% used [0xd2700000,0xd2700000,0xd2980000)
 ParOldGen       total 43776K, used 0K [0xa6c00000, 0xa96c0000, 0xd16c0000)
  object space 43776K, 0% used [0xa6c00000,0xa6c00000,0xa96c0000)
 Metaspace       used 5222K, capacity 5512K, committed 5656K, reserved 6448K

Card table byte_map: [0xa69ff000,0xa6c00000] byte_map_base: 0xa64c9000

Marking Bits: (ParMarkBitMap*) 0xf714e960
 Begin Bits: [0xa4200000, 0xa5200000)
 End Bits:   [0xa5200000, 0xa6200000)

Polling page: 0xf775d000

CodeCache: size=245760Kb used=1795Kb max_used=1813Kb free=243964Kb
 bounds [0xe7190000, 0xe73d0000, 0xf6190000]
 total_blobs=869 nmethods=586 adapters=206
 compilation: enabled

Compilation events (10 events):
Event: 0,977 Thread 0xa36b1400 nmethod 510 0xe733e9c8 code [0xe733eae0, 0xe733ec00]
Event: 0,977 Thread 0xa36b1400  584       3       java.util.jar.JarEntry::<init> (6 bytes)
Event: 0,978 Thread 0xa36b1400 nmethod 584 0xe734a788 code [0xe734a8a0, 0xe734a9ac]
Event: 0,978 Thread 0xa36b1400  582       3       jdk.internal.org.objectweb.asm.MethodWriter::visitMethodInsn (220 bytes)
Event: 0,979 Thread 0xa36b1400 nmethod 582 0xe7349d48 code [0xe7349ee0, 0xe734a3f4]
Event: 0,979 Thread 0xa36b1400  586       3       java.util.jar.JarFile$JarFileEntry::<init> (11 bytes)
Event: 0,979 Thread 0xa36b1400 nmethod 586 0xe7349a08 code [0xe7349b20, 0xe7349c8c]
Event: 0,979 Thread 0xa36b1400  499       1       java.lang.ThreadLocal::access$400 (5 bytes)
Event: 0,979 Thread 0xa36b1400 nmethod 499 0xe7349808 code [0xe7349900, 0xe7349980]
Event: 1,032 Thread 0xa36ae000 nmethod 501 0xe7352d08 code [0xe7352fc0, 0xe7354a78]

GC Heap History (0 events):
No events

Deoptimization events (2 events):
Event: 0,902 Thread 0xa2ea9800 Uncommon trap: reason=unstable_if action=reinterpret pc=0xe72dad30 method=java.lang.String.indexOf([CII[CIII)I @ 134
Event: 0,903 Thread 0xa2ea9800 Uncommon trap: reason=unstable_if action=reinterpret pc=0xe72b43c0 method=java.lang.String.replace(CC)Ljava/lang/String; @ 2

Internal exceptions (10 events):
Event: 0,042 Thread 0xf6509c00 Exception <a 'java/lang/NoSuchMethodError': Method sun.misc.Unsafe.prefetchRead(Ljava/lang/Object;J)V name or signature does not match> (0xd16d0508) thrown at [/HUDSON/workspace/8-2-build-linux-i586/jdk8u45/3457/hotspot/src/share/vm/prims/jni.cpp, line 39
Event: 0,400 Thread 0xf6509c00 Exception <a 'java/lang/NoSuchFieldError': method resolution failed> (0xd194baa0) thrown at [/HUDSON/workspace/8-2-build-linux-i586/jdk8u45/3457/hotspot/src/share/vm/prims/methodHandles.cpp, line 1125]
Event: 0,405 Thread 0xf6509c00 Exception <a 'java/lang/NoSuchFieldError': method resolution failed> (0xd1958c20) thrown at [/HUDSON/workspace/8-2-build-linux-i586/jdk8u45/3457/hotspot/src/share/vm/prims/methodHandles.cpp, line 1125]
Event: 0,442 Thread 0xf6509c00 Exception <a 'java/security/PrivilegedActionException'> (0xd19d4f30) thrown at [/HUDSON/workspace/8-2-build-linux-i586/jdk8u45/3457/hotspot/src/share/vm/prims/jvm.cpp, line 1382]
Event: 0,442 Thread 0xf6509c00 Exception <a 'java/security/PrivilegedActionException'> (0xd19d50e0) thrown at [/HUDSON/workspace/8-2-build-linux-i586/jdk8u45/3457/hotspot/src/share/vm/prims/jvm.cpp, line 1382]
Event: 0,443 Thread 0xf6509c00 Exception <a 'java/security/PrivilegedActionException'> (0xd19d73b0) thrown at [/HUDSON/workspace/8-2-build-linux-i586/jdk8u45/3457/hotspot/src/share/vm/prims/jvm.cpp, line 1382]
Event: 0,443 Thread 0xf6509c00 Exception <a 'java/security/PrivilegedActionException'> (0xd19d7560) thrown at [/HUDSON/workspace/8-2-build-linux-i586/jdk8u45/3457/hotspot/src/share/vm/prims/jvm.cpp, line 1382]
Event: 0,443 Thread 0xf6509c00 Exception <a 'java/lang/NullPointerException'> (0xd19d7a78) thrown at [/HUDSON/workspace/8-2-build-linux-i586/jdk8u45/3457/hotspot/src/share/vm/interpreter/linkResolver.cpp, line 1178]
Event: 0,865 Thread 0xa2ea9800 Exception <a 'java/lang/NullPointerException'> (0xd20f4268) thrown at [/HUDSON/workspace/8-2-build-linux-i586/jdk8u45/3457/hotspot/src/share/vm/interpreter/linkResolver.cpp, line 1178]
Event: 0,865 Thread 0xa2ea9800 Exception <a 'java/lang/NullPointerException'> (0xd20f4268) thrown at [/HUDSON/workspace/8-2-build-linux-i586/jdk8u45/3457/hotspot/src/share/vm/prims/jvm.cpp, line 1386]

Events (10 events):
Event: 2014,928 Executing VM operation: ChangeBreakpoints
Event: 2014,928 Executing VM operation: ChangeBreakpoints done
Event: 2014,930 Executing VM operation: ChangeBreakpoints
Event: 2014,930 Executing VM operation: ChangeBreakpoints done
Event: 2028,201 Executing VM operation: ChangeBreakpoints
Event: 2028,201 Executing VM operation: ChangeBreakpoints done
Event: 2028,202 Executing VM operation: ChangeBreakpoints
Event: 2028,202 Executing VM operation: ChangeBreakpoints done
Event: 2028,205 Executing VM operation: RedefineClasses
Event: 2028,212 Executing VM operation: RedefineClasses done


Dynamic libraries:
08048000-08049000 r-xp 00000000 08:05 2107442                            /home/vk/Downloads/jdk1.8.0_45/bin/java
08049000-0804a000 rw-p 00000000 08:05 2107442                            /home/vk/Downloads/jdk1.8.0_45/bin/java
0912f000-09150000 rw-p 00000000 00:00 0                                  [heap]
9f3fb000-a0300000 rw-p 00000000 00:00 0 
a0300000-a0400000 rw-p 00000000 00:00 0 
a0700000-a0800000 rw-p 00000000 00:00 0 
a0cb0000-a0f40000 rw-p 00000000 00:00 0 
a0f40000-a1000000 ---p 00000000 00:00 0 
a1000000-a1064000 rw-p 00000000 00:00 0 
a1064000-a1100000 ---p 00000000 00:00 0 
a11af000-a11b2000 ---p 00000000 00:00 0 
a11b2000-a1300000 rw-p 00000000 00:00 0                                  [stack:3105]
a1300000-a1353000 rw-p 00000000 00:00 0 
a1353000-a1400000 ---p 00000000 00:00 0 
a1416000-a16af000 rw-p 00000000 00:00 0 
a16af000-a16b2000 ---p 00000000 00:00 0 
a16b2000-a1700000 rw-p 00000000 00:00 0                                  [stack:3103]
a1700000-a1703000 ---p 00000000 00:00 0 
a1703000-a1751000 rw-p 00000000 00:00 0                                  [stack:3102]
a1751000-a1786000 r-xp 00000000 08:05 3540342                            /usr/lib/i386-linux-gnu/gtk-2.0/2.10.0/engines/libmurrine.so
a1786000-a1787000 r--p 00034000 08:05 3540342                            /usr/lib/i386-linux-gnu/gtk-2.0/2.10.0/engines/libmurrine.so
a1787000-a1788000 rw-p 00035000 08:05 3540342                            /usr/lib/i386-linux-gnu/gtk-2.0/2.10.0/engines/libmurrine.so
a1788000-a17b0000 r-xp 00000000 08:05 3943464                            /home/vk/Downloads/jdk1.8.0_45/jre/lib/i386/libglass.so
a17b0000-a17b1000 r--p 00027000 08:05 3943464                            /home/vk/Downloads/jdk1.8.0_45/jre/lib/i386/libglass.so
a17b1000-a17b2000 rw-p 00028000 08:05 3943464                            /home/vk/Downloads/jdk1.8.0_45/jre/lib/i386/libglass.so
a17b2000-a17bb000 r-xp 00000000 08:05 3413959                            /usr/lib/i386-linux-gnu/libpciaccess.so.0.11.1
a17bb000-a17bc000 r--p 00008000 08:05 3413959                            /usr/lib/i386-linux-gnu/libpciaccess.so.0.11.1
a17bc000-a17bd000 rw-p 00009000 08:05 3413959                            /usr/lib/i386-linux-gnu/libpciaccess.so.0.11.1
a17bd000-a17c9000 r-xp 00000000 08:05 3411756                            /usr/lib/i386-linux-gnu/libdrm_radeon.so.1.0.1
a17c9000-a17ca000 r--p 0000b000 08:05 3411756                            /usr/lib/i386-linux-gnu/libdrm_radeon.so.1.0.1
a17ca000-a17cb000 rw-p 0000c000 08:05 3411756                            /usr/lib/i386-linux-gnu/libdrm_radeon.so.1.0.1
a17cb000-a17d1000 r-xp 00000000 08:05 3411752                            /usr/lib/i386-linux-gnu/libdrm_nouveau.so.2.0.0
a17d1000-a17d2000 r--p 00005000 08:05 3411752                            /usr/lib/i386-linux-gnu/libdrm_nouveau.so.2.0.0
a17d2000-a17d3000 rw-p 00006000 08:05 3411752                            /usr/lib/i386-linux-gnu/libdrm_nouveau.so.2.0.0
a17d3000-a17f4000 r-xp 00000000 08:05 3410982                            /usr/lib/i386-linux-gnu/libdrm_intel.so.1.0.0
a17f4000-a17f5000 r--p 00020000 08:05 3410982                            /usr/lib/i386-linux-gnu/libdrm_intel.so.1.0.0
a17f5000-a17f6000 rw-p 00021000 08:05 3410982                            /usr/lib/i386-linux-gnu/libdrm_intel.so.1.0.0
a17f6000-a1d1b000 r-xp 00000000 08:05 3539264                            /usr/lib/i386-linux-gnu/dri/i965_dri.so
a1d1b000-a1d28000 r--p 00524000 08:05 3539264                            /usr/lib/i386-linux-gnu/dri/i965_dri.so
a1d28000-a1d30000 rw-p 00531000 08:05 3539264                            /usr/lib/i386-linux-gnu/dri/i965_dri.so
a1d30000-a1d69000 rw-p 00000000 00:00 0 
a1d69000-a1db2000 r-xp 00000000 08:05 394286                             /lib/i386-linux-gnu/libdbus-1.so.3.7.6
a1db2000-a1db3000 r--p 00048000 08:05 394286                             /lib/i386-linux-gnu/libdbus-1.so.3.7.6
a1db3000-a1db4000 rw-p 00049000 08:05 394286                             /lib/i386-linux-gnu/libdbus-1.so.3.7.6
a1db4000-a1dbc000 r-xp 00000000 08:05 394264                             /lib/i386-linux-gnu/libnih-dbus.so.1.0.0
a1dbc000-a1dbd000 r--p 00007000 08:05 394264                             /lib/i386-linux-gnu/libnih-dbus.so.1.0.0
a1dbd000-a1dbe000 rw-p 00008000 08:05 394264                             /lib/i386-linux-gnu/libnih-dbus.so.1.0.0
a1dbe000-a1dd5000 r-xp 00000000 08:05 394266                             /lib/i386-linux-gnu/libnih.so.1.0.0
a1dd5000-a1dd6000 r--p 00016000 08:05 394266                             /lib/i386-linux-gnu/libnih.so.1.0.0
a1dd6000-a1dd7000 rw-p 00017000 08:05 394266                             /lib/i386-linux-gnu/libnih.so.1.0.0
a1dd7000-a1df3000 r-xp 00000000 08:05 393498                             /lib/i386-linux-gnu/libcgmanager.so.0.0.0
a1df3000-a1df4000 r--p 0001b000 08:05 393498                             /lib/i386-linux-gnu/libcgmanager.so.0.0.0
a1df4000-a1df5000 rw-p 0001c000 08:05 393498                             /lib/i386-linux-gnu/libcgmanager.so.0.0.0
a1df5000-a1e06000 r-xp 00000000 08:05 393554                             /lib/i386-linux-gnu/libudev.so.1.3.5
a1e06000-a1e07000 r--p 00010000 08:05 393554                             /lib/i386-linux-gnu/libudev.so.1.3.5
a1e07000-a1e08000 rw-p 00011000 08:05 393554                             /lib/i386-linux-gnu/libudev.so.1.3.5
a1e08000-a1e0f000 r-xp 00000000 08:05 3413711                            /usr/lib/i386-linux-gnu/libdatrie.so.1.3.1
a1e0f000-a1e10000 r--p 00006000 08:05 3413711                            /usr/lib/i386-linux-gnu/libdatrie.so.1.3.1
a1e10000-a1e11000 rw-p 00007000 08:05 3413711                            /usr/lib/i386-linux-gnu/libdatrie.so.1.3.1
a1e11000-a1e16000 r-xp 00000000 08:05 3413625                            /usr/lib/i386-linux-gnu/libXdmcp.so.6.0.0
a1e16000-a1e17000 r--p 00004000 08:05 3413625                            /usr/lib/i386-linux-gnu/libXdmcp.so.6.0.0
a1e17000-a1e18000 rw-p 00005000 08:05 3413625                            /usr/lib/i386-linux-gnu/libXdmcp.so.6.0.0
a1e18000-a1e1a000 r-xp 00000000 08:05 3413612                            /usr/lib/i386-linux-gnu/libXau.so.6.0.0
a1e1a000-a1e1b000 r--p 00001000 08:05 3413612                            /usr/lib/i386-linux-gnu/libXau.so.6.0.0
a1e1b000-a1e1c000 rw-p 00002000 08:05 3413612                            /usr/lib/i386-linux-gnu/libXau.so.6.0.0
a1e1c000-a1e36000 r-xp 00000000 08:05 3413786                            /usr/lib/i386-linux-gnu/libgraphite2.so.3.0.1
a1e36000-a1e37000 r--p 00019000 08:05 3413786                            /usr/lib/i386-linux-gnu/libgraphite2.so.3.0.1
a1e37000-a1e38000 rw-p 0001a000 08:05 3413786                            /usr/lib/i386-linux-gnu/libgraphite2.so.3.0.1
a1e38000-a1e44000 r-xp 00000000 08:05 3411740                            /usr/lib/i386-linux-gnu/libdrm.so.2.4.0
a1e44000-a1e45000 r--p 0000b000 08:05 3411740                            /usr/lib/i386-linux-gnu/libdrm.so.2.4.0
a1e45000-a1e46000 rw-p 0000c000 08:05 3411740                            /usr/lib/i386-linux-gnu/libdrm.so.2.4.0
a1e46000-a1e4b000 r-xp 00000000 08:05 3414070                            /usr/lib/i386-linux-gnu/libxcb-sync.so.1.0.0
a1e4b000-a1e4c000 r--p 00004000 08:05 3414070                            /usr/lib/i386-linux-gnu/libxcb-sync.so.1.0.0
a1e4c000-a1e4d000 rw-p 00005000 08:05 3414070                            /usr/lib/i386-linux-gnu/libxcb-sync.so.1.0.0
a1e4d000-a1e4f000 r-xp 00000000 08:05 3414064                            /usr/lib/i386-linux-gnu/libxcb-present.so.0.0.0
a1e4f000-a1e50000 r--p 00001000 08:05 3414064                            /usr/lib/i386-linux-gnu/libxcb-present.so.0.0.0
a1e50000-a1e51000 rw-p 00002000 08:05 3414064                            /usr/lib/i386-linux-gnu/libxcb-present.so.0.0.0
a1e51000-a1e53000 r-xp 00000000 08:05 3414060                            /usr/lib/i386-linux-gnu/libxcb-dri3.so.0.0.0
a1e53000-a1e54000 r--p 00001000 08:05 3414060                            /usr/lib/i386-linux-gnu/libxcb-dri3.so.0.0.0
a1e54000-a1e55000 rw-p 00002000 08:05 3414060                            /usr/lib/i386-linux-gnu/libxcb-dri3.so.0.0.0
a1e55000-a1e59000 r-xp 00000000 08:05 3414058                            /usr/lib/i386-linux-gnu/libxcb-dri2.so.0.0.0
a1e59000-a1e5a000 r--p 00003000 08:05 3414058                            /usr/lib/i386-linux-gnu/libxcb-dri2.so.0.0.0
a1e5a000-a1e5b000 rw-p 00004000 08:05 3414058                            /usr/lib/i386-linux-gnu/libxcb-dri2.so.0.0.0
a1e5b000-a1e71000 r-xp 00000000 08:05 3414062                            /usr/lib/i386-linux-gnu/libxcb-glx.so.0.0.0
a1e71000-a1e72000 r--p 00016000 08:05 3414062                            /usr/lib/i386-linux-gnu/libxcb-glx.so.0.0.0
a1e72000-a1e73000 rw-p 00017000 08:05 3414062                            /usr/lib/i386-linux-gnu/libxcb-glx.so.0.0.0
a1e73000-a1e83000 r-xp 00000000 08:05 3413750                            /usr/lib/i386-linux-gnu/libglapi.so.0.0.0
a1e83000-a1e85000 r--p 0000f000 08:05 3413750                            /usr/lib/i386-linux-gnu/libglapi.so.0.0.0
a1e85000-a1e8a000 rwxp 00011000 08:05 3413750                            /usr/lib/i386-linux-gnu/libglapi.so.0.0.0
a1e8a000-a1e8b000 rwxp 00000000 00:00 0 
a1e8b000-a1ec7000 r-xp 00000000 08:05 394283                             /lib/i386-linux-gnu/libpcre.so.3.13.1
a1ec7000-a1ec8000 r--p 0003b000 08:05 394283                             /lib/i386-linux-gnu/libpcre.so.3.13.1
a1ec8000-a1ec9000 rw-p 0003c000 08:05 394283                             /lib/i386-linux-gnu/libpcre.so.3.13.1
a1ec9000-a1ece000 r-xp 00000000 08:05 3413736                            /usr/lib/i386-linux-gnu/libffi.so.6.0.1
a1ece000-a1ecf000 r--p 00005000 08:05 3413736                            /usr/lib/i386-linux-gnu/libffi.so.6.0.1
a1ecf000-a1ed0000 rw-p 00006000 08:05 3413736                            /usr/lib/i386-linux-gnu/libffi.so.6.0.1
a1ed0000-a1ef5000 r-xp 00000000 08:05 394240                             /lib/i386-linux-gnu/libexpat.so.1.6.0
a1ef5000-a1ef6000 ---p 00025000 08:05 394240                             /lib/i386-linux-gnu/libexpat.so.1.6.0
a1ef6000-a1ef8000 r--p 00025000 08:05 394240                             /lib/i386-linux-gnu/libexpat.so.1.6.0
a1ef8000-a1ef9000 rw-p 00027000 08:05 394240                             /lib/i386-linux-gnu/libexpat.so.1.6.0
a1ef9000-a1f01000 r-xp 00000000 08:05 3414021                            /usr/lib/i386-linux-gnu/libthai.so.0.2.0
a1f01000-a1f02000 r--p 00007000 08:05 3414021                            /usr/lib/i386-linux-gnu/libthai.so.0.2.0
a1f02000-a1f03000 rw-p 00008000 08:05 3414021                            /usr/lib/i386-linux-gnu/libthai.so.0.2.0
a1f03000-a1f23000 r-xp 00000000 08:05 3414072                            /usr/lib/i386-linux-gnu/libxcb.so.1.1.0
a1f23000-a1f24000 r--p 0001f000 08:05 3414072                            /usr/lib/i386-linux-gnu/libxcb.so.1.1.0
a1f24000-a1f25000 rw-p 00020000 08:05 3414072                            /usr/lib/i386-linux-gnu/libxcb.so.1.1.0
a1f25000-a1f2d000 r-xp 00000000 08:05 3414066                            /usr/lib/i386-linux-gnu/libxcb-render.so.0.0.0
a1f2d000-a1f2e000 r--p 00008000 08:05 3414066                            /usr/lib/i386-linux-gnu/libxcb-render.so.0.0.0
a1f2e000-a1f2f000 rw-p 00009000 08:05 3414066                            /usr/lib/i386-linux-gnu/libxcb-render.so.0.0.0
a1f2f000-a1f31000 r-xp 00000000 08:05 3414068                            /usr/lib/i386-linux-gnu/libxcb-shm.so.0.0.0
a1f31000-a1f32000 r--p 00001000 08:05 3414068                            /usr/lib/i386-linux-gnu/libxcb-shm.so.0.0.0
a1f32000-a1f33000 rw-p 00002000 08:05 3414068                            /usr/lib/i386-linux-gnu/libxcb-shm.so.0.0.0
a1f33000-a1f59000 r-xp 00000000 08:05 394285                             /lib/i386-linux-gnu/libpng12.so.0.50.0
a1f59000-a1f5a000 r--p 00025000 08:05 394285                             /lib/i386-linux-gnu/libpng12.so.0.50.0
a1f5a000-a1f5b000 rw-p 00026000 08:05 394285                             /lib/i386-linux-gnu/libpng12.so.0.50.0
a1f5b000-a1fff000 r-xp 00000000 08:05 3413963                            /usr/lib/i386-linux-gnu/libpixman-1.so.0.30.2
a1fff000-a2004000 r--p 000a4000 08:05 3413963                            /usr/lib/i386-linux-gnu/libpixman-1.so.0.30.2
a2004000-a2005000 rw-p 000a9000 08:05 3413963                            /usr/lib/i386-linux-gnu/libpixman-1.so.0.30.2
a2005000-a2059000 r-xp 00000000 08:05 3413874                            /usr/lib/i386-linux-gnu/libharfbuzz.so.0.927.0
a2059000-a205a000 r--p 00054000 08:05 3413874                            /usr/lib/i386-linux-gnu/libharfbuzz.so.0.927.0
a205a000-a205b000 rw-p 00055000 08:05 3413874                            /usr/lib/i386-linux-gnu/libharfbuzz.so.0.927.0
a205b000-a206e000 r-xp 00000000 08:05 393404                             /lib/i386-linux-gnu/libresolv-2.19.so
a206e000-a206f000 ---p 00013000 08:05 393404                             /lib/i386-linux-gnu/libresolv-2.19.so
a206f000-a2070000 r--p 00013000 08:05 393404                             /lib/i386-linux-gnu/libresolv-2.19.so
a2070000-a2071000 rw-p 00014000 08:05 393404                             /lib/i386-linux-gnu/libresolv-2.19.so
a2071000-a2073000 rw-p 00000000 00:00 0 
a2073000-a2093000 r-xp 00000000 08:05 394294                             /lib/i386-linux-gnu/libselinux.so.1
a2093000-a2094000 r--p 0001f000 08:05 394294                             /lib/i386-linux-gnu/libselinux.so.1
a2094000-a2095000 rw-p 00020000 08:05 394294                             /lib/i386-linux-gnu/libselinux.so.1
a2095000-a2096000 rw-p 00000000 00:00 0 
a2096000-a20ae000 r-xp 00000000 08:05 394314                             /lib/i386-linux-gnu/libz.so.1.2.8
a20ae000-a20af000 r--p 00017000 08:05 394314                             /lib/i386-linux-gnu/libz.so.1.2.8
a20af000-a20b0000 rw-p 00018000 08:05 394314                             /lib/i386-linux-gnu/libz.so.1.2.8
a20b0000-a20c1000 r-xp 00000000 08:05 3412307                            /usr/lib/i386-linux-gnu/libXext.so.6.4.0
a20c1000-a20c2000 r--p 00010000 08:05 3412307                            /usr/lib/i386-linux-gnu/libXext.so.6.4.0
a20c2000-a20c3000 rw-p 00011000 08:05 3412307                            /usr/lib/i386-linux-gnu/libXext.so.6.4.0
a20c3000-a20c5000 r-xp 00000000 08:05 3413623                            /usr/lib/i386-linux-gnu/libXdamage.so.1.1.0
a20c5000-a20c6000 r--p 00001000 08:05 3413623                            /usr/lib/i386-linux-gnu/libXdamage.so.1.1.0
a20c6000-a20c7000 rw-p 00002000 08:05 3413623                            /usr/lib/i386-linux-gnu/libXdamage.so.1.1.0
a20c7000-a20c9000 r-xp 00000000 08:05 3413619                            /usr/lib/i386-linux-gnu/libXcomposite.so.1.0.0
a20c9000-a20ca000 r--p 00001000 08:05 3413619                            /usr/lib/i386-linux-gnu/libXcomposite.so.1.0.0
a20ca000-a20cb000 rw-p 00002000 08:05 3413619                            /usr/lib/i386-linux-gnu/libXcomposite.so.1.0.0
a20cb000-a20d4000 r-xp 00000000 08:05 3413621                            /usr/lib/i386-linux-gnu/libXcursor.so.1.0.2
a20d4000-a20d5000 r--p 00008000 08:05 3413621                            /usr/lib/i386-linux-gnu/libXcursor.so.1.0.2
a20d5000-a20d6000 rw-p 00009000 08:05 3413621                            /usr/lib/i386-linux-gnu/libXcursor.so.1.0.2
a20d6000-a20df000 r-xp 00000000 08:05 3413643                            /usr/lib/i386-linux-gnu/libXrandr.so.2.2.0
a20df000-a20e0000 r--p 00008000 08:05 3413643                            /usr/lib/i386-linux-gnu/libXrandr.so.2.2.0
a20e0000-a20e1000 rw-p 00009000 08:05 3413643                            /usr/lib/i386-linux-gnu/libXrandr.so.2.2.0
a20e1000-a20ef000 r-xp 00000000 08:05 3413703                            /usr/lib/i386-linux-gnu/libXi.so.6.1.0
a20ef000-a20f0000 r--p 0000e000 08:05 3413703                            /usr/lib/i386-linux-gnu/libXi.so.6.1.0
a20f0000-a20f1000 rw-p 0000f000 08:05 3413703                            /usr/lib/i386-linux-gnu/libXi.so.6.1.0
a20f1000-a20fa000 r-xp 00000000 08:05 3412278                            /usr/lib/i386-linux-gnu/libXrender.so.1.3.0
a20fa000-a20fb000 r--p 00008000 08:05 3412278                            /usr/lib/i386-linux-gnu/libXrender.so.1.3.0
a20fb000-a20fc000 rw-p 00009000 08:05 3412278                            /usr/lib/i386-linux-gnu/libXrender.so.1.3.0
a20fc000-a2118000 r-xp 00000000 08:05 394241                             /lib/i386-linux-gnu/libgcc_s.so.1
a2118000-a2119000 rw-p 0001b000 08:05 394241                             /lib/i386-linux-gnu/libgcc_s.so.1
a2119000-a21f5000 r-xp 00000000 08:05 3413209                            /usr/lib/i386-linux-gnu/libstdc++.so.6.0.19
a21f5000-a21f9000 r--p 000dc000 08:05 3413209                            /usr/lib/i386-linux-gnu/libstdc++.so.6.0.19
a21f9000-a21fa000 rw-p 000e0000 08:05 3413209                            /usr/lib/i386-linux-gnu/libstdc++.so.6.0.19
a21fa000-a2201000 rw-p 00000000 00:00 0 
a2201000-a225a000 r-xp 00000000 08:05 3540014                            /usr/lib/i386-linux-gnu/mesa/libGL.so.1.2.0
a225a000-a225c000 r--p 00058000 08:05 3540014                            /usr/lib/i386-linux-gnu/mesa/libGL.so.1.2.0
a225c000-a2261000 rwxp 0005a000 08:05 3540014                            /usr/lib/i386-linux-gnu/mesa/libGL.so.1.2.0
a2261000-a2391000 r-xp 00000000 08:05 3413610                            /usr/lib/i386-linux-gnu/libX11.so.6.3.0
a2391000-a2392000 r--p 00130000 08:05 3413610                            /usr/lib/i386-linux-gnu/libX11.so.6.3.0
a2392000-a2394000 rw-p 00131000 08:05 3413610                            /usr/lib/i386-linux-gnu/libX11.so.6.3.0
a2394000-a2395000 rw-p 00000000 00:00 0 
a2395000-a249f000 r-xp 00000000 08:05 394245                             /lib/i386-linux-gnu/libglib-2.0.so.0.4002.0
a249f000-a24a0000 r--p 00109000 08:05 394245                             /lib/i386-linux-gnu/libglib-2.0.so.0.4002.0
a24a0000-a24a1000 rw-p 0010a000 08:05 394245                             /lib/i386-linux-gnu/libglib-2.0.so.0.4002.0
a24a1000-a24f1000 r-xp 00000000 08:05 3413778                            /usr/lib/i386-linux-gnu/libgobject-2.0.so.0.4002.0
a24f1000-a24f2000 r--p 0004f000 08:05 3413778                            /usr/lib/i386-linux-gnu/libgobject-2.0.so.0.4002.0
a24f2000-a24f3000 rw-p 00050000 08:05 3413778                            /usr/lib/i386-linux-gnu/libgobject-2.0.so.0.4002.0
a24f3000-a252c000 r-xp 00000000 08:05 3413740                            /usr/lib/i386-linux-gnu/libfontconfig.so.1.8.0
a252c000-a252d000 r--p 00039000 08:05 3413740                            /usr/lib/i386-linux-gnu/libfontconfig.so.1.8.0
a252d000-a252e000 rw-p 0003a000 08:05 3413740                            /usr/lib/i386-linux-gnu/libfontconfig.so.1.8.0
a252e000-a25c9000 r-xp 00000000 08:05 3411686                            /usr/lib/i386-linux-gnu/libfreetype.so.6.11.1
a25c9000-a25cd000 r--p 0009a000 08:05 3411686                            /usr/lib/i386-linux-gnu/libfreetype.so.6.11.1
a25cd000-a25ce000 rw-p 0009e000 08:05 3411686                            /usr/lib/i386-linux-gnu/libfreetype.so.6.11.1
a25ce000-a2618000 r-xp 00000000 08:05 3413949                            /usr/lib/i386-linux-gnu/libpango-1.0.so.0.3600.3
a2618000-a2619000 ---p 0004a000 08:05 3413949                            /usr/lib/i386-linux-gnu/libpango-1.0.so.0.3600.3
a2619000-a261a000 r--p 0004a000 08:05 3413949                            /usr/lib/i386-linux-gnu/libpango-1.0.so.0.3600.3
a261a000-a261b000 rw-p 0004b000 08:05 3413949                            /usr/lib/i386-linux-gnu/libpango-1.0.so.0.3600.3
a261b000-a273a000 r-xp 00000000 08:05 3411931                            /usr/lib/i386-linux-gnu/libcairo.so.2.11301.0
a273a000-a273c000 r--p 0011e000 08:05 3411931                            /usr/lib/i386-linux-gnu/libcairo.so.2.11301.0
a273c000-a273d000 rw-p 00120000 08:05 3411931                            /usr/lib/i386-linux-gnu/libcairo.so.2.11301.0
a273d000-a273e000 rw-p 00000000 00:00 0 
a273e000-a275f000 r-xp 00000000 08:05 3413762                            /usr/lib/i386-linux-gnu/libgdk_pixbuf-2.0.so.0.3000.7
a275f000-a2760000 r--p 00020000 08:05 3413762                            /usr/lib/i386-linux-gnu/libgdk_pixbuf-2.0.so.0.3000.7
a2760000-a2761000 rw-p 00021000 08:05 3413762                            /usr/lib/i386-linux-gnu/libgdk_pixbuf-2.0.so.0.3000.7
a2761000-a28de000 r-xp 00000000 08:05 3413768                            /usr/lib/i386-linux-gnu/libgio-2.0.so.0.4002.0
a28de000-a28e0000 r--p 0017d000 08:05 3413768                            /usr/lib/i386-linux-gnu/libgio-2.0.so.0.4002.0
a28e0000-a28e1000 rw-p 0017f000 08:05 3413768                            /usr/lib/i386-linux-gnu/libgio-2.0.so.0.4002.0
a28e1000-a28e2000 rw-p 00000000 00:00 0 
a28e2000-a298d000 r-xp 00000000 08:05 3412350                            /usr/lib/i386-linux-gnu/libgdk-x11-2.0.so.0.2400.23
a298d000-a298e000 ---p 000ab000 08:05 3412350                            /usr/lib/i386-linux-gnu/libgdk-x11-2.0.so.0.2400.23
a298e000-a2990000 r--p 000ab000 08:05 3412350                            /usr/lib/i386-linux-gnu/libgdk-x11-2.0.so.0.2400.23
a2990000-a2991000 rw-p 000ad000 08:05 3412350                            /usr/lib/i386-linux-gnu/libgdk-x11-2.0.so.0.2400.23
a2991000-a2df8000 r-xp 00000000 08:05 3412348                            /usr/lib/i386-linux-gnu/libgtk-x11-2.0.so.0.2400.23
a2df8000-a2dfc000 r--p 00466000 08:05 3412348                            /usr/lib/i386-linux-gnu/libgtk-x11-2.0.so.0.2400.23
a2dfc000-a2dfe000 rw-p 0046a000 08:05 3412348                            /usr/lib/i386-linux-gnu/libgtk-x11-2.0.so.0.2400.23
a2dfe000-a2e00000 rw-p 00000000 00:00 0 
a2e00000-a2ee5000 rw-p 00000000 00:00 0 
a2ee5000-a2f00000 ---p 00000000 00:00 0 
a2f00000-a2f02000 r-xp 00000000 08:05 3413635                            /usr/lib/i386-linux-gnu/libXinerama.so.1.0.0
a2f02000-a2f03000 r--p 00001000 08:05 3413635                            /usr/lib/i386-linux-gnu/libXinerama.so.1.0.0
a2f03000-a2f04000 rw-p 00002000 08:05 3413635                            /usr/lib/i386-linux-gnu/libXinerama.so.1.0.0
a2f04000-a2f18000 r-xp 00000000 08:05 3413953                            /usr/lib/i386-linux-gnu/libpangoft2-1.0.so.0.3600.3
a2f18000-a2f19000 r--p 00013000 08:05 3413953                            /usr/lib/i386-linux-gnu/libpangoft2-1.0.so.0.3600.3
a2f19000-a2f1a000 rw-p 00014000 08:05 3413953                            /usr/lib/i386-linux-gnu/libpangoft2-1.0.so.0.3600.3
a2f1a000-a2f1d000 ---p 00000000 00:00 0 
a2f1d000-a2f6b000 rw-p 00000000 00:00 0                                  [stack:3101]
a2f6b000-a3000000 r--s 010fa000 08:05 4075790                            /home/vk/Downloads/jdk1.8.0_45/jre/lib/ext/jfxrt.jar
a3000000-a30fe000 rw-p 00000000 00:00 0 
a30fe000-a3100000 ---p 00000000 00:00 0 
a3100000-a3101000 r-xp 00000000 08:05 3414076                            /usr/lib/i386-linux-gnu/libxshmfence.so.1.0.0
a3101000-a3102000 r--p 00000000 08:05 3414076                            /usr/lib/i386-linux-gnu/libxshmfence.so.1.0.0
a3102000-a3103000 rw-p 00001000 08:05 3414076                            /usr/lib/i386-linux-gnu/libxshmfence.so.1.0.0
a3103000-a3107000 r-xp 00000000 08:05 3413746                            /usr/lib/i386-linux-gnu/libXfixes.so.3.1.0
a3107000-a3108000 r--p 00003000 08:05 3413746                            /usr/lib/i386-linux-gnu/libXfixes.so.3.1.0
a3108000-a3109000 rw-p 00004000 08:05 3413746                            /usr/lib/i386-linux-gnu/libXfixes.so.3.1.0
a3109000-a310a000 ---p 00000000 00:00 0 
a310a000-a318a000 rw-p 00000000 00:00 0                                  [stack:3099]
a318a000-a318d000 ---p 00000000 00:00 0 
a318d000-a31db000 rw-p 00000000 00:00 0                                  [stack:3098]
a31db000-a31de000 ---p 00000000 00:00 0 
a31de000-a325c000 rw-p 00000000 00:00 0                                  [stack:3097]
a325c000-a325f000 ---p 00000000 00:00 0 
a325f000-a32dd000 rw-p 00000000 00:00 0                                  [stack:3096]
a32dd000-a32e0000 ---p 00000000 00:00 0 
a32e0000-a335e000 rw-p 00000000 00:00 0                                  [stack:3095]
a335e000-a3361000 ---p 00000000 00:00 0 
a3361000-a33af000 rw-p 00000000 00:00 0                                  [stack:3092]
a33af000-a33b2000 ---p 00000000 00:00 0 
a33b2000-a3400000 rw-p 00000000 00:00 0                                  [stack:3091]
a3400000-a34f8000 rw-p 00000000 00:00 0 
a34f8000-a3500000 ---p 00000000 00:00 0 
a3500000-a3521000 rw-p 00000000 00:00 0 
a3521000-a3600000 ---p 00000000 00:00 0 
a3600000-a3700000 rw-p 00000000 00:00 0 
a3700000-a3701000 r-xp 00000000 08:05 3413608                            /usr/lib/i386-linux-gnu/libX11-xcb.so.1.0.0
a3701000-a3702000 r--p 00000000 08:05 3413608                            /usr/lib/i386-linux-gnu/libX11-xcb.so.1.0.0
a3702000-a3703000 rw-p 00001000 08:05 3413608                            /usr/lib/i386-linux-gnu/libX11-xcb.so.1.0.0
a3703000-a3707000 r-xp 00000000 08:05 3413655                            /usr/lib/i386-linux-gnu/libXxf86vm.so.1.0.0
a3707000-a3708000 r--p 00004000 08:05 3413655                            /usr/lib/i386-linux-gnu/libXxf86vm.so.1.0.0
a3708000-a3709000 rw-p 00005000 08:05 3413655                            /usr/lib/i386-linux-gnu/libXxf86vm.so.1.0.0
a3709000-a370c000 ---p 00000000 00:00 0 
a370c000-a375a000 rw-p 00000000 00:00 0                                  [stack:3090]
a375a000-a375b000 ---p 00000000 00:00 0 
a375b000-a37db000 rw-p 00000000 00:00 0                                  [stack:3080]
a37db000-a39b4000 r--s 03d09000 08:05 3290510                            /home/vk/Downloads/jdk1.8.0_45/jre/lib/rt.jar
a39b4000-a3dfa000 rw-p 00000000 00:00 0 
a3dfa000-a3e00000 ---p 00000000 00:00 0 
a3e00000-a6200000 rw-p 00000000 00:00 0 
a6200000-a6221000 rw-p 00000000 00:00 0 
a6221000-a6300000 ---p 00000000 00:00 0 
a6300000-a630b000 r-xp 00000000 08:05 3413951                            /usr/lib/i386-linux-gnu/libpangocairo-1.0.so.0.3600.3
a630b000-a630c000 r--p 0000a000 08:05 3413951                            /usr/lib/i386-linux-gnu/libpangocairo-1.0.so.0.3600.3
a630c000-a630d000 rw-p 0000b000 08:05 3413951                            /usr/lib/i386-linux-gnu/libpangocairo-1.0.so.0.3600.3
a630d000-a632b000 r-xp 00000000 08:05 3413667                            /usr/lib/i386-linux-gnu/libatk-1.0.so.0.21009.1
a632b000-a632d000 r--p 0001d000 08:05 3413667                            /usr/lib/i386-linux-gnu/libatk-1.0.so.0.21009.1
a632d000-a632e000 rw-p 0001f000 08:05 3413667                            /usr/lib/i386-linux-gnu/libatk-1.0.so.0.21009.1
a632e000-a6331000 ---p 00000000 00:00 0 
a6331000-a637f000 rw-p 00000000 00:00 0                                  [stack:3089]
a637f000-a6380000 ---p 00000000 00:00 0 
a6380000-a6400000 rw-p 00000000 00:00 0                                  [stack:3079]
a6400000-a649c000 rw-p 00000000 00:00 0 
a649c000-a6500000 ---p 00000000 00:00 0 
a6500000-a6505000 r-xp 00000000 08:05 3413651                            /usr/lib/i386-linux-gnu/libXtst.so.6.1.0
a6505000-a6506000 r--p 00004000 08:05 3413651                            /usr/lib/i386-linux-gnu/libXtst.so.6.1.0
a6506000-a6507000 rw-p 00005000 08:05 3413651                            /usr/lib/i386-linux-gnu/libXtst.so.6.1.0
a6507000-a650a000 r-xp 00000000 08:05 3413772                            /usr/lib/i386-linux-gnu/libgmodule-2.0.so.0.4002.0
a650a000-a650b000 r--p 00002000 08:05 3413772                            /usr/lib/i386-linux-gnu/libgmodule-2.0.so.0.4002.0
a650b000-a650c000 rw-p 00003000 08:05 3413772                            /usr/lib/i386-linux-gnu/libgmodule-2.0.so.0.4002.0
a6523000-a652c000 r-xp 00000000 08:05 3539939                            /usr/lib/i386-linux-gnu/gtk-2.0/2.10.0/engines/libpixmap.so
a652c000-a652d000 r--p 00008000 08:05 3539939                            /usr/lib/i386-linux-gnu/gtk-2.0/2.10.0/engines/libpixmap.so
a652d000-a652e000 rw-p 00009000 08:05 3539939                            /usr/lib/i386-linux-gnu/gtk-2.0/2.10.0/engines/libpixmap.so
a652e000-a6531000 ---p 00000000 00:00 0 
a6531000-a657f000 rw-p 00000000 00:00 0                                  [stack:3082]
a657f000-a6580000 ---p 00000000 00:00 0 
a6580000-a6600000 rw-p 00000000 00:00 0                                  [stack:3078]
a6600000-a66f9000 rw-p 00000000 00:00 0 
a66f9000-a6700000 ---p 00000000 00:00 0 
a6701000-a6702000 r-xp 00000000 08:05 3413866                            /usr/lib/i386-linux-gnu/libgthread-2.0.so.0.4002.0
a6702000-a6703000 r--p 00000000 08:05 3413866                            /usr/lib/i386-linux-gnu/libgthread-2.0.so.0.4002.0
a6703000-a6704000 rw-p 00001000 08:05 3413866                            /usr/lib/i386-linux-gnu/libgthread-2.0.so.0.4002.0
a6704000-a670f000 r-xp 00000000 08:05 3943428                            /home/vk/Downloads/jdk1.8.0_45/jre/lib/i386/libprism_es2.so
a670f000-a6710000 r--p 0000a000 08:05 3943428                            /home/vk/Downloads/jdk1.8.0_45/jre/lib/i386/libprism_es2.so
a6710000-a6711000 rw-p 0000b000 08:05 3943428                            /home/vk/Downloads/jdk1.8.0_45/jre/lib/i386/libprism_es2.so
a6711000-a671b000 r--s 00069000 08:05 3290478                            /home/vk/Downloads/jdk1.8.0_45/jre/lib/javaws.jar
a671b000-a672e000 r--s 000d6000 08:05 3290445                            /home/vk/Downloads/jdk1.8.0_45/jre/lib/plugin.jar
a672e000-a6731000 ---p 00000000 00:00 0 
a6731000-a677f000 rw-p 00000000 00:00 0                                  [stack:3081]
a677f000-a6780000 ---p 00000000 00:00 0 
a6780000-a6800000 rw-p 00000000 00:00 0                                  [stack:3077]
a6800000-a6886000 rw-p 00000000 00:00 0 
a6886000-a6900000 ---p 00000000 00:00 0 
a6901000-a6902000 rw-p 00000000 00:00 0 
a6902000-a691c000 r--s 001f3000 08:05 3290450                            /home/vk/Downloads/jdk1.8.0_45/jre/lib/deploy.jar
a691c000-a692f000 r--s 00344000 08:05 3290497                            /home/vk/Downloads/jdk1.8.0_45/jre/lib/resources.jar
a692f000-a697e000 rw-p 00000000 00:00 0 
a697e000-a697f000 ---p 00000000 00:00 0 
a697f000-a6a15000 rw-p 00000000 00:00 0                                  [stack:3076]
a6a15000-a6b54000 ---p 00000000 00:00 0 
a6b54000-a6b5f000 rw-p 00000000 00:00 0 
a6b5f000-a6bff000 ---p 00000000 00:00 0 
a6bff000-a96c0000 rw-p 00000000 00:00 0 
a96c0000-d16c0000 ---p 00000000 00:00 0 
d16c0000-d2c00000 rw-p 00000000 00:00 0 
d2c00000-e6c00000 ---p 00000000 00:00 0 
e6c00000-e6c02000 rw-p 00000000 00:00 0 
e6c02000-e6c07000 r--s 00094000 08:05 3290514                            /home/vk/Downloads/jdk1.8.0_45/jre/lib/jsse.jar
e6c07000-e6c90000 rw-p 00000000 00:00 0 
e6c90000-e6dd0000 ---p 00000000 00:00 0 
e6dd0000-e6dd9000 rw-p 00000000 00:00 0 
e6dd9000-e7190000 ---p 00000000 00:00 0 
e7190000-e73d0000 rwxp 00000000 00:00 0 
e73d0000-f6190000 ---p 00000000 00:00 0 
f6190000-f6300000 r--p 002c8000 08:05 3414305                            /usr/lib/locale/locale-archive
f6300000-f6500000 r--p 00000000 08:05 3414305                            /usr/lib/locale/locale-archive
f6500000-f65fe000 rw-p 00000000 00:00 0 
f65fe000-f6600000 ---p 00000000 00:00 0 
f6600000-f6605000 r--s 00083000 08:05 3290460                            /home/vk/Downloads/jdk1.8.0_45/jre/lib/jfr.jar
f6605000-f6608000 r--s 0001a000 08:05 3290475                            /home/vk/Downloads/jdk1.8.0_45/jre/lib/jce.jar
f6608000-f660d000 r--s 002f8000 08:05 3290481                            /home/vk/Downloads/jdk1.8.0_45/jre/lib/charsets.jar
f660d000-f6618000 r-xp 00000000 08:05 393406                             /lib/i386-linux-gnu/libnss_files-2.19.so
f6618000-f6619000 r--p 0000a000 08:05 393406                             /lib/i386-linux-gnu/libnss_files-2.19.so
f6619000-f661a000 rw-p 0000b000 08:05 393406                             /lib/i386-linux-gnu/libnss_files-2.19.so
f661a000-f6624000 r-xp 00000000 08:05 393392                             /lib/i386-linux-gnu/libnss_nis-2.19.so
f6624000-f6625000 r--p 00009000 08:05 393392                             /lib/i386-linux-gnu/libnss_nis-2.19.so
f6625000-f6626000 rw-p 0000a000 08:05 393392                             /lib/i386-linux-gnu/libnss_nis-2.19.so
f6626000-f663b000 r-xp 00000000 08:05 393393                             /lib/i386-linux-gnu/libnsl-2.19.so
f663b000-f663c000 r--p 00015000 08:05 393393                             /lib/i386-linux-gnu/libnsl-2.19.so
f663c000-f663d000 rw-p 00016000 08:05 393393                             /lib/i386-linux-gnu/libnsl-2.19.so
f663d000-f663f000 rw-p 00000000 00:00 0 
f663f000-f6658000 r-xp 00000000 08:05 3943470                            /home/vk/Downloads/jdk1.8.0_45/jre/lib/i386/libzip.so
f6658000-f6659000 rw-p 00018000 08:05 3943470                            /home/vk/Downloads/jdk1.8.0_45/jre/lib/i386/libzip.so
f6659000-f6661000 rw-s 00000000 08:05 3290755                            /tmp/hsperfdata_vk/3071
f6661000-f6698000 r-xp 00000000 08:05 3943460                            /home/vk/Downloads/jdk1.8.0_45/jre/lib/i386/libjdwp.so
f6698000-f6699000 rw-p 00037000 08:05 3943460                            /home/vk/Downloads/jdk1.8.0_45/jre/lib/i386/libjdwp.so
f6699000-f66bd000 r-xp 00000000 08:05 3943465                            /home/vk/Downloads/jdk1.8.0_45/jre/lib/i386/libjava.so
f66bd000-f66be000 rw-p 00023000 08:05 3943465                            /home/vk/Downloads/jdk1.8.0_45/jre/lib/i386/libjava.so
f66be000-f66c5000 r-xp 00000000 08:05 393407                             /lib/i386-linux-gnu/librt-2.19.so
f66c5000-f66c6000 r--p 00006000 08:05 393407                             /lib/i386-linux-gnu/librt-2.19.so
f66c6000-f66c7000 rw-p 00007000 08:05 393407                             /lib/i386-linux-gnu/librt-2.19.so
f66c7000-f66ca000 ---p 00000000 00:00 0 
f66ca000-f6718000 rw-p 00000000 00:00 0                                  [stack:3072]
f6718000-f675c000 r-xp 00000000 08:05 393397                             /lib/i386-linux-gnu/libm-2.19.so
f675c000-f675d000 r--p 00043000 08:05 393397                             /lib/i386-linux-gnu/libm-2.19.so
f675d000-f675e000 rw-p 00044000 08:05 393397                             /lib/i386-linux-gnu/libm-2.19.so
f675e000-f70d1000 r-xp 00000000 08:05 3943452                            /home/vk/Downloads/jdk1.8.0_45/jre/lib/i386/server/libjvm.so
f70d1000-f713d000 rw-p 00972000 08:05 3943452                            /home/vk/Downloads/jdk1.8.0_45/jre/lib/i386/server/libjvm.so
f713d000-f7563000 rw-p 00000000 00:00 0 
f7563000-f770b000 r-xp 00000000 08:05 393389                             /lib/i386-linux-gnu/libc-2.19.so
f770b000-f770d000 r--p 001a8000 08:05 393389                             /lib/i386-linux-gnu/libc-2.19.so
f770d000-f770e000 rw-p 001aa000 08:05 393389                             /lib/i386-linux-gnu/libc-2.19.so
f770e000-f7711000 rw-p 00000000 00:00 0 
f7711000-f7714000 r-xp 00000000 08:05 393390                             /lib/i386-linux-gnu/libdl-2.19.so
f7714000-f7715000 r--p 00002000 08:05 393390                             /lib/i386-linux-gnu/libdl-2.19.so
f7715000-f7716000 rw-p 00003000 08:05 393390                             /lib/i386-linux-gnu/libdl-2.19.so
f7716000-f772a000 r-xp 00000000 08:05 1718170                            /home/vk/Downloads/jdk1.8.0_45/lib/i386/jli/libjli.so
f772a000-f772b000 rw-p 00014000 08:05 1718170                            /home/vk/Downloads/jdk1.8.0_45/lib/i386/jli/libjli.so
f772b000-f772c000 rw-p 00000000 00:00 0 
f772c000-f7744000 r-xp 00000000 08:05 393402                             /lib/i386-linux-gnu/libpthread-2.19.so
f7744000-f7745000 r--p 00018000 08:05 393402                             /lib/i386-linux-gnu/libpthread-2.19.so
f7745000-f7746000 rw-p 00019000 08:05 393402                             /lib/i386-linux-gnu/libpthread-2.19.so
f7746000-f7748000 rw-p 00000000 00:00 0 
f7748000-f7749000 r--s 00000000 08:05 3290476                            /home/vk/Downloads/jdk1.8.0_45/jre/lib/management-agent.jar
f7749000-f774b000 r--s 00007000 08:05 3290473                            /home/vk/Downloads/jdk1.8.0_45/jre/lib/jfxswt.jar
f774b000-f774e000 r-xp 00000000 08:05 3943431                            /home/vk/Downloads/jdk1.8.0_45/jre/lib/i386/libdt_socket.so
f774e000-f774f000 rw-p 00003000 08:05 3943431                            /home/vk/Downloads/jdk1.8.0_45/jre/lib/i386/libdt_socket.so
f774f000-f7756000 r-xp 00000000 08:05 393398                             /lib/i386-linux-gnu/libnss_compat-2.19.so
f7756000-f7757000 r--p 00006000 08:05 393398                             /lib/i386-linux-gnu/libnss_compat-2.19.so
f7757000-f7758000 rw-p 00007000 08:05 393398                             /lib/i386-linux-gnu/libnss_compat-2.19.so
f7758000-f7759000 r--p 002c5000 08:05 3414305                            /usr/lib/locale/locale-archive
f7759000-f775b000 r-xp 00000000 08:05 3943445                            /home/vk/Downloads/jdk1.8.0_45/jre/lib/i386/libnpt.so
f775b000-f775c000 rw-p 00001000 08:05 3943445                            /home/vk/Downloads/jdk1.8.0_45/jre/lib/i386/libnpt.so
f775c000-f775d000 rw-p 00000000 00:00 0 
f775d000-f775e000 r--p 00000000 00:00 0 
f775e000-f7769000 r-xp 00000000 08:05 3943418                            /home/vk/Downloads/jdk1.8.0_45/jre/lib/i386/libverify.so
f7769000-f776a000 rw-p 0000b000 08:05 3943418                            /home/vk/Downloads/jdk1.8.0_45/jre/lib/i386/libverify.so
f776a000-f776c000 rw-p 00000000 00:00 0 
f776c000-f776d000 r-xp 00000000 00:00 0                                  [vdso]
f776d000-f778d000 r-xp 00000000 08:05 393391                             /lib/i386-linux-gnu/ld-2.19.so
f778d000-f778e000 r--p 0001f000 08:05 393391                             /lib/i386-linux-gnu/ld-2.19.so
f778e000-f778f000 rw-p 00020000 08:05 393391                             /lib/i386-linux-gnu/ld-2.19.so
ffc17000-ffc18000 rwxp 00000000 00:00 0 
ffc4a000-ffc6b000 rw-p 00000000 00:00 0                                  [stack]

VM Arguments:
jvm_args: -agentlib:jdwp=transport=dt_socket,address=127.0.0.1:50862,suspend=y,server=n -Dfile.encoding=UTF-8 
java_command: sample.Main
java_class_path (initial): /home/vk/Downloads/jdk1.8.0_45/jre/lib/resources.jar:/home/vk/Downloads/jdk1.8.0_45/jre/lib/charsets.jar:/home/vk/Downloads/jdk1.8.0_45/jre/lib/jfxswt.jar:/home/vk/Downloads/jdk1.8.0_45/jre/lib/management-agent.jar:/home/vk/Downloads/jdk1.8.0_45/jre/lib/jce.jar:/home/vk/Downloads/jdk1.8.0_45/jre/lib/deploy.jar:/home/vk/Downloads/jdk1.8.0_45/jre/lib/rt.jar:/home/vk/Downloads/jdk1.8.0_45/jre/lib/plugin.jar:/home/vk/Downloads/jdk1.8.0_45/jre/lib/javaws.jar:/home/vk/Downloads/jdk1.8.0_45/jre/lib/jfr.jar:/home/vk/Downloads/jdk1.8.0_45/jre/lib/jsse.jar:/home/vk/Downloads/jdk1.8.0_45/jre/lib/ext/nashorn.jar:/home/vk/Downloads/jdk1.8.0_45/jre/lib/ext/localedata.jar:/home/vk/Downloads/jdk1.8.0_45/jre/lib/ext/dnsns.jar:/home/vk/Downloads/jdk1.8.0_45/jre/lib/ext/sunec.jar:/home/vk/Downloads/jdk1.8.0_45/jre/lib/ext/jfxrt.jar:/home/vk/Downloads/jdk1.8.0_45/jre/lib/ext/zipfs.jar:/home/vk/Downloads/jdk1.8.0_45/jre/lib/ext/sunjce_provider.jar:/home/vk/Downloads/jdk1.8.0_45/jre/lib/ext/cldrdata.jar:/home/vk/Downloads/jdk1.8.0_45/jre/lib/ext/sunpkcs11.jar:/home/vk/Dropbox/NAAI/out/production/NAAI:/home/vk/IDEs/idea-IU-139.1117.1/lib/idea_rt.jar
Launcher Type: SUN_STANDARD

Environment Variables:
CLASSPATH=/home/vk/IDEs/idea-IU-139.1117.1/bin/../lib/bootstrap.jar:/home/vk/IDEs/idea-IU-139.1117.1/bin/../lib/extensions.jar:/home/vk/IDEs/idea-IU-139.1117.1/bin/../lib/util.jar:/home/vk/IDEs/idea-IU-139.1117.1/bin/../lib/jdom.jar:/home/vk/IDEs/idea-IU-139.1117.1/bin/../lib/log4j.jar:/home/vk/IDEs/idea-IU-139.1117.1/bin/../lib/trove4j.jar:/home/vk/IDEs/idea-IU-139.1117.1/bin/../lib/jna.jar:/usr/lib/jvm/java-7-openjdk-amd64/lib/tools.jar
PATH=/usr/local/sbin:/usr/local/bin:/usr/sbin:/usr/bin:/sbin:/bin:/usr/games:/usr/local/games
USERNAME=vk
LD_LIBRARY_PATH=/home/vk/IDEs/idea-IU-139.1117.1/bin:
SHELL=/bin/bash
DISPLAY=:0.0

Signal Handlers:
SIGSEGV: [libjvm.so+0x8c29a0], sa_mask[0]=11111111011111111101111111111110, sa_flags=SA_RESTART|SA_SIGINFO
SIGBUS: [libjvm.so+0x8c29a0], sa_mask[0]=11111111011111111101111111111110, sa_flags=SA_RESTART|SA_SIGINFO
SIGFPE: [libjvm.so+0x7432d0], sa_mask[0]=11111111011111111101111111111110, sa_flags=SA_RESTART|SA_SIGINFO
SIGPIPE: SIG_IGN, sa_mask[0]=00000000000010000000000000000000, sa_flags=SA_RESTART
SIGXFSZ: [libjvm.so+0x7432d0], sa_mask[0]=11111111011111111101111111111110, sa_flags=SA_RESTART|SA_SIGINFO
SIGILL: [libjvm.so+0x7432d0], sa_mask[0]=11111111011111111101111111111110, sa_flags=SA_RESTART|SA_SIGINFO
SIGUSR1: SIG_DFL, sa_mask[0]=00000000000000000000000000000000, sa_flags=none
SIGUSR2: [libjvm.so+0x744860], sa_mask[0]=00100000000000000000000000000000, sa_flags=SA_RESTART|SA_SIGINFO
SIGHUP: [libjvm.so+0x745d10], sa_mask[0]=11111111011111111101111111111110, sa_flags=SA_RESTART|SA_SIGINFO
SIGINT: [libjvm.so+0x745d10], sa_mask[0]=11111111011111111101111111111110, sa_flags=SA_RESTART|SA_SIGINFO
SIGTERM: [libjvm.so+0x745d10], sa_mask[0]=11111111011111111101111111111110, sa_flags=SA_RESTART|SA_SIGINFO
SIGQUIT: [libjvm.so+0x745d10], sa_mask[0]=11111111011111111101111111111110, sa_flags=SA_RESTART|SA_SIGINFO


---------------  S Y S T E M  ---------------

OS:DISTRIB_ID=LinuxMint
DISTRIB_RELEASE=17.1
DISTRIB_CODENAME=rebecca
DISTRIB_DESCRIPTION="Linux Mint 17.1 Rebecca"

uname:Linux 3.13.0-37-generic #64-Ubuntu SMP Mon Sep 22 21:28:38 UTC 2014 x86_64
libc:glibc 2.19 NPTL 2.19 
rlimit: STACK 8192k, CORE 0k, NPROC 62006, NOFILE 4096, AS infinity
load average:1,18 0,41 0,29

/proc/meminfo:
MemTotal:        7967976 kB
MemFree:         5284012 kB
Buffers:          115904 kB
Cached:          1256944 kB
SwapCached:            0 kB
Active:          1573804 kB
Inactive:         915572 kB
Active(anon):    1117484 kB
Inactive(anon):   125424 kB
Active(file):     456320 kB
Inactive(file):   790148 kB
Unevictable:          52 kB
Mlocked:              52 kB
SwapTotal:       8177660 kB
SwapFree:        8177660 kB
Dirty:             21368 kB
Writeback:             0 kB
AnonPages:       1116608 kB
Mapped:           198924 kB
Shmem:            126368 kB
Slab:              98416 kB
SReclaimable:      74528 kB
SUnreclaim:        23888 kB
KernelStack:        4120 kB
PageTables:        21396 kB
NFS_Unstable:          0 kB
Bounce:                0 kB
WritebackTmp:          0 kB
CommitLimit:    12161648 kB
Committed_AS:    3209572 kB
VmallocTotal:   34359738367 kB
VmallocUsed:      553352 kB
VmallocChunk:   34359178076 kB
HardwareCorrupted:     0 kB
AnonHugePages:    755712 kB
HugePages_Total:       0
HugePages_Free:        0
HugePages_Rsvd:        0
HugePages_Surp:        0
Hugepagesize:       2048 kB
DirectMap4k:       63544 kB
DirectMap2M:     8116224 kB


CPU:total 4 (2 cores per cpu, 2 threads per core) family 6 model 37 stepping 5, cmov, cx8, fxsr, mmx, sse, sse2, sse3, ssse3, sse4.1, sse4.2, popcnt, aes, clmul, ht, tsc, tscinvbit

/proc/cpuinfo:
processor	: 0
vendor_id	: GenuineIntel
cpu family	: 6
model		: 37
model name	: Intel(R) Core(TM) i5 CPU       M 560  @ 2.67GHz
stepping	: 5
microcode	: 0x2
cpu MHz		: 2667.000
cache size	: 3072 KB
physical id	: 0
siblings	: 4
core id		: 0
cpu cores	: 2
apicid		: 0
initial apicid	: 0
fpu		: yes
fpu_exception	: yes
cpuid level	: 11
wp		: yes
flags		: fpu vme de pse tsc msr pae mce cx8 apic sep mtrr pge mca cmov pat pse36 clflush dts acpi mmx fxsr sse sse2 ss ht tm pbe syscall nx rdtscp lm constant_tsc arch_perfmon pebs bts rep_good nopl xtopology nonstop_tsc aperfmperf pni pclmulqdq dtes64 monitor ds_cpl vmx smx est tm2 ssse3 cx16 xtpr pdcm pcid sse4_1 sse4_2 popcnt aes lahf_lm ida arat dtherm tpr_shadow vnmi flexpriority ept vpid
bogomips	: 5319.61
clflush size	: 64
cache_alignment	: 64
address sizes	: 36 bits physical, 48 bits virtual
power management:

processor	: 1
vendor_id	: GenuineIntel
cpu family	: 6
model		: 37
model name	: Intel(R) Core(TM) i5 CPU       M 560  @ 2.67GHz
stepping	: 5
microcode	: 0x2
cpu MHz		: 2667.000
cache size	: 3072 KB
physical id	: 0
siblings	: 4
core id		: 0
cpu cores	: 2
apicid		: 1
initial apicid	: 1
fpu		: yes
fpu_exception	: yes
cpuid level	: 11
wp		: yes
flags		: fpu vme de pse tsc msr pae mce cx8 apic sep mtrr pge mca cmov pat pse36 clflush dts acpi mmx fxsr sse sse2 ss ht tm pbe syscall nx rdtscp lm constant_tsc arch_perfmon pebs bts rep_good nopl xtopology nonstop_tsc aperfmperf pni pclmulqdq dtes64 monitor ds_cpl vmx smx est tm2 ssse3 cx16 xtpr pdcm pcid sse4_1 sse4_2 popcnt aes lahf_lm ida arat dtherm tpr_shadow vnmi flexpriority ept vpid
bogomips	: 5319.61
clflush size	: 64
cache_alignment	: 64
address sizes	: 36 bits physical, 48 bits virtual
power management:

processor	: 2
vendor_id	: GenuineIntel
cpu family	: 6
model		: 37
model name	: Intel(R) Core(TM) i5 CPU       M 560  @ 2.67GHz
stepping	: 5
microcode	: 0x2
cpu MHz		: 2667.000
cache size	: 3072 KB
physical id	: 0
siblings	: 4
core id		: 2
cpu cores	: 2
apicid		: 4
initial apicid	: 4
fpu		: yes
fpu_exception	: yes
cpuid level	: 11
wp		: yes
flags		: fpu vme de pse tsc msr pae mce cx8 apic sep mtrr pge mca cmov pat pse36 clflush dts acpi mmx fxsr sse sse2 ss ht tm pbe syscall nx rdtscp lm constant_tsc arch_perfmon pebs bts rep_good nopl xtopology nonstop_tsc aperfmperf pni pclmulqdq dtes64 monitor ds_cpl vmx smx est tm2 ssse3 cx16 xtpr pdcm pcid sse4_1 sse4_2 popcnt aes lahf_lm ida arat dtherm tpr_shadow vnmi flexpriority ept vpid
bogomips	: 5319.61
clflush size	: 64
cache_alignment	: 64
address sizes	: 36 bits physical, 48 bits virtual
power management:

processor	: 3
vendor_id	: GenuineIntel
cpu family	: 6
model		: 37
model name	: Intel(R) Core(TM) i5 CPU       M 560  @ 2.67GHz
stepping	: 5
microcode	: 0x2
cpu MHz		: 2667.000
cache size	: 3072 KB
physical id	: 0
siblings	: 4
core id		: 2
cpu cores	: 2
apicid		: 5
initial apicid	: 5
fpu		: yes
fpu_exception	: yes
cpuid level	: 11
wp		: yes
flags		: fpu vme de pse tsc msr pae mce cx8 apic sep mtrr pge mca cmov pat pse36 clflush dts acpi mmx fxsr sse sse2 ss ht tm pbe syscall nx rdtscp lm constant_tsc arch_perfmon pebs bts rep_good nopl xtopology nonstop_tsc aperfmperf pni pclmulqdq dtes64 monitor ds_cpl vmx smx est tm2 ssse3 cx16 xtpr pdcm pcid sse4_1 sse4_2 popcnt aes lahf_lm ida arat dtherm tpr_shadow vnmi flexpriority ept vpid
bogomips	: 5319.61
clflush size	: 64
cache_alignment	: 64
address sizes	: 36 bits physical, 48 bits virtual
power management:



Memory: 4k page, physical 7967976k(5284012k free), swap 8177660k(8177660k free)

vm_info: Java HotSpot(TM) Server VM (25.45-b02) for linux-x86 JRE (1.8.0_45-b14), built on Apr 10 2015 10:38:30 by "java_re" with gcc 4.3.0 20080428 (Red Hat 4.3.0-8)

time: Sun Aug  2 11:16:38 2015
elapsed time: 2028 seconds (0d 0h 33m 48s)

